<?xml version="1.0" encoding="UTF-8"?>
<testsuite xmlns:xsi="http://www.w3.org/2001/XMLSchema-instance" xsi:noNamespaceSchemaLocation="https://maven.apache.org/surefire/maven-surefire-plugin/xsd/surefire-test-report-3.0.xsd" version="3.0" name="TestSuite" time="195.481" tests="45" errors="0" skipped="0" failures="0">
  <properties>
    <property name="java.specification.version" value="15"/>
    <property name="webdriver.chrome.driver" value="/Users/yinonwishi/.cache/selenium/chromedriver/mac64/91.0.4472.101/chromedriver"/>
    <property name="sun.jnu.encoding" value="UTF-8"/>
    <property name="java.class.path" value="/Users/yinonwishi/newWishiproject/target/test-classes:/Users/yinonwishi/newWishiproject/target/classes:/Users/yinonwishi/.m2/repository/org/aspectj/aspectjweaver/1.9.6/aspectjweaver-1.9.6.jar:/Users/yinonwishi/.m2/repository/org/seleniumhq/selenium/selenium-java/4.0.0-beta-2/selenium-java-4.0.0-beta-2.jar:/Users/yinonwishi/.m2/repository/org/seleniumhq/selenium/selenium-api/4.0.0-beta-2/selenium-api-4.0.0-beta-2.jar:/Users/yinonwishi/.m2/repository/org/seleniumhq/selenium/selenium-chrome-driver/4.0.0-beta-2/selenium-chrome-driver-4.0.0-beta-2.jar:/Users/yinonwishi/.m2/repository/com/google/auto/service/auto-service-annotations/1.0-rc7/auto-service-annotations-1.0-rc7.jar:/Users/yinonwishi/.m2/repository/com/google/auto/service/auto-service/1.0-rc7/auto-service-1.0-rc7.jar:/Users/yinonwishi/.m2/repository/com/google/auto/auto-common/0.10/auto-common-0.10.jar:/Users/yinonwishi/.m2/repository/com/google/guava/guava/30.1-jre/guava-30.1-jre.jar:/Users/yinonwishi/.m2/repository/com/google/guava/failureaccess/1.0.1/failureaccess-1.0.1.jar:/Users/yinonwishi/.m2/repository/com/google/guava/listenablefuture/9999.0-empty-to-avoid-conflict-with-guava/listenablefuture-9999.0-empty-to-avoid-conflict-with-guava.jar:/Users/yinonwishi/.m2/repository/com/google/code/findbugs/jsr305/3.0.2/jsr305-3.0.2.jar:/Users/yinonwishi/.m2/repository/org/checkerframework/checker-qual/3.5.0/checker-qual-3.5.0.jar:/Users/yinonwishi/.m2/repository/com/google/errorprone/error_prone_annotations/2.3.4/error_prone_annotations-2.3.4.jar:/Users/yinonwishi/.m2/repository/com/google/j2objc/j2objc-annotations/1.3/j2objc-annotations-1.3.jar:/Users/yinonwishi/.m2/repository/org/seleniumhq/selenium/selenium-chromium-driver/4.0.0-beta-2/selenium-chromium-driver-4.0.0-beta-2.jar:/Users/yinonwishi/.m2/repository/org/seleniumhq/selenium/selenium-devtools/4.0.0-beta-2/selenium-devtools-4.0.0-beta-2.jar:/Users/yinonwishi/.m2/repository/org/seleniumhq/selenium/selenium-http/4.0.0-beta-2/selenium-http-4.0.0-beta-2.jar:/Users/yinonwishi/.m2/repository/org/seleniumhq/selenium/selenium-json/4.0.0-beta-2/selenium-json-4.0.0-beta-2.jar:/Users/yinonwishi/.m2/repository/org/seleniumhq/selenium/selenium-devtools-v85/4.0.0-beta-2/selenium-devtools-v85-4.0.0-beta-2.jar:/Users/yinonwishi/.m2/repository/org/seleniumhq/selenium/selenium-devtools-v86/4.0.0-beta-2/selenium-devtools-v86-4.0.0-beta-2.jar:/Users/yinonwishi/.m2/repository/org/seleniumhq/selenium/selenium-devtools-v87/4.0.0-beta-2/selenium-devtools-v87-4.0.0-beta-2.jar:/Users/yinonwishi/.m2/repository/org/seleniumhq/selenium/selenium-devtools-v88/4.0.0-beta-2/selenium-devtools-v88-4.0.0-beta-2.jar:/Users/yinonwishi/.m2/repository/org/seleniumhq/selenium/selenium-devtools-v89/4.0.0-beta-2/selenium-devtools-v89-4.0.0-beta-2.jar:/Users/yinonwishi/.m2/repository/org/seleniumhq/selenium/selenium-edge-driver/4.0.0-beta-2/selenium-edge-driver-4.0.0-beta-2.jar:/Users/yinonwishi/.m2/repository/org/seleniumhq/selenium/selenium-firefox-driver/4.0.0-beta-2/selenium-firefox-driver-4.0.0-beta-2.jar:/Users/yinonwishi/.m2/repository/org/seleniumhq/selenium/selenium-firefox-xpi-driver/4.0.0-beta-2/selenium-firefox-xpi-driver-4.0.0-beta-2.jar:/Users/yinonwishi/.m2/repository/org/seleniumhq/selenium/selenium-ie-driver/4.0.0-beta-2/selenium-ie-driver-4.0.0-beta-2.jar:/Users/yinonwishi/.m2/repository/org/seleniumhq/selenium/selenium-opera-driver/4.0.0-beta-2/selenium-opera-driver-4.0.0-beta-2.jar:/Users/yinonwishi/.m2/repository/org/seleniumhq/selenium/selenium-remote-driver/4.0.0-beta-2/selenium-remote-driver-4.0.0-beta-2.jar:/Users/yinonwishi/.m2/repository/io/netty/netty-buffer/4.1.58.Final/netty-buffer-4.1.58.Final.jar:/Users/yinonwishi/.m2/repository/io/netty/netty-codec-http/4.1.58.Final/netty-codec-http-4.1.58.Final.jar:/Users/yinonwishi/.m2/repository/io/netty/netty-codec/4.1.58.Final/netty-codec-4.1.58.Final.jar:/Users/yinonwishi/.m2/repository/io/netty/netty-handler/4.1.58.Final/netty-handler-4.1.58.Final.jar:/Users/yinonwishi/.m2/repository/io/netty/netty-common/4.1.58.Final/netty-common-4.1.58.Final.jar:/Users/yinonwishi/.m2/repository/io/netty/netty-transport-native-epoll/4.1.58.Final/netty-transport-native-epoll-4.1.58.Final.jar:/Users/yinonwishi/.m2/repository/io/netty/netty-transport-native-kqueue/4.1.58.Final/netty-transport-native-kqueue-4.1.58.Final.jar:/Users/yinonwishi/.m2/repository/io/netty/netty-transport-native-unix-common/4.1.58.Final/netty-transport-native-unix-common-4.1.58.Final.jar:/Users/yinonwishi/.m2/repository/io/netty/netty-transport/4.1.58.Final/netty-transport-4.1.58.Final.jar:/Users/yinonwishi/.m2/repository/io/netty/netty-resolver/4.1.58.Final/netty-resolver-4.1.58.Final.jar:/Users/yinonwishi/.m2/repository/io/opentelemetry/opentelemetry-api/1.0.0/opentelemetry-api-1.0.0.jar:/Users/yinonwishi/.m2/repository/io/opentelemetry/opentelemetry-context/1.0.0/opentelemetry-context-1.0.0.jar:/Users/yinonwishi/.m2/repository/io/opentelemetry/opentelemetry-exporter-logging/1.0.0/opentelemetry-exporter-logging-1.0.0.jar:/Users/yinonwishi/.m2/repository/io/opentelemetry/opentelemetry-sdk-metrics/1.0.0-alpha/opentelemetry-sdk-metrics-1.0.0-alpha.jar:/Users/yinonwishi/.m2/repository/io/opentelemetry/opentelemetry-sdk-common/1.0.0/opentelemetry-sdk-common-1.0.0.jar:/Users/yinonwishi/.m2/repository/io/opentelemetry/opentelemetry-sdk-extension-autoconfigure/1.0.0-alpha/opentelemetry-sdk-extension-autoconfigure-1.0.0-alpha.jar:/Users/yinonwishi/.m2/repository/io/opentelemetry/opentelemetry-sdk-trace/1.0.0/opentelemetry-sdk-trace-1.0.0.jar:/Users/yinonwishi/.m2/repository/io/opentelemetry/opentelemetry-api-metrics/1.0.0-alpha/opentelemetry-api-metrics-1.0.0-alpha.jar:/Users/yinonwishi/.m2/repository/io/opentelemetry/opentelemetry-sdk/1.0.0/opentelemetry-sdk-1.0.0.jar:/Users/yinonwishi/.m2/repository/io/opentelemetry/opentelemetry-semconv/1.0.0-alpha/opentelemetry-semconv-1.0.0-alpha.jar:/Users/yinonwishi/.m2/repository/net/bytebuddy/byte-buddy/1.10.19/byte-buddy-1.10.19.jar:/Users/yinonwishi/.m2/repository/org/apache/commons/commons-exec/1.3/commons-exec-1.3.jar:/Users/yinonwishi/.m2/repository/org/asynchttpclient/async-http-client/2.12.2/async-http-client-2.12.2.jar:/Users/yinonwishi/.m2/repository/org/asynchttpclient/async-http-client-netty-utils/2.12.2/async-http-client-netty-utils-2.12.2.jar:/Users/yinonwishi/.m2/repository/io/netty/netty-codec-socks/4.1.53.Final/netty-codec-socks-4.1.53.Final.jar:/Users/yinonwishi/.m2/repository/io/netty/netty-handler-proxy/4.1.53.Final/netty-handler-proxy-4.1.53.Final.jar:/Users/yinonwishi/.m2/repository/io/netty/netty-transport-native-epoll/4.1.53.Final/netty-transport-native-epoll-4.1.53.Final-linux-x86_64.jar:/Users/yinonwishi/.m2/repository/io/netty/netty-transport-native-kqueue/4.1.53.Final/netty-transport-native-kqueue-4.1.53.Final-osx-x86_64.jar:/Users/yinonwishi/.m2/repository/org/reactivestreams/reactive-streams/1.0.3/reactive-streams-1.0.3.jar:/Users/yinonwishi/.m2/repository/com/typesafe/netty/netty-reactive-streams/2.0.4/netty-reactive-streams-2.0.4.jar:/Users/yinonwishi/.m2/repository/com/sun/activation/jakarta.activation/1.2.2/jakarta.activation-1.2.2.jar:/Users/yinonwishi/.m2/repository/org/seleniumhq/selenium/selenium-safari-driver/4.0.0-beta-2/selenium-safari-driver-4.0.0-beta-2.jar:/Users/yinonwishi/.m2/repository/org/seleniumhq/selenium/selenium-support/4.0.0-beta-2/selenium-support-4.0.0-beta-2.jar:/Users/yinonwishi/.m2/repository/org/apache/poi/poi-ooxml/4.1.2/poi-ooxml-4.1.2.jar:/Users/yinonwishi/.m2/repository/org/apache/poi/poi/4.1.2/poi-4.1.2.jar:/Users/yinonwishi/.m2/repository/commons-codec/commons-codec/1.13/commons-codec-1.13.jar:/Users/yinonwishi/.m2/repository/org/apache/commons/commons-collections4/4.4/commons-collections4-4.4.jar:/Users/yinonwishi/.m2/repository/org/apache/commons/commons-math3/3.6.1/commons-math3-3.6.1.jar:/Users/yinonwishi/.m2/repository/com/zaxxer/SparseBitSet/1.2/SparseBitSet-1.2.jar:/Users/yinonwishi/.m2/repository/org/apache/poi/poi-ooxml-schemas/4.1.2/poi-ooxml-schemas-4.1.2.jar:/Users/yinonwishi/.m2/repository/org/apache/xmlbeans/xmlbeans/3.1.0/xmlbeans-3.1.0.jar:/Users/yinonwishi/.m2/repository/org/apache/commons/commons-compress/1.19/commons-compress-1.19.jar:/Users/yinonwishi/.m2/repository/com/github/virtuald/curvesapi/1.06/curvesapi-1.06.jar:/Users/yinonwishi/.m2/repository/org/testng/testng/7.3.0/testng-7.3.0.jar:/Users/yinonwishi/.m2/repository/com/beust/jcommander/1.78/jcommander-1.78.jar:/Users/yinonwishi/.m2/repository/org/apache/ant/ant/1.10.3/ant-1.10.3.jar:/Users/yinonwishi/.m2/repository/org/apache/ant/ant-launcher/1.10.3/ant-launcher-1.10.3.jar:/Users/yinonwishi/.m2/repository/junit/junit/4.12/junit-4.12.jar:/Users/yinonwishi/.m2/repository/com/google/inject/guice/4.2.2/guice-4.2.2-no_aop.jar:/Users/yinonwishi/.m2/repository/javax/inject/javax.inject/1/javax.inject-1.jar:/Users/yinonwishi/.m2/repository/aopalliance/aopalliance/1.0/aopalliance-1.0.jar:/Users/yinonwishi/.m2/repository/org/yaml/snakeyaml/1.21/snakeyaml-1.21.jar:/Users/yinonwishi/.m2/repository/io/github/bonigarcia/webdrivermanager/4.3.1/webdrivermanager-4.3.1.jar:/Users/yinonwishi/.m2/repository/org/slf4j/slf4j-api/1.7.30/slf4j-api-1.7.30.jar:/Users/yinonwishi/.m2/repository/commons-io/commons-io/2.8.0/commons-io-2.8.0.jar:/Users/yinonwishi/.m2/repository/com/google/code/gson/gson/2.8.6/gson-2.8.6.jar:/Users/yinonwishi/.m2/repository/org/apache/commons/commons-lang3/3.11/commons-lang3-3.11.jar:/Users/yinonwishi/.m2/repository/org/apache/httpcomponents/client5/httpclient5/5.0.3/httpclient5-5.0.3.jar:/Users/yinonwishi/.m2/repository/org/apache/httpcomponents/core5/httpcore5/5.0.2/httpcore5-5.0.2.jar:/Users/yinonwishi/.m2/repository/org/apache/httpcomponents/core5/httpcore5-h2/5.0.2/httpcore5-h2-5.0.2.jar:/Users/yinonwishi/.m2/repository/org/rauschig/jarchivelib/1.1.0/jarchivelib-1.1.0.jar:/Users/yinonwishi/.m2/repository/org/jsoup/jsoup/1.13.1/jsoup-1.13.1.jar:/Users/yinonwishi/.m2/repository/org/slf4j/slf4j-simple/1.7.30/slf4j-simple-1.7.30.jar:/Users/yinonwishi/.m2/repository/io/rest-assured/rest-assured/4.3.3/rest-assured-4.3.3.jar:/Users/yinonwishi/.m2/repository/org/codehaus/groovy/groovy/3.0.7/groovy-3.0.7.jar:/Users/yinonwishi/.m2/repository/org/codehaus/groovy/groovy-xml/3.0.7/groovy-xml-3.0.7.jar:/Users/yinonwishi/.m2/repository/org/apache/httpcomponents/httpclient/4.5.3/httpclient-4.5.3.jar:/Users/yinonwishi/.m2/repository/org/apache/httpcomponents/httpcore/4.4.6/httpcore-4.4.6.jar:/Users/yinonwishi/.m2/repository/commons-logging/commons-logging/1.2/commons-logging-1.2.jar:/Users/yinonwishi/.m2/repository/org/apache/httpcomponents/httpmime/4.5.3/httpmime-4.5.3.jar:/Users/yinonwishi/.m2/repository/org/hamcrest/hamcrest/2.1/hamcrest-2.1.jar:/Users/yinonwishi/.m2/repository/org/ccil/cowan/tagsoup/tagsoup/1.2.1/tagsoup-1.2.1.jar:/Users/yinonwishi/.m2/repository/io/rest-assured/json-path/4.3.3/json-path-4.3.3.jar:/Users/yinonwishi/.m2/repository/org/codehaus/groovy/groovy-json/3.0.7/groovy-json-3.0.7.jar:/Users/yinonwishi/.m2/repository/io/rest-assured/rest-assured-common/4.3.3/rest-assured-common-4.3.3.jar:/Users/yinonwishi/.m2/repository/io/rest-assured/xml-path/4.3.3/xml-path-4.3.3.jar:/Users/yinonwishi/.m2/repository/jakarta/xml/bind/jakarta.xml.bind-api/2.3.3/jakarta.xml.bind-api-2.3.3.jar:/Users/yinonwishi/.m2/repository/jakarta/activation/jakarta.activation-api/1.2.2/jakarta.activation-api-1.2.2.jar:/Users/yinonwishi/.m2/repository/com/sun/xml/bind/jaxb-impl/2.3.3/jaxb-impl-2.3.3.jar:/Users/yinonwishi/.m2/repository/org/hamcrest/hamcrest-core/2.2/hamcrest-core-2.2.jar:/Users/yinonwishi/.m2/repository/io/qameta/allure/allure-testng/2.13.8/allure-testng-2.13.8.jar:/Users/yinonwishi/.m2/repository/io/qameta/allure/allure-java-commons/2.13.8/allure-java-commons-2.13.8.jar:/Users/yinonwishi/.m2/repository/io/qameta/allure/allure-model/2.13.8/allure-model-2.13.8.jar:/Users/yinonwishi/.m2/repository/com/fasterxml/jackson/core/jackson-databind/2.11.3/jackson-databind-2.11.3.jar:/Users/yinonwishi/.m2/repository/com/fasterxml/jackson/core/jackson-annotations/2.11.3/jackson-annotations-2.11.3.jar:/Users/yinonwishi/.m2/repository/com/fasterxml/jackson/core/jackson-core/2.11.3/jackson-core-2.11.3.jar:/Users/yinonwishi/.m2/repository/org/apache/tika/tika-core/1.24.1/tika-core-1.24.1.jar:/Users/yinonwishi/.m2/repository/org/jooq/joor-java-8/0.9.13/joor-java-8-0.9.13.jar:"/>
    <property name="java.vm.vendor" value="Oracle Corporation"/>
    <property name="sun.arch.data.model" value="64"/>
    <property name="java.vendor.url" value="https://openjdk.java.net/"/>
    <property name="user.timezone" value="Asia/Jerusalem"/>
    <property name="os.name" value="Mac OS X"/>
    <property name="java.vm.specification.version" value="15"/>
    <property name="sun.java.launcher" value="SUN_STANDARD"/>
    <property name="user.country" value="IL"/>
    <property name="allure.link.issue.pattern" value="https://example.org/issue/{}"/>
    <property name="sun.boot.library.path" value="/usr/local/Cellar/openjdk/15.0.2/libexec/openjdk.jdk/Contents/Home/lib"/>
    <property name="sun.java.command" value="/Users/yinonwishi/newWishiproject/target/surefire/surefirebooter4577080939534379287.jar /Users/yinonwishi/newWishiproject/target/surefire 2021-06-21T17-45-44_733-jvmRun1 surefire7486131587473461137tmp surefire_013026840743845338617tmp"/>
    <property name="http.nonProxyHosts" value="local|*.local|169.254/16|*.169.254/16"/>
    <property name="jdk.debug" value="release"/>
    <property name="surefire.test.class.path" value="/Users/yinonwishi/newWishiproject/target/test-classes:/Users/yinonwishi/newWishiproject/target/classes:/Users/yinonwishi/.m2/repository/org/aspectj/aspectjweaver/1.9.6/aspectjweaver-1.9.6.jar:/Users/yinonwishi/.m2/repository/org/seleniumhq/selenium/selenium-java/4.0.0-beta-2/selenium-java-4.0.0-beta-2.jar:/Users/yinonwishi/.m2/repository/org/seleniumhq/selenium/selenium-api/4.0.0-beta-2/selenium-api-4.0.0-beta-2.jar:/Users/yinonwishi/.m2/repository/org/seleniumhq/selenium/selenium-chrome-driver/4.0.0-beta-2/selenium-chrome-driver-4.0.0-beta-2.jar:/Users/yinonwishi/.m2/repository/com/google/auto/service/auto-service-annotations/1.0-rc7/auto-service-annotations-1.0-rc7.jar:/Users/yinonwishi/.m2/repository/com/google/auto/service/auto-service/1.0-rc7/auto-service-1.0-rc7.jar:/Users/yinonwishi/.m2/repository/com/google/auto/auto-common/0.10/auto-common-0.10.jar:/Users/yinonwishi/.m2/repository/com/google/guava/guava/30.1-jre/guava-30.1-jre.jar:/Users/yinonwishi/.m2/repository/com/google/guava/failureaccess/1.0.1/failureaccess-1.0.1.jar:/Users/yinonwishi/.m2/repository/com/google/guava/listenablefuture/9999.0-empty-to-avoid-conflict-with-guava/listenablefuture-9999.0-empty-to-avoid-conflict-with-guava.jar:/Users/yinonwishi/.m2/repository/com/google/code/findbugs/jsr305/3.0.2/jsr305-3.0.2.jar:/Users/yinonwishi/.m2/repository/org/checkerframework/checker-qual/3.5.0/checker-qual-3.5.0.jar:/Users/yinonwishi/.m2/repository/com/google/errorprone/error_prone_annotations/2.3.4/error_prone_annotations-2.3.4.jar:/Users/yinonwishi/.m2/repository/com/google/j2objc/j2objc-annotations/1.3/j2objc-annotations-1.3.jar:/Users/yinonwishi/.m2/repository/org/seleniumhq/selenium/selenium-chromium-driver/4.0.0-beta-2/selenium-chromium-driver-4.0.0-beta-2.jar:/Users/yinonwishi/.m2/repository/org/seleniumhq/selenium/selenium-devtools/4.0.0-beta-2/selenium-devtools-4.0.0-beta-2.jar:/Users/yinonwishi/.m2/repository/org/seleniumhq/selenium/selenium-http/4.0.0-beta-2/selenium-http-4.0.0-beta-2.jar:/Users/yinonwishi/.m2/repository/org/seleniumhq/selenium/selenium-json/4.0.0-beta-2/selenium-json-4.0.0-beta-2.jar:/Users/yinonwishi/.m2/repository/org/seleniumhq/selenium/selenium-devtools-v85/4.0.0-beta-2/selenium-devtools-v85-4.0.0-beta-2.jar:/Users/yinonwishi/.m2/repository/org/seleniumhq/selenium/selenium-devtools-v86/4.0.0-beta-2/selenium-devtools-v86-4.0.0-beta-2.jar:/Users/yinonwishi/.m2/repository/org/seleniumhq/selenium/selenium-devtools-v87/4.0.0-beta-2/selenium-devtools-v87-4.0.0-beta-2.jar:/Users/yinonwishi/.m2/repository/org/seleniumhq/selenium/selenium-devtools-v88/4.0.0-beta-2/selenium-devtools-v88-4.0.0-beta-2.jar:/Users/yinonwishi/.m2/repository/org/seleniumhq/selenium/selenium-devtools-v89/4.0.0-beta-2/selenium-devtools-v89-4.0.0-beta-2.jar:/Users/yinonwishi/.m2/repository/org/seleniumhq/selenium/selenium-edge-driver/4.0.0-beta-2/selenium-edge-driver-4.0.0-beta-2.jar:/Users/yinonwishi/.m2/repository/org/seleniumhq/selenium/selenium-firefox-driver/4.0.0-beta-2/selenium-firefox-driver-4.0.0-beta-2.jar:/Users/yinonwishi/.m2/repository/org/seleniumhq/selenium/selenium-firefox-xpi-driver/4.0.0-beta-2/selenium-firefox-xpi-driver-4.0.0-beta-2.jar:/Users/yinonwishi/.m2/repository/org/seleniumhq/selenium/selenium-ie-driver/4.0.0-beta-2/selenium-ie-driver-4.0.0-beta-2.jar:/Users/yinonwishi/.m2/repository/org/seleniumhq/selenium/selenium-opera-driver/4.0.0-beta-2/selenium-opera-driver-4.0.0-beta-2.jar:/Users/yinonwishi/.m2/repository/org/seleniumhq/selenium/selenium-remote-driver/4.0.0-beta-2/selenium-remote-driver-4.0.0-beta-2.jar:/Users/yinonwishi/.m2/repository/io/netty/netty-buffer/4.1.58.Final/netty-buffer-4.1.58.Final.jar:/Users/yinonwishi/.m2/repository/io/netty/netty-codec-http/4.1.58.Final/netty-codec-http-4.1.58.Final.jar:/Users/yinonwishi/.m2/repository/io/netty/netty-codec/4.1.58.Final/netty-codec-4.1.58.Final.jar:/Users/yinonwishi/.m2/repository/io/netty/netty-handler/4.1.58.Final/netty-handler-4.1.58.Final.jar:/Users/yinonwishi/.m2/repository/io/netty/netty-common/4.1.58.Final/netty-common-4.1.58.Final.jar:/Users/yinonwishi/.m2/repository/io/netty/netty-transport-native-epoll/4.1.58.Final/netty-transport-native-epoll-4.1.58.Final.jar:/Users/yinonwishi/.m2/repository/io/netty/netty-transport-native-kqueue/4.1.58.Final/netty-transport-native-kqueue-4.1.58.Final.jar:/Users/yinonwishi/.m2/repository/io/netty/netty-transport-native-unix-common/4.1.58.Final/netty-transport-native-unix-common-4.1.58.Final.jar:/Users/yinonwishi/.m2/repository/io/netty/netty-transport/4.1.58.Final/netty-transport-4.1.58.Final.jar:/Users/yinonwishi/.m2/repository/io/netty/netty-resolver/4.1.58.Final/netty-resolver-4.1.58.Final.jar:/Users/yinonwishi/.m2/repository/io/opentelemetry/opentelemetry-api/1.0.0/opentelemetry-api-1.0.0.jar:/Users/yinonwishi/.m2/repository/io/opentelemetry/opentelemetry-context/1.0.0/opentelemetry-context-1.0.0.jar:/Users/yinonwishi/.m2/repository/io/opentelemetry/opentelemetry-exporter-logging/1.0.0/opentelemetry-exporter-logging-1.0.0.jar:/Users/yinonwishi/.m2/repository/io/opentelemetry/opentelemetry-sdk-metrics/1.0.0-alpha/opentelemetry-sdk-metrics-1.0.0-alpha.jar:/Users/yinonwishi/.m2/repository/io/opentelemetry/opentelemetry-sdk-common/1.0.0/opentelemetry-sdk-common-1.0.0.jar:/Users/yinonwishi/.m2/repository/io/opentelemetry/opentelemetry-sdk-extension-autoconfigure/1.0.0-alpha/opentelemetry-sdk-extension-autoconfigure-1.0.0-alpha.jar:/Users/yinonwishi/.m2/repository/io/opentelemetry/opentelemetry-sdk-trace/1.0.0/opentelemetry-sdk-trace-1.0.0.jar:/Users/yinonwishi/.m2/repository/io/opentelemetry/opentelemetry-api-metrics/1.0.0-alpha/opentelemetry-api-metrics-1.0.0-alpha.jar:/Users/yinonwishi/.m2/repository/io/opentelemetry/opentelemetry-sdk/1.0.0/opentelemetry-sdk-1.0.0.jar:/Users/yinonwishi/.m2/repository/io/opentelemetry/opentelemetry-semconv/1.0.0-alpha/opentelemetry-semconv-1.0.0-alpha.jar:/Users/yinonwishi/.m2/repository/net/bytebuddy/byte-buddy/1.10.19/byte-buddy-1.10.19.jar:/Users/yinonwishi/.m2/repository/org/apache/commons/commons-exec/1.3/commons-exec-1.3.jar:/Users/yinonwishi/.m2/repository/org/asynchttpclient/async-http-client/2.12.2/async-http-client-2.12.2.jar:/Users/yinonwishi/.m2/repository/org/asynchttpclient/async-http-client-netty-utils/2.12.2/async-http-client-netty-utils-2.12.2.jar:/Users/yinonwishi/.m2/repository/io/netty/netty-codec-socks/4.1.53.Final/netty-codec-socks-4.1.53.Final.jar:/Users/yinonwishi/.m2/repository/io/netty/netty-handler-proxy/4.1.53.Final/netty-handler-proxy-4.1.53.Final.jar:/Users/yinonwishi/.m2/repository/io/netty/netty-transport-native-epoll/4.1.53.Final/netty-transport-native-epoll-4.1.53.Final-linux-x86_64.jar:/Users/yinonwishi/.m2/repository/io/netty/netty-transport-native-kqueue/4.1.53.Final/netty-transport-native-kqueue-4.1.53.Final-osx-x86_64.jar:/Users/yinonwishi/.m2/repository/org/reactivestreams/reactive-streams/1.0.3/reactive-streams-1.0.3.jar:/Users/yinonwishi/.m2/repository/com/typesafe/netty/netty-reactive-streams/2.0.4/netty-reactive-streams-2.0.4.jar:/Users/yinonwishi/.m2/repository/com/sun/activation/jakarta.activation/1.2.2/jakarta.activation-1.2.2.jar:/Users/yinonwishi/.m2/repository/org/seleniumhq/selenium/selenium-safari-driver/4.0.0-beta-2/selenium-safari-driver-4.0.0-beta-2.jar:/Users/yinonwishi/.m2/repository/org/seleniumhq/selenium/selenium-support/4.0.0-beta-2/selenium-support-4.0.0-beta-2.jar:/Users/yinonwishi/.m2/repository/org/apache/poi/poi-ooxml/4.1.2/poi-ooxml-4.1.2.jar:/Users/yinonwishi/.m2/repository/org/apache/poi/poi/4.1.2/poi-4.1.2.jar:/Users/yinonwishi/.m2/repository/commons-codec/commons-codec/1.13/commons-codec-1.13.jar:/Users/yinonwishi/.m2/repository/org/apache/commons/commons-collections4/4.4/commons-collections4-4.4.jar:/Users/yinonwishi/.m2/repository/org/apache/commons/commons-math3/3.6.1/commons-math3-3.6.1.jar:/Users/yinonwishi/.m2/repository/com/zaxxer/SparseBitSet/1.2/SparseBitSet-1.2.jar:/Users/yinonwishi/.m2/repository/org/apache/poi/poi-ooxml-schemas/4.1.2/poi-ooxml-schemas-4.1.2.jar:/Users/yinonwishi/.m2/repository/org/apache/xmlbeans/xmlbeans/3.1.0/xmlbeans-3.1.0.jar:/Users/yinonwishi/.m2/repository/org/apache/commons/commons-compress/1.19/commons-compress-1.19.jar:/Users/yinonwishi/.m2/repository/com/github/virtuald/curvesapi/1.06/curvesapi-1.06.jar:/Users/yinonwishi/.m2/repository/org/testng/testng/7.3.0/testng-7.3.0.jar:/Users/yinonwishi/.m2/repository/com/beust/jcommander/1.78/jcommander-1.78.jar:/Users/yinonwishi/.m2/repository/org/apache/ant/ant/1.10.3/ant-1.10.3.jar:/Users/yinonwishi/.m2/repository/org/apache/ant/ant-launcher/1.10.3/ant-launcher-1.10.3.jar:/Users/yinonwishi/.m2/repository/junit/junit/4.12/junit-4.12.jar:/Users/yinonwishi/.m2/repository/com/google/inject/guice/4.2.2/guice-4.2.2-no_aop.jar:/Users/yinonwishi/.m2/repository/javax/inject/javax.inject/1/javax.inject-1.jar:/Users/yinonwishi/.m2/repository/aopalliance/aopalliance/1.0/aopalliance-1.0.jar:/Users/yinonwishi/.m2/repository/org/yaml/snakeyaml/1.21/snakeyaml-1.21.jar:/Users/yinonwishi/.m2/repository/io/github/bonigarcia/webdrivermanager/4.3.1/webdrivermanager-4.3.1.jar:/Users/yinonwishi/.m2/repository/org/slf4j/slf4j-api/1.7.30/slf4j-api-1.7.30.jar:/Users/yinonwishi/.m2/repository/commons-io/commons-io/2.8.0/commons-io-2.8.0.jar:/Users/yinonwishi/.m2/repository/com/google/code/gson/gson/2.8.6/gson-2.8.6.jar:/Users/yinonwishi/.m2/repository/org/apache/commons/commons-lang3/3.11/commons-lang3-3.11.jar:/Users/yinonwishi/.m2/repository/org/apache/httpcomponents/client5/httpclient5/5.0.3/httpclient5-5.0.3.jar:/Users/yinonwishi/.m2/repository/org/apache/httpcomponents/core5/httpcore5/5.0.2/httpcore5-5.0.2.jar:/Users/yinonwishi/.m2/repository/org/apache/httpcomponents/core5/httpcore5-h2/5.0.2/httpcore5-h2-5.0.2.jar:/Users/yinonwishi/.m2/repository/org/rauschig/jarchivelib/1.1.0/jarchivelib-1.1.0.jar:/Users/yinonwishi/.m2/repository/org/jsoup/jsoup/1.13.1/jsoup-1.13.1.jar:/Users/yinonwishi/.m2/repository/org/slf4j/slf4j-simple/1.7.30/slf4j-simple-1.7.30.jar:/Users/yinonwishi/.m2/repository/io/rest-assured/rest-assured/4.3.3/rest-assured-4.3.3.jar:/Users/yinonwishi/.m2/repository/org/codehaus/groovy/groovy/3.0.7/groovy-3.0.7.jar:/Users/yinonwishi/.m2/repository/org/codehaus/groovy/groovy-xml/3.0.7/groovy-xml-3.0.7.jar:/Users/yinonwishi/.m2/repository/org/apache/httpcomponents/httpclient/4.5.3/httpclient-4.5.3.jar:/Users/yinonwishi/.m2/repository/org/apache/httpcomponents/httpcore/4.4.6/httpcore-4.4.6.jar:/Users/yinonwishi/.m2/repository/commons-logging/commons-logging/1.2/commons-logging-1.2.jar:/Users/yinonwishi/.m2/repository/org/apache/httpcomponents/httpmime/4.5.3/httpmime-4.5.3.jar:/Users/yinonwishi/.m2/repository/org/hamcrest/hamcrest/2.1/hamcrest-2.1.jar:/Users/yinonwishi/.m2/repository/org/ccil/cowan/tagsoup/tagsoup/1.2.1/tagsoup-1.2.1.jar:/Users/yinonwishi/.m2/repository/io/rest-assured/json-path/4.3.3/json-path-4.3.3.jar:/Users/yinonwishi/.m2/repository/org/codehaus/groovy/groovy-json/3.0.7/groovy-json-3.0.7.jar:/Users/yinonwishi/.m2/repository/io/rest-assured/rest-assured-common/4.3.3/rest-assured-common-4.3.3.jar:/Users/yinonwishi/.m2/repository/io/rest-assured/xml-path/4.3.3/xml-path-4.3.3.jar:/Users/yinonwishi/.m2/repository/jakarta/xml/bind/jakarta.xml.bind-api/2.3.3/jakarta.xml.bind-api-2.3.3.jar:/Users/yinonwishi/.m2/repository/jakarta/activation/jakarta.activation-api/1.2.2/jakarta.activation-api-1.2.2.jar:/Users/yinonwishi/.m2/repository/com/sun/xml/bind/jaxb-impl/2.3.3/jaxb-impl-2.3.3.jar:/Users/yinonwishi/.m2/repository/org/hamcrest/hamcrest-core/2.2/hamcrest-core-2.2.jar:/Users/yinonwishi/.m2/repository/io/qameta/allure/allure-testng/2.13.8/allure-testng-2.13.8.jar:/Users/yinonwishi/.m2/repository/io/qameta/allure/allure-java-commons/2.13.8/allure-java-commons-2.13.8.jar:/Users/yinonwishi/.m2/repository/io/qameta/allure/allure-model/2.13.8/allure-model-2.13.8.jar:/Users/yinonwishi/.m2/repository/com/fasterxml/jackson/core/jackson-databind/2.11.3/jackson-databind-2.11.3.jar:/Users/yinonwishi/.m2/repository/com/fasterxml/jackson/core/jackson-annotations/2.11.3/jackson-annotations-2.11.3.jar:/Users/yinonwishi/.m2/repository/com/fasterxml/jackson/core/jackson-core/2.11.3/jackson-core-2.11.3.jar:/Users/yinonwishi/.m2/repository/org/apache/tika/tika-core/1.24.1/tika-core-1.24.1.jar:/Users/yinonwishi/.m2/repository/org/jooq/joor-java-8/0.9.13/joor-java-8-0.9.13.jar:"/>
    <property name="allure.results.directory" value="/Users/yinonwishi/newWishiproject/target/allure-results"/>
    <property name="sun.cpu.endian" value="little"/>
    <property name="user.home" value="/Users/yinonwishi"/>
    <property name="user.language" value="en"/>
    <property name="java.specification.vendor" value="Oracle Corporation"/>
    <property name="java.version.date" value="2021-01-19"/>
    <property name="java.home" value="/usr/local/Cellar/openjdk/15.0.2/libexec/openjdk.jdk/Contents/Home"/>
    <property name="file.separator" value="/"/>
    <property name="allure.link.tms.pattern" value="https://example.org/tms/{}"/>
    <property name="basedir" value="/Users/yinonwishi/newWishiproject"/>
    <property name="java.vm.compressedOopsMode" value="Zero based"/>
    <property name="line.separator" value="&#10;"/>
    <property name="java.vm.specification.vendor" value="Oracle Corporation"/>
    <property name="java.specification.name" value="Java Platform API Specification"/>
    <property name="surefire.real.class.path" value="/Users/yinonwishi/newWishiproject/target/surefire/surefirebooter4577080939534379287.jar"/>
    <property name="sun.management.compiler" value="HotSpot 64-Bit Tiered Compilers"/>
    <property name="ftp.nonProxyHosts" value="local|*.local|169.254/16|*.169.254/16"/>
    <property name="java.runtime.version" value="15.0.2+7"/>
    <property name="user.name" value="yinonwishi"/>
    <property name="path.separator" value=":"/>
    <property name="os.version" value="11.4"/>
    <property name="java.runtime.name" value="OpenJDK Runtime Environment"/>
    <property name="file.encoding" value="US-ASCII"/>
    <property name="sun.nio.ch.bugLevel" value=""/>
    <property name="java.vm.name" value="OpenJDK 64-Bit Server VM"/>
    <property name="localRepository" value="/Users/yinonwishi/.m2/repository"/>
    <property name="java.vendor.url.bug" value="https://bugreport.java.com/bugreport/"/>
    <property name="java.io.tmpdir" value="/var/folders/xz/jk5hy2jd3sb1_2b_tghyzylw0000gn/T/"/>
    <property name="java.version" value="15.0.2"/>
    <property name="user.dir" value="/Users/yinonwishi/newWishiproject"/>
    <property name="os.arch" value="x86_64"/>
    <property name="java.vm.specification.name" value="Java Virtual Machine Specification"/>
    <property name="java.library.path" value="/Users/yinonwishi/Library/Java/Extensions:/Library/Java/Extensions:/Network/Library/Java/Extensions:/System/Library/Java/Extensions:/usr/lib/java:."/>
    <property name="java.vm.info" value="mixed mode, sharing"/>
    <property name="java.vendor" value="N/A"/>
    <property name="java.vm.version" value="15.0.2+7"/>
    <property name="sun.io.unicode.encoding" value="UnicodeBig"/>
    <property name="socksNonProxyHosts" value="local|*.local|169.254/16|*.169.254/16"/>
    <property name="java.class.version" value="59.0"/>
  </properties>
  <testcase name="DoSignUp" classname="TestsObjects.OnBoardingFemaleTest" time="4.403">
    <system-out><![CDATA[This is onStart method/Users/yinonwishi/newWishiproject/target/surefire-reports/Suite
New Test Started DoSignUp
LET'S GET STYLING
Test Successfully Finished  DoSignUp
]]></system-out>
    <system-err><![CDATA[[TestNG-test=Test-1] INFO io.github.bonigarcia.wdm.WebDriverManager - Using chromedriver 91.0.4472.101 (resolved driver for Chrome 91)
[TestNG-test=Test-1] INFO io.github.bonigarcia.wdm.WebDriverManager - Exporting webdriver.chrome.driver as /Users/yinonwishi/.cache/selenium/chromedriver/mac64/91.0.4472.101/chromedriver
Starting ChromeDriver 91.0.4472.101 (af52a90bf87030dd1523486a1cd3ae25c5d76c9b-refs/branch-heads/4472@{#1462}) on port 38322
Only local connections are allowed.
Please see https://chromedriver.chromium.org/security-considerations for suggestions on keeping ChromeDriver safe.
ChromeDriver was started successfully.
Jun 21, 2021 5:45:51 PM org.openqa.selenium.remote.ProtocolHandshake createSession
INFO: Detected dialect: W3C
Jun 21, 2021 5:45:51 PM org.openqa.selenium.devtools.CdpVersionFinder findNearestMatch
WARNING: Unable to find an exact match for CDP version 91, so returning the closest version found: 89
Jun 21, 2021 5:45:51 PM org.openqa.selenium.devtools.CdpVersionFinder findNearestMatch
INFO: Found CDP implementation for version 91 of 89
[TestNG-test=Test-1] ERROR io.qameta.allure.util.NamingUtils - Could not find parameter fullname
[TestNG-test=Test-1] ERROR io.qameta.allure.util.NamingUtils - Could not find parameter Email
[TestNG-test=Test-1] ERROR io.qameta.allure.util.NamingUtils - Could not find parameter password
]]></system-err>
  </testcase>
  <testcase name="SelectFamale" classname="TestsObjects.OnBoardingFemaleTest" time="1.174">
    <system-out><![CDATA[New Test Started SelectFamale
Test Successfully Finished  SelectFamale
]]></system-out>
  </testcase>
  <testcase name="SelectBodytype" classname="TestsObjects.OnBoardingFemaleTest" time="0.896">
    <system-out><![CDATA[New Test Started SelectBodytype
petite
6
[[[ChromeDriver: chrome on MAC (ad6536bab8fe52a8bfab832f04929819)] -> xpath: //*[label]], [[ChromeDriver: chrome on MAC (ad6536bab8fe52a8bfab832f04929819)] -> xpath: //*[label]], [[ChromeDriver: chrome on MAC (ad6536bab8fe52a8bfab832f04929819)] -> xpath: //*[label]], [[ChromeDriver: chrome on MAC (ad6536bab8fe52a8bfab832f04929819)] -> xpath: //*[label]], [[ChromeDriver: chrome on MAC (ad6536bab8fe52a8bfab832f04929819)] -> xpath: //*[label]], [[ChromeDriver: chrome on MAC (ad6536bab8fe52a8bfab832f04929819)] -> xpath: //*[label]]]
fit
6
[[[ChromeDriver: chrome on MAC (ad6536bab8fe52a8bfab832f04929819)] -> xpath: //*[label]], [[ChromeDriver: chrome on MAC (ad6536bab8fe52a8bfab832f04929819)] -> xpath: //*[label]], [[ChromeDriver: chrome on MAC (ad6536bab8fe52a8bfab832f04929819)] -> xpath: //*[label]], [[ChromeDriver: chrome on MAC (ad6536bab8fe52a8bfab832f04929819)] -> xpath: //*[label]], [[ChromeDriver: chrome on MAC (ad6536bab8fe52a8bfab832f04929819)] -> xpath: //*[label]], [[ChromeDriver: chrome on MAC (ad6536bab8fe52a8bfab832f04929819)] -> xpath: //*[label]]]
tall
6
[[[ChromeDriver: chrome on MAC (ad6536bab8fe52a8bfab832f04929819)] -> xpath: //*[label]], [[ChromeDriver: chrome on MAC (ad6536bab8fe52a8bfab832f04929819)] -> xpath: //*[label]], [[ChromeDriver: chrome on MAC (ad6536bab8fe52a8bfab832f04929819)] -> xpath: //*[label]], [[ChromeDriver: chrome on MAC (ad6536bab8fe52a8bfab832f04929819)] -> xpath: //*[label]], [[ChromeDriver: chrome on MAC (ad6536bab8fe52a8bfab832f04929819)] -> xpath: //*[label]], [[ChromeDriver: chrome on MAC (ad6536bab8fe52a8bfab832f04929819)] -> xpath: //*[label]]]
petite
6
[[[ChromeDriver: chrome on MAC (ad6536bab8fe52a8bfab832f04929819)] -> xpath: //*[label]], [[ChromeDriver: chrome on MAC (ad6536bab8fe52a8bfab832f04929819)] -> xpath: //*[label]], [[ChromeDriver: chrome on MAC (ad6536bab8fe52a8bfab832f04929819)] -> xpath: //*[label]], [[ChromeDriver: chrome on MAC (ad6536bab8fe52a8bfab832f04929819)] -> xpath: //*[label]], [[ChromeDriver: chrome on MAC (ad6536bab8fe52a8bfab832f04929819)] -> xpath: //*[label]], [[ChromeDriver: chrome on MAC (ad6536bab8fe52a8bfab832f04929819)] -> xpath: //*[label]]]
Test Successfully Finished  SelectBodytype
]]></system-out>
  </testcase>
  <testcase name="SelctStyle" classname="TestsObjects.OnBoardingFemaleTest" time="2.898">
    <system-out><![CDATA[New Test Started SelctStyle
Test Successfully Finished  SelctStyle
]]></system-out>
  </testcase>
  <testcase name="SelectBrands" classname="TestsObjects.OnBoardingFemaleTest" time="0.805">
    <system-out><![CDATA[New Test Started SelectBrands
Test Successfully Finished  SelectBrands
]]></system-out>
  </testcase>
  <testcase name="DoSignUp" classname="TestsObjects.OnBoardingMaleTest" time="3.65">
    <system-out><![CDATA[New Test Started DoSignUp
LET'S GET STYLING
Test Successfully Finished  DoSignUp
]]></system-out>
    <system-err><![CDATA[[TestNG-test=Test-1] INFO io.github.bonigarcia.wdm.WebDriverManager - Using chromedriver 91.0.4472.101 (resolved driver for Chrome 91)
[TestNG-test=Test-1] INFO io.github.bonigarcia.wdm.WebDriverManager - Exporting webdriver.chrome.driver as /Users/yinonwishi/.cache/selenium/chromedriver/mac64/91.0.4472.101/chromedriver
Starting ChromeDriver 91.0.4472.101 (af52a90bf87030dd1523486a1cd3ae25c5d76c9b-refs/branch-heads/4472@{#1462}) on port 8556
Only local connections are allowed.
Please see https://chromedriver.chromium.org/security-considerations for suggestions on keeping ChromeDriver safe.
ChromeDriver was started successfully.
Jun 21, 2021 5:46:11 PM org.openqa.selenium.remote.ProtocolHandshake createSession
INFO: Detected dialect: W3C
Jun 21, 2021 5:46:11 PM org.openqa.selenium.devtools.CdpVersionFinder findNearestMatch
WARNING: Unable to find an exact match for CDP version 91, so returning the closest version found: 89
Jun 21, 2021 5:46:11 PM org.openqa.selenium.devtools.CdpVersionFinder findNearestMatch
INFO: Found CDP implementation for version 91 of 89
[TestNG-test=Test-1] ERROR io.qameta.allure.util.NamingUtils - Could not find parameter fullname
[TestNG-test=Test-1] ERROR io.qameta.allure.util.NamingUtils - Could not find parameter Email
[TestNG-test=Test-1] ERROR io.qameta.allure.util.NamingUtils - Could not find parameter password
]]></system-err>
  </testcase>
  <testcase name="SelectFamale" classname="TestsObjects.OnBoardingMaleTest" time="1.023">
    <system-out><![CDATA[New Test Started SelectFamale
Test Successfully Finished  SelectFamale
]]></system-out>
  </testcase>
  <testcase name="SelctStyle" classname="TestsObjects.OnBoardingMaleTest" time="1.56">
    <system-out><![CDATA[New Test Started SelctStyle
Test Successfully Finished  SelctStyle
]]></system-out>
  </testcase>
  <testcase name="SelectBrands" classname="TestsObjects.OnBoardingMaleTest" time="1.247">
    <system-out><![CDATA[New Test Started SelectBrands
Test Successfully Finished  SelectBrands
]]></system-out>
  </testcase>
  <testcase name="DoSignUp" classname="TestsObjects.OnBoardingNaturalTest" time="3.637">
    <system-out><![CDATA[New Test Started DoSignUp
LET'S GET STYLING
Test Successfully Finished  DoSignUp
]]></system-out>
    <system-err><![CDATA[[TestNG-test=Test-1] INFO io.github.bonigarcia.wdm.WebDriverManager - Using chromedriver 91.0.4472.101 (resolved driver for Chrome 91)
[TestNG-test=Test-1] INFO io.github.bonigarcia.wdm.WebDriverManager - Exporting webdriver.chrome.driver as /Users/yinonwishi/.cache/selenium/chromedriver/mac64/91.0.4472.101/chromedriver
Starting ChromeDriver 91.0.4472.101 (af52a90bf87030dd1523486a1cd3ae25c5d76c9b-refs/branch-heads/4472@{#1462}) on port 19723
Only local connections are allowed.
Please see https://chromedriver.chromium.org/security-considerations for suggestions on keeping ChromeDriver safe.
ChromeDriver was started successfully.
Jun 21, 2021 5:46:39 PM org.openqa.selenium.remote.ProtocolHandshake createSession
INFO: Detected dialect: W3C
Jun 21, 2021 5:46:39 PM org.openqa.selenium.devtools.CdpVersionFinder findNearestMatch
WARNING: Unable to find an exact match for CDP version 91, so returning the closest version found: 89
Jun 21, 2021 5:46:39 PM org.openqa.selenium.devtools.CdpVersionFinder findNearestMatch
INFO: Found CDP implementation for version 91 of 89
[TestNG-test=Test-1] ERROR io.qameta.allure.util.NamingUtils - Could not find parameter fullname
[TestNG-test=Test-1] ERROR io.qameta.allure.util.NamingUtils - Could not find parameter Email
[TestNG-test=Test-1] ERROR io.qameta.allure.util.NamingUtils - Could not find parameter password
]]></system-err>
  </testcase>
  <testcase name="SelectNatural" classname="TestsObjects.OnBoardingNaturalTest" time="1.651">
    <system-out><![CDATA[New Test Started SelectNatural
Test Successfully Finished  SelectNatural
]]></system-out>
  </testcase>
  <testcase name="SelectBodytype" classname="TestsObjects.OnBoardingNaturalTest" time="0.84">
    <system-out><![CDATA[New Test Started SelectBodytype
petite
6
[[[ChromeDriver: chrome on MAC (b48bd6f62f5b738f9b527d5f389b6f07)] -> xpath: //*[label]], [[ChromeDriver: chrome on MAC (b48bd6f62f5b738f9b527d5f389b6f07)] -> xpath: //*[label]], [[ChromeDriver: chrome on MAC (b48bd6f62f5b738f9b527d5f389b6f07)] -> xpath: //*[label]], [[ChromeDriver: chrome on MAC (b48bd6f62f5b738f9b527d5f389b6f07)] -> xpath: //*[label]], [[ChromeDriver: chrome on MAC (b48bd6f62f5b738f9b527d5f389b6f07)] -> xpath: //*[label]], [[ChromeDriver: chrome on MAC (b48bd6f62f5b738f9b527d5f389b6f07)] -> xpath: //*[label]]]
fit
6
[[[ChromeDriver: chrome on MAC (b48bd6f62f5b738f9b527d5f389b6f07)] -> xpath: //*[label]], [[ChromeDriver: chrome on MAC (b48bd6f62f5b738f9b527d5f389b6f07)] -> xpath: //*[label]], [[ChromeDriver: chrome on MAC (b48bd6f62f5b738f9b527d5f389b6f07)] -> xpath: //*[label]], [[ChromeDriver: chrome on MAC (b48bd6f62f5b738f9b527d5f389b6f07)] -> xpath: //*[label]], [[ChromeDriver: chrome on MAC (b48bd6f62f5b738f9b527d5f389b6f07)] -> xpath: //*[label]], [[ChromeDriver: chrome on MAC (b48bd6f62f5b738f9b527d5f389b6f07)] -> xpath: //*[label]]]
tall
6
[[[ChromeDriver: chrome on MAC (b48bd6f62f5b738f9b527d5f389b6f07)] -> xpath: //*[label]], [[ChromeDriver: chrome on MAC (b48bd6f62f5b738f9b527d5f389b6f07)] -> xpath: //*[label]], [[ChromeDriver: chrome on MAC (b48bd6f62f5b738f9b527d5f389b6f07)] -> xpath: //*[label]], [[ChromeDriver: chrome on MAC (b48bd6f62f5b738f9b527d5f389b6f07)] -> xpath: //*[label]], [[ChromeDriver: chrome on MAC (b48bd6f62f5b738f9b527d5f389b6f07)] -> xpath: //*[label]], [[ChromeDriver: chrome on MAC (b48bd6f62f5b738f9b527d5f389b6f07)] -> xpath: //*[label]]]
petite
6
[[[ChromeDriver: chrome on MAC (b48bd6f62f5b738f9b527d5f389b6f07)] -> xpath: //*[label]], [[ChromeDriver: chrome on MAC (b48bd6f62f5b738f9b527d5f389b6f07)] -> xpath: //*[label]], [[ChromeDriver: chrome on MAC (b48bd6f62f5b738f9b527d5f389b6f07)] -> xpath: //*[label]], [[ChromeDriver: chrome on MAC (b48bd6f62f5b738f9b527d5f389b6f07)] -> xpath: //*[label]], [[ChromeDriver: chrome on MAC (b48bd6f62f5b738f9b527d5f389b6f07)] -> xpath: //*[label]], [[ChromeDriver: chrome on MAC (b48bd6f62f5b738f9b527d5f389b6f07)] -> xpath: //*[label]]]
Test Successfully Finished  SelectBodytype
]]></system-out>
  </testcase>
  <testcase name="SelctStyle" classname="TestsObjects.OnBoardingNaturalTest" time="2.084">
    <system-out><![CDATA[New Test Started SelctStyle
Test Successfully Finished  SelctStyle
]]></system-out>
  </testcase>
  <testcase name="SelectBrands" classname="TestsObjects.OnBoardingNaturalTest" time="0.888">
    <system-out><![CDATA[New Test Started SelectBrands
Test Successfully Finished  SelectBrands
]]></system-out>
  </testcase>
  <testcase name="FillPasswordWithOutToFillEmail" classname="TestsObjects.LoginTest" time="0.604">
    <system-out><![CDATA[New Test Started FillPasswordWithOutToFillEmail
Test Successfully Finished  FillPasswordWithOutToFillEmail
]]></system-out>
    <system-err><![CDATA[[TestNG-test=Test-1] INFO io.github.bonigarcia.wdm.WebDriverManager - Using chromedriver 91.0.4472.101 (resolved driver for Chrome 91)
[TestNG-test=Test-1] INFO io.github.bonigarcia.wdm.WebDriverManager - Exporting webdriver.chrome.driver as /Users/yinonwishi/.cache/selenium/chromedriver/mac64/91.0.4472.101/chromedriver
Starting ChromeDriver 91.0.4472.101 (af52a90bf87030dd1523486a1cd3ae25c5d76c9b-refs/branch-heads/4472@{#1462}) on port 27615
Only local connections are allowed.
Please see https://chromedriver.chromium.org/security-considerations for suggestions on keeping ChromeDriver safe.
ChromeDriver was started successfully.
Jun 21, 2021 5:47:00 PM org.openqa.selenium.remote.ProtocolHandshake createSession
INFO: Detected dialect: W3C
Jun 21, 2021 5:47:00 PM org.openqa.selenium.devtools.CdpVersionFinder findNearestMatch
WARNING: Unable to find an exact match for CDP version 91, so returning the closest version found: 89
Jun 21, 2021 5:47:00 PM org.openqa.selenium.devtools.CdpVersionFinder findNearestMatch
INFO: Found CDP implementation for version 91 of 89
[TestNG-test=Test-1] ERROR io.qameta.allure.util.NamingUtils - Could not find parameter password
]]></system-err>
  </testcase>
  <testcase name="FillEmailWithOutToFillPassword" classname="TestsObjects.LoginTest" time="0.504">
    <system-out><![CDATA[New Test Started FillEmailWithOutToFillPassword
Test Successfully Finished  FillEmailWithOutToFillPassword
]]></system-out>
    <system-err><![CDATA[[TestNG-test=Test-1] ERROR io.qameta.allure.util.NamingUtils - Could not find parameter name
]]></system-err>
  </testcase>
  <testcase name="ClickLoginwWithOutToFillAnyFields" classname="TestsObjects.LoginTest" time="0.376">
    <system-out><![CDATA[New Test Started ClickLoginwWithOutToFillAnyFields
Test Successfully Finished  ClickLoginwWithOutToFillAnyFields
]]></system-out>
  </testcase>
  <testcase name="FillCorrectEmailWithWrongPassword" classname="TestsObjects.LoginTest" time="2.43">
    <system-out><![CDATA[New Test Started FillCorrectEmailWithWrongPassword
Test Successfully Finished  FillCorrectEmailWithWrongPassword
]]></system-out>
    <system-err><![CDATA[[TestNG-test=Test-1] ERROR io.qameta.allure.util.NamingUtils - Could not find parameter name
[TestNG-test=Test-1] ERROR io.qameta.allure.util.NamingUtils - Could not find parameter password
]]></system-err>
  </testcase>
  <testcase name="FillCorrectPasswordWithWrongEmail" classname="TestsObjects.LoginTest" time="1.71">
    <system-out><![CDATA[New Test Started FillCorrectPasswordWithWrongEmail
Test Successfully Finished  FillCorrectPasswordWithWrongEmail
]]></system-out>
    <system-err><![CDATA[[TestNG-test=Test-1] ERROR io.qameta.allure.util.NamingUtils - Could not find parameter name
[TestNG-test=Test-1] ERROR io.qameta.allure.util.NamingUtils - Could not find parameter password
]]></system-err>
  </testcase>
  <testcase name="FillHebLettersEmail" classname="TestsObjects.LoginTest" time="1.715">
    <system-out><![CDATA[New Test Started FillHebLettersEmail
Test Successfully Finished  FillHebLettersEmail
]]></system-out>
    <system-err><![CDATA[[TestNG-test=Test-1] ERROR io.qameta.allure.util.NamingUtils - Could not find parameter name
[TestNG-test=Test-1] ERROR io.qameta.allure.util.NamingUtils - Could not find parameter password
]]></system-err>
  </testcase>
  <testcase name="DoLogin" classname="TestsObjects.LoginTest" time="1.633">
    <system-out><![CDATA[New Test Started DoLogin
Test Successfully Finished  DoLogin
]]></system-out>
    <system-err><![CDATA[[TestNG-test=Test-1] ERROR io.qameta.allure.util.NamingUtils - Could not find parameter name
[TestNG-test=Test-1] ERROR io.qameta.allure.util.NamingUtils - Could not find parameter password
]]></system-err>
  </testcase>
  <testcase name="SelectFamale" classname="TestsObjects.ReversOnBoardingFemaleTest" time="1.493">
    <system-out><![CDATA[New Test Started SelectFamale
Test Successfully Finished  SelectFamale
]]></system-out>
    <system-err><![CDATA[[TestNG-test=Test-1] INFO io.github.bonigarcia.wdm.WebDriverManager - Using chromedriver 91.0.4472.101 (resolved driver for Chrome 91)
[TestNG-test=Test-1] INFO io.github.bonigarcia.wdm.WebDriverManager - Exporting webdriver.chrome.driver as /Users/yinonwishi/.cache/selenium/chromedriver/mac64/91.0.4472.101/chromedriver
Starting ChromeDriver 91.0.4472.101 (af52a90bf87030dd1523486a1cd3ae25c5d76c9b-refs/branch-heads/4472@{#1462}) on port 18463
Only local connections are allowed.
Please see https://chromedriver.chromium.org/security-considerations for suggestions on keeping ChromeDriver safe.
ChromeDriver was started successfully.
Jun 21, 2021 5:47:22 PM org.openqa.selenium.remote.ProtocolHandshake createSession
INFO: Detected dialect: W3C
Jun 21, 2021 5:47:22 PM org.openqa.selenium.devtools.CdpVersionFinder findNearestMatch
WARNING: Unable to find an exact match for CDP version 91, so returning the closest version found: 89
Jun 21, 2021 5:47:22 PM org.openqa.selenium.devtools.CdpVersionFinder findNearestMatch
INFO: Found CDP implementation for version 91 of 89
]]></system-err>
  </testcase>
  <testcase name="SelectBodytype" classname="TestsObjects.ReversOnBoardingFemaleTest" time="0.827">
    <system-out><![CDATA[New Test Started SelectBodytype
petite
6
[[[ChromeDriver: chrome on MAC (bc5f72679d4f9056740c8255e4d4b3d7)] -> xpath: //*[label]], [[ChromeDriver: chrome on MAC (bc5f72679d4f9056740c8255e4d4b3d7)] -> xpath: //*[label]], [[ChromeDriver: chrome on MAC (bc5f72679d4f9056740c8255e4d4b3d7)] -> xpath: //*[label]], [[ChromeDriver: chrome on MAC (bc5f72679d4f9056740c8255e4d4b3d7)] -> xpath: //*[label]], [[ChromeDriver: chrome on MAC (bc5f72679d4f9056740c8255e4d4b3d7)] -> xpath: //*[label]], [[ChromeDriver: chrome on MAC (bc5f72679d4f9056740c8255e4d4b3d7)] -> xpath: //*[label]]]
fit
6
[[[ChromeDriver: chrome on MAC (bc5f72679d4f9056740c8255e4d4b3d7)] -> xpath: //*[label]], [[ChromeDriver: chrome on MAC (bc5f72679d4f9056740c8255e4d4b3d7)] -> xpath: //*[label]], [[ChromeDriver: chrome on MAC (bc5f72679d4f9056740c8255e4d4b3d7)] -> xpath: //*[label]], [[ChromeDriver: chrome on MAC (bc5f72679d4f9056740c8255e4d4b3d7)] -> xpath: //*[label]], [[ChromeDriver: chrome on MAC (bc5f72679d4f9056740c8255e4d4b3d7)] -> xpath: //*[label]], [[ChromeDriver: chrome on MAC (bc5f72679d4f9056740c8255e4d4b3d7)] -> xpath: //*[label]]]
tall
6
[[[ChromeDriver: chrome on MAC (bc5f72679d4f9056740c8255e4d4b3d7)] -> xpath: //*[label]], [[ChromeDriver: chrome on MAC (bc5f72679d4f9056740c8255e4d4b3d7)] -> xpath: //*[label]], [[ChromeDriver: chrome on MAC (bc5f72679d4f9056740c8255e4d4b3d7)] -> xpath: //*[label]], [[ChromeDriver: chrome on MAC (bc5f72679d4f9056740c8255e4d4b3d7)] -> xpath: //*[label]], [[ChromeDriver: chrome on MAC (bc5f72679d4f9056740c8255e4d4b3d7)] -> xpath: //*[label]], [[ChromeDriver: chrome on MAC (bc5f72679d4f9056740c8255e4d4b3d7)] -> xpath: //*[label]]]
petite
6
[[[ChromeDriver: chrome on MAC (bc5f72679d4f9056740c8255e4d4b3d7)] -> xpath: //*[label]], [[ChromeDriver: chrome on MAC (bc5f72679d4f9056740c8255e4d4b3d7)] -> xpath: //*[label]], [[ChromeDriver: chrome on MAC (bc5f72679d4f9056740c8255e4d4b3d7)] -> xpath: //*[label]], [[ChromeDriver: chrome on MAC (bc5f72679d4f9056740c8255e4d4b3d7)] -> xpath: //*[label]], [[ChromeDriver: chrome on MAC (bc5f72679d4f9056740c8255e4d4b3d7)] -> xpath: //*[label]], [[ChromeDriver: chrome on MAC (bc5f72679d4f9056740c8255e4d4b3d7)] -> xpath: //*[label]]]
Test Successfully Finished  SelectBodytype
]]></system-out>
  </testcase>
  <testcase name="SelctStyle" classname="TestsObjects.ReversOnBoardingFemaleTest" time="2.655">
    <system-out><![CDATA[New Test Started SelctStyle
Test Successfully Finished  SelctStyle
]]></system-out>
  </testcase>
  <testcase name="SelectBrands" classname="TestsObjects.ReversOnBoardingFemaleTest" time="0.824">
    <system-out><![CDATA[New Test Started SelectBrands
Test Successfully Finished  SelectBrands
]]></system-out>
  </testcase>
  <testcase name="DoSignUp" classname="TestsObjects.ReversOnBoardingFemaleTest" time="2.905">
    <system-out><![CDATA[New Test Started DoSignUp
Your Stylists Match!
Test Successfully Finished  DoSignUp
]]></system-out>
    <system-err><![CDATA[[TestNG-test=Test-1] ERROR io.qameta.allure.util.NamingUtils - Could not find parameter fullname
[TestNG-test=Test-1] ERROR io.qameta.allure.util.NamingUtils - Could not find parameter Email
[TestNG-test=Test-1] ERROR io.qameta.allure.util.NamingUtils - Could not find parameter password
]]></system-err>
  </testcase>
  <testcase name="SelectMale" classname="TestsObjects.ReversOnBoardingMaleTest" time="1.471">
    <system-out><![CDATA[New Test Started SelectMale
Test Successfully Finished  SelectMale
]]></system-out>
    <system-err><![CDATA[[TestNG-test=Test-1] INFO io.github.bonigarcia.wdm.WebDriverManager - Using chromedriver 91.0.4472.101 (resolved driver for Chrome 91)
[TestNG-test=Test-1] INFO io.github.bonigarcia.wdm.WebDriverManager - Exporting webdriver.chrome.driver as /Users/yinonwishi/.cache/selenium/chromedriver/mac64/91.0.4472.101/chromedriver
Starting ChromeDriver 91.0.4472.101 (af52a90bf87030dd1523486a1cd3ae25c5d76c9b-refs/branch-heads/4472@{#1462}) on port 8288
Only local connections are allowed.
Please see https://chromedriver.chromium.org/security-considerations for suggestions on keeping ChromeDriver safe.
ChromeDriver was started successfully.
Jun 21, 2021 5:47:43 PM org.openqa.selenium.remote.ProtocolHandshake createSession
INFO: Detected dialect: W3C
Jun 21, 2021 5:47:43 PM org.openqa.selenium.devtools.CdpVersionFinder findNearestMatch
WARNING: Unable to find an exact match for CDP version 91, so returning the closest version found: 89
Jun 21, 2021 5:47:43 PM org.openqa.selenium.devtools.CdpVersionFinder findNearestMatch
INFO: Found CDP implementation for version 91 of 89
]]></system-err>
  </testcase>
  <testcase name="SelctStyle" classname="TestsObjects.ReversOnBoardingMaleTest" time="1.618">
    <system-out><![CDATA[New Test Started SelctStyle
Test Successfully Finished  SelctStyle
]]></system-out>
  </testcase>
  <testcase name="SelectBrands" classname="TestsObjects.ReversOnBoardingMaleTest" time="1.243">
    <system-out><![CDATA[New Test Started SelectBrands
Test Successfully Finished  SelectBrands
]]></system-out>
  </testcase>
  <testcase name="DoSignUp" classname="TestsObjects.ReversOnBoardingMaleTest" time="3.242">
    <system-out><![CDATA[New Test Started DoSignUp
Your Stylists Match!
Test Successfully Finished  DoSignUp
]]></system-out>
    <system-err><![CDATA[[TestNG-test=Test-1] ERROR io.qameta.allure.util.NamingUtils - Could not find parameter fullname
[TestNG-test=Test-1] ERROR io.qameta.allure.util.NamingUtils - Could not find parameter Email
[TestNG-test=Test-1] ERROR io.qameta.allure.util.NamingUtils - Could not find parameter password
]]></system-err>
  </testcase>
  <testcase name="SelectNatural" classname="TestsObjects.ReversOnBoardingNaturalTest" time="2.062">
    <system-out><![CDATA[New Test Started SelectNatural
Test Successfully Finished  SelectNatural
]]></system-out>
    <system-err><![CDATA[[TestNG-test=Test-1] INFO io.github.bonigarcia.wdm.WebDriverManager - Using chromedriver 91.0.4472.101 (resolved driver for Chrome 91)
[TestNG-test=Test-1] INFO io.github.bonigarcia.wdm.WebDriverManager - Exporting webdriver.chrome.driver as /Users/yinonwishi/.cache/selenium/chromedriver/mac64/91.0.4472.101/chromedriver
Starting ChromeDriver 91.0.4472.101 (af52a90bf87030dd1523486a1cd3ae25c5d76c9b-refs/branch-heads/4472@{#1462}) on port 30823
Only local connections are allowed.
Please see https://chromedriver.chromium.org/security-considerations for suggestions on keeping ChromeDriver safe.
ChromeDriver was started successfully.
Jun 21, 2021 5:48:04 PM org.openqa.selenium.remote.ProtocolHandshake createSession
INFO: Detected dialect: W3C
Jun 21, 2021 5:48:04 PM org.openqa.selenium.devtools.CdpVersionFinder findNearestMatch
WARNING: Unable to find an exact match for CDP version 91, so returning the closest version found: 89
Jun 21, 2021 5:48:04 PM org.openqa.selenium.devtools.CdpVersionFinder findNearestMatch
INFO: Found CDP implementation for version 91 of 89
]]></system-err>
  </testcase>
  <testcase name="SelectBodytype" classname="TestsObjects.ReversOnBoardingNaturalTest" time="0.862">
    <system-out><![CDATA[New Test Started SelectBodytype
petite
6
[[[ChromeDriver: chrome on MAC (de3c16d6ce6e83d2790d4d56bde0a870)] -> xpath: //*[label]], [[ChromeDriver: chrome on MAC (de3c16d6ce6e83d2790d4d56bde0a870)] -> xpath: //*[label]], [[ChromeDriver: chrome on MAC (de3c16d6ce6e83d2790d4d56bde0a870)] -> xpath: //*[label]], [[ChromeDriver: chrome on MAC (de3c16d6ce6e83d2790d4d56bde0a870)] -> xpath: //*[label]], [[ChromeDriver: chrome on MAC (de3c16d6ce6e83d2790d4d56bde0a870)] -> xpath: //*[label]], [[ChromeDriver: chrome on MAC (de3c16d6ce6e83d2790d4d56bde0a870)] -> xpath: //*[label]]]
fit
6
[[[ChromeDriver: chrome on MAC (de3c16d6ce6e83d2790d4d56bde0a870)] -> xpath: //*[label]], [[ChromeDriver: chrome on MAC (de3c16d6ce6e83d2790d4d56bde0a870)] -> xpath: //*[label]], [[ChromeDriver: chrome on MAC (de3c16d6ce6e83d2790d4d56bde0a870)] -> xpath: //*[label]], [[ChromeDriver: chrome on MAC (de3c16d6ce6e83d2790d4d56bde0a870)] -> xpath: //*[label]], [[ChromeDriver: chrome on MAC (de3c16d6ce6e83d2790d4d56bde0a870)] -> xpath: //*[label]], [[ChromeDriver: chrome on MAC (de3c16d6ce6e83d2790d4d56bde0a870)] -> xpath: //*[label]]]
tall
6
[[[ChromeDriver: chrome on MAC (de3c16d6ce6e83d2790d4d56bde0a870)] -> xpath: //*[label]], [[ChromeDriver: chrome on MAC (de3c16d6ce6e83d2790d4d56bde0a870)] -> xpath: //*[label]], [[ChromeDriver: chrome on MAC (de3c16d6ce6e83d2790d4d56bde0a870)] -> xpath: //*[label]], [[ChromeDriver: chrome on MAC (de3c16d6ce6e83d2790d4d56bde0a870)] -> xpath: //*[label]], [[ChromeDriver: chrome on MAC (de3c16d6ce6e83d2790d4d56bde0a870)] -> xpath: //*[label]], [[ChromeDriver: chrome on MAC (de3c16d6ce6e83d2790d4d56bde0a870)] -> xpath: //*[label]]]
petite
6
[[[ChromeDriver: chrome on MAC (de3c16d6ce6e83d2790d4d56bde0a870)] -> xpath: //*[label]], [[ChromeDriver: chrome on MAC (de3c16d6ce6e83d2790d4d56bde0a870)] -> xpath: //*[label]], [[ChromeDriver: chrome on MAC (de3c16d6ce6e83d2790d4d56bde0a870)] -> xpath: //*[label]], [[ChromeDriver: chrome on MAC (de3c16d6ce6e83d2790d4d56bde0a870)] -> xpath: //*[label]], [[ChromeDriver: chrome on MAC (de3c16d6ce6e83d2790d4d56bde0a870)] -> xpath: //*[label]], [[ChromeDriver: chrome on MAC (de3c16d6ce6e83d2790d4d56bde0a870)] -> xpath: //*[label]]]
Test Successfully Finished  SelectBodytype
]]></system-out>
  </testcase>
  <testcase name="SelctStyle" classname="TestsObjects.ReversOnBoardingNaturalTest" time="2.667">
    <system-out><![CDATA[New Test Started SelctStyle
Test Successfully Finished  SelctStyle
]]></system-out>
  </testcase>
  <testcase name="SelectBrands" classname="TestsObjects.ReversOnBoardingNaturalTest" time="0.987">
    <system-out><![CDATA[New Test Started SelectBrands
Test Successfully Finished  SelectBrands
]]></system-out>
  </testcase>
  <testcase name="DoSignUp" classname="TestsObjects.ReversOnBoardingNaturalTest" time="2.952">
    <system-out><![CDATA[New Test Started DoSignUp
Your Stylists Match!
Test Successfully Finished  DoSignUp
]]></system-out>
    <system-err><![CDATA[[TestNG-test=Test-1] ERROR io.qameta.allure.util.NamingUtils - Could not find parameter fullname
[TestNG-test=Test-1] ERROR io.qameta.allure.util.NamingUtils - Could not find parameter Email
[TestNG-test=Test-1] ERROR io.qameta.allure.util.NamingUtils - Could not find parameter password
]]></system-err>
  </testcase>
  <testcase name="FillEmailWitoutShtudel" classname="TestsObjects.SignUpTest" time="1.101">
    <system-out><![CDATA[New Test Started FillEmailWitoutShtudel
Test Successfully Finished  FillEmailWitoutShtudel
]]></system-out>
    <system-err><![CDATA[[TestNG-test=Test-1] INFO io.github.bonigarcia.wdm.WebDriverManager - Using chromedriver 91.0.4472.101 (resolved driver for Chrome 91)
[TestNG-test=Test-1] INFO io.github.bonigarcia.wdm.WebDriverManager - Exporting webdriver.chrome.driver as /Users/yinonwishi/.cache/selenium/chromedriver/mac64/91.0.4472.101/chromedriver
Starting ChromeDriver 91.0.4472.101 (af52a90bf87030dd1523486a1cd3ae25c5d76c9b-refs/branch-heads/4472@{#1462}) on port 36405
Only local connections are allowed.
Please see https://chromedriver.chromium.org/security-considerations for suggestions on keeping ChromeDriver safe.
ChromeDriver was started successfully.
Jun 21, 2021 5:48:27 PM org.openqa.selenium.remote.ProtocolHandshake createSession
INFO: Detected dialect: W3C
Jun 21, 2021 5:48:27 PM org.openqa.selenium.devtools.CdpVersionFinder findNearestMatch
WARNING: Unable to find an exact match for CDP version 91, so returning the closest version found: 89
Jun 21, 2021 5:48:27 PM org.openqa.selenium.devtools.CdpVersionFinder findNearestMatch
INFO: Found CDP implementation for version 91 of 89
[TestNG-test=Test-1] ERROR io.qameta.allure.util.NamingUtils - Could not find parameter fullname
[TestNG-test=Test-1] ERROR io.qameta.allure.util.NamingUtils - Could not find parameter Email
[TestNG-test=Test-1] ERROR io.qameta.allure.util.NamingUtils - Could not find parameter password
]]></system-err>
  </testcase>
  <testcase name="FillEmailWithoutDotCom" classname="TestsObjects.SignUpTest" time="2.561">
    <system-out><![CDATA[New Test Started FillEmailWithoutDotCom
Test Successfully Finished  FillEmailWithoutDotCom
]]></system-out>
    <system-err><![CDATA[[TestNG-test=Test-1] ERROR io.qameta.allure.util.NamingUtils - Could not find parameter fullname
[TestNG-test=Test-1] ERROR io.qameta.allure.util.NamingUtils - Could not find parameter Email
[TestNG-test=Test-1] ERROR io.qameta.allure.util.NamingUtils - Could not find parameter password
]]></system-err>
  </testcase>
  <testcase name="FillPsswordWithLessthan6Characters" classname="TestsObjects.SignUpTest" time="1.118">
    <system-out><![CDATA[New Test Started FillPsswordWithLessthan6Characters
Test Successfully Finished  FillPsswordWithLessthan6Characters
]]></system-out>
    <system-err><![CDATA[[TestNG-test=Test-1] ERROR io.qameta.allure.util.NamingUtils - Could not find parameter fullname
[TestNG-test=Test-1] ERROR io.qameta.allure.util.NamingUtils - Could not find parameter Email
[TestNG-test=Test-1] ERROR io.qameta.allure.util.NamingUtils - Could not find parameter password
]]></system-err>
  </testcase>
  <testcase name="FillMailWithSpecialCarecters" classname="TestsObjects.SignUpTest" time="1.144">
    <system-out><![CDATA[New Test Started FillMailWithSpecialCarecters
Test Successfully Finished  FillMailWithSpecialCarecters
]]></system-out>
    <system-err><![CDATA[[TestNG-test=Test-1] ERROR io.qameta.allure.util.NamingUtils - Could not find parameter fullname
[TestNG-test=Test-1] ERROR io.qameta.allure.util.NamingUtils - Could not find parameter Email
[TestNG-test=Test-1] ERROR io.qameta.allure.util.NamingUtils - Could not find parameter password
]]></system-err>
  </testcase>
  <testcase name="FillMailWithHebrewCarecters" classname="TestsObjects.SignUpTest" time="2.114">
    <system-out><![CDATA[New Test Started FillMailWithHebrewCarecters
Test Successfully Finished  FillMailWithHebrewCarecters
]]></system-out>
    <system-err><![CDATA[[TestNG-test=Test-1] ERROR io.qameta.allure.util.NamingUtils - Could not find parameter fullname
[TestNG-test=Test-1] ERROR io.qameta.allure.util.NamingUtils - Could not find parameter Email
[TestNG-test=Test-1] ERROR io.qameta.allure.util.NamingUtils - Could not find parameter password
]]></system-err>
  </testcase>
  <testcase name="FillNameWithSpecialCarecters" classname="TestsObjects.SignUpTest" time="1.051">
    <system-out><![CDATA[New Test Started FillNameWithSpecialCarecters
Test Successfully Finished  FillNameWithSpecialCarecters
]]></system-out>
    <system-err><![CDATA[[TestNG-test=Test-1] ERROR io.qameta.allure.util.NamingUtils - Could not find parameter fullname
[TestNG-test=Test-1] ERROR io.qameta.allure.util.NamingUtils - Could not find parameter Email
[TestNG-test=Test-1] ERROR io.qameta.allure.util.NamingUtils - Could not find parameter password
]]></system-err>
  </testcase>
  <testcase name="FillNameWithHebrewCarecters" classname="TestsObjects.SignUpTest" time="2.211">
    <system-out><![CDATA[New Test Started FillNameWithHebrewCarecters
name may only contain letters, whitespace, and the ' or - special characters
Test Successfully Finished  FillNameWithHebrewCarecters
]]></system-out>
    <system-err><![CDATA[[TestNG-test=Test-1] ERROR io.qameta.allure.util.NamingUtils - Could not find parameter fullname
[TestNG-test=Test-1] ERROR io.qameta.allure.util.NamingUtils - Could not find parameter Email
[TestNG-test=Test-1] ERROR io.qameta.allure.util.NamingUtils - Could not find parameter password
]]></system-err>
  </testcase>
  <testcase name="FillNameWithOutLastName" classname="TestsObjects.SignUpTest" time="1.253">
    <system-out><![CDATA[New Test Started FillNameWithOutLastName
Test Successfully Finished  FillNameWithOutLastName
]]></system-out>
    <system-err><![CDATA[[TestNG-test=Test-1] ERROR io.qameta.allure.util.NamingUtils - Could not find parameter fullname
[TestNG-test=Test-1] ERROR io.qameta.allure.util.NamingUtils - Could not find parameter Email
[TestNG-test=Test-1] ERROR io.qameta.allure.util.NamingUtils - Could not find parameter password
]]></system-err>
  </testcase>
  <testcase name="DoSignUp" classname="TestsObjects.SignUpTest" time="2.913">
    <system-out><![CDATA[New Test Started DoSignUp
LET'S GET STYLING
Test Successfully Finished  DoSignUp
]]></system-out>
    <system-err><![CDATA[[TestNG-test=Test-1] ERROR io.qameta.allure.util.NamingUtils - Could not find parameter fullname
[TestNG-test=Test-1] ERROR io.qameta.allure.util.NamingUtils - Could not find parameter Email
[TestNG-test=Test-1] ERROR io.qameta.allure.util.NamingUtils - Could not find parameter password
]]></system-err>
  </testcase>
  <testcase name="CreateUser" classname="TestsObjects.SignUpTest" time="4.873">
    <system-out><![CDATA[New Test Started CreateUser
Request method:	POST
Request URI:	https://api-stage.wishi.me/api/slim/user/signup/email
Proxy:			<none>
Request params:	<none>
Query params:	<none>
Form params:	<none>
Path params:	<none>
Headers:		Accept=*/*
				Content-Type=application/json; charset=UTF-8
Cookies:		<none>
Multiparts:		<none>
Body:
{
    "email": "freez+700@wishitest.me241421",
    "full_name": "nadav Carmel",
    "first_name": "Erased",
    "last_name": "Caramel",
    "password": "q1w2easd3r4!"
}
HTTP/1.1 200 OK
Date: Mon, 21 Jun 2021 14:48:58 GMT
Server: Apache/2.2.22 (Debian)
X-Powered-By: PHP/5.6.30-1~dotdeb+7.1
Content-Length: 207
Keep-Alive: timeout=5, max=100
Connection: Keep-Alive
Content-Type: application/json

{
    "message": "success",
    "user_uuid": "cf320ea1-d29f-11eb-a",
    "token": "bec1b3181dacacc7ed067716f23a94b0",
    "user_name": "erasedcaramel41",
    "first_name": "Erased",
    "last_name": "Caramel",
    "first_booking": true,
    "brand": null
}
uuid is cf320ea1-d29f-11eb-a
api getUser is  https://api-stage.wishi.me/api/slim/user/cf320ea1-d29f-11eb-a
Request method:	GET
Request URI:	https://api-stage.wishi.me/api/slim/user/cf320ea1-d29f-11eb-a
Proxy:			<none>
Request params:	<none>
Query params:	<none>
Form params:	<none>
Path params:	<none>
Headers:		Accept=*/*
				Content-Type=application/json; charset=UTF-8
Cookies:		<none>
Multiparts:		<none>
Body:			<none>
HTTP/1.1 200 OK
Date: Mon, 21 Jun 2021 14:49:01 GMT
Server: Apache/2.2.22 (Debian)
X-Powered-By: PHP/5.6.30-1~dotdeb+7.1
Content-Length: 1756
Keep-Alive: timeout=5, max=100
Connection: Keep-Alive
Content-Type: application/json

{
    "level": null,
    "height": null,
    "phone_number": null,
    "device_id": null,
    "user_uuid": "cf320ea1-d29f-11eb-a",
    "first_name": "Erased",
    "last_name": "Caramel",
    "followers_cnt": "0",
    "following_cnt": "0",
    "type": "user",
    "country": null,
    "city": null,
    "location": "",
    "age": 0,
    "user_name": "erasedcaramel41",
    "email": "freez+700@wishitest.me241421",
    "campaign": null,
    "birthday_permission": [
        ""
    ],
    "birthday": null,
    "push_notification_types": "like_outfit,like_outfit_you_styled,following_you,styled_you,sent_you_feedback,kept_your_outfit,commented_outfit,commented_outfit_you_styled,commented_item,commented_comment,like_item,passed_on_your_outfit,requested_styling",
    "gender": null,
    "is_admin": false,
    "first_booking": true,
    "bookings_count": "0",
    "isAppInstalled": false,
    "has_payment_method": false,
    "picture_large": "",
    "picture_normal": "",
    "picture_small": "",
    "picture_medium": "",
    "user_photos_count": "0",
    "has_password": true,
    "is_stylist": 0,
    "keeps_cnt": 0,
    "tags": [
        
    ],
    "style_tags": [
        
    ],
    "notifications": {
        "like_outfit": 1,
        "like_outfit_you_styled": 1,
        "following_you": 1,
        "styled_you": 1,
        "sent_you_feedback": 1,
        "kept_your_outfit": 1,
        "commented_outfit": 1,
        "commented_outfit_you_styled": 1,
        "commented_item": 1,
        "commented_comment": 1,
        "like_item": 1,
        "passed_on_your_outfit": 1,
        "requested_styling": 1
    },
    "push_notifications": {
        "like_outfit": 1,
        "like_outfit_you_styled": 1,
        "following_you": 1,
        "styled_you": 1,
        "sent_you_feedback": 1,
        "kept_your_outfit": 1,
        "commented_outfit": 1,
        "commented_outfit_you_styled": 1,
        "commented_item": 1,
        "commented_comment": 1,
        "like_item": 1,
        "passed_on_your_outfit": 1,
        "requested_styling": 1
    },
    "brand": null,
    "stylist_level": null,
    "brands_level": null,
    "has_active_sessions": false,
    "session_with_incomplete_quiz": null,
    "channel_with_incomplete_quiz": null,
    "has_vip_sessions": false,
    "counters": {
        "closet": 10,
        "looks": 3,
        "collections": 5,
        "cart": 7
    }
}
Test Successfully Finished  CreateUser
]]></system-out>
  </testcase>
</testsuite>