<?xml version="1.0" encoding="UTF-8"?>
<testsuite xmlns:xsi="http://www.w3.org/2001/XMLSchema-instance" xsi:noNamespaceSchemaLocation="https://maven.apache.org/surefire/maven-surefire-plugin/xsd/surefire-test-report-3.0.xsd" version="3.0" name="TestSuite" time="28.02" tests="7" errors="0" skipped="0" failures="0">
  <properties>
    <property name="java.specification.version" value="15"/>
    <property name="webdriver.chrome.driver" value="/Users/yinonwishi/.cache/selenium/chromedriver/mac64/90.0.4430.24/chromedriver"/>
    <property name="sun.jnu.encoding" value="UTF-8"/>
    <property name="java.class.path" value="/Users/yinonwishi/newWishiproject/workspace/newWishiproject/target/test-classes:/Users/yinonwishi/newWishiproject/workspace/newWishiproject/target/classes:/Users/yinonwishi/.m2/repository/org/aspectj/aspectjweaver/1.9.6/aspectjweaver-1.9.6.jar:/Users/yinonwishi/.m2/repository/org/seleniumhq/selenium/selenium-java/4.0.0-beta-2/selenium-java-4.0.0-beta-2.jar:/Users/yinonwishi/.m2/repository/org/seleniumhq/selenium/selenium-api/4.0.0-beta-2/selenium-api-4.0.0-beta-2.jar:/Users/yinonwishi/.m2/repository/org/seleniumhq/selenium/selenium-chrome-driver/4.0.0-beta-2/selenium-chrome-driver-4.0.0-beta-2.jar:/Users/yinonwishi/.m2/repository/com/google/auto/service/auto-service-annotations/1.0-rc7/auto-service-annotations-1.0-rc7.jar:/Users/yinonwishi/.m2/repository/com/google/auto/service/auto-service/1.0-rc7/auto-service-1.0-rc7.jar:/Users/yinonwishi/.m2/repository/com/google/auto/auto-common/0.10/auto-common-0.10.jar:/Users/yinonwishi/.m2/repository/com/google/guava/guava/30.1-jre/guava-30.1-jre.jar:/Users/yinonwishi/.m2/repository/com/google/guava/failureaccess/1.0.1/failureaccess-1.0.1.jar:/Users/yinonwishi/.m2/repository/com/google/guava/listenablefuture/9999.0-empty-to-avoid-conflict-with-guava/listenablefuture-9999.0-empty-to-avoid-conflict-with-guava.jar:/Users/yinonwishi/.m2/repository/com/google/code/findbugs/jsr305/3.0.2/jsr305-3.0.2.jar:/Users/yinonwishi/.m2/repository/org/checkerframework/checker-qual/3.5.0/checker-qual-3.5.0.jar:/Users/yinonwishi/.m2/repository/com/google/errorprone/error_prone_annotations/2.3.4/error_prone_annotations-2.3.4.jar:/Users/yinonwishi/.m2/repository/com/google/j2objc/j2objc-annotations/1.3/j2objc-annotations-1.3.jar:/Users/yinonwishi/.m2/repository/org/seleniumhq/selenium/selenium-chromium-driver/4.0.0-beta-2/selenium-chromium-driver-4.0.0-beta-2.jar:/Users/yinonwishi/.m2/repository/org/seleniumhq/selenium/selenium-devtools/4.0.0-beta-2/selenium-devtools-4.0.0-beta-2.jar:/Users/yinonwishi/.m2/repository/org/seleniumhq/selenium/selenium-http/4.0.0-beta-2/selenium-http-4.0.0-beta-2.jar:/Users/yinonwishi/.m2/repository/org/seleniumhq/selenium/selenium-json/4.0.0-beta-2/selenium-json-4.0.0-beta-2.jar:/Users/yinonwishi/.m2/repository/org/seleniumhq/selenium/selenium-devtools-v85/4.0.0-beta-2/selenium-devtools-v85-4.0.0-beta-2.jar:/Users/yinonwishi/.m2/repository/org/seleniumhq/selenium/selenium-devtools-v86/4.0.0-beta-2/selenium-devtools-v86-4.0.0-beta-2.jar:/Users/yinonwishi/.m2/repository/org/seleniumhq/selenium/selenium-devtools-v87/4.0.0-beta-2/selenium-devtools-v87-4.0.0-beta-2.jar:/Users/yinonwishi/.m2/repository/org/seleniumhq/selenium/selenium-devtools-v88/4.0.0-beta-2/selenium-devtools-v88-4.0.0-beta-2.jar:/Users/yinonwishi/.m2/repository/org/seleniumhq/selenium/selenium-devtools-v89/4.0.0-beta-2/selenium-devtools-v89-4.0.0-beta-2.jar:/Users/yinonwishi/.m2/repository/org/seleniumhq/selenium/selenium-edge-driver/4.0.0-beta-2/selenium-edge-driver-4.0.0-beta-2.jar:/Users/yinonwishi/.m2/repository/org/seleniumhq/selenium/selenium-firefox-driver/4.0.0-beta-2/selenium-firefox-driver-4.0.0-beta-2.jar:/Users/yinonwishi/.m2/repository/org/seleniumhq/selenium/selenium-firefox-xpi-driver/4.0.0-beta-2/selenium-firefox-xpi-driver-4.0.0-beta-2.jar:/Users/yinonwishi/.m2/repository/org/seleniumhq/selenium/selenium-ie-driver/4.0.0-beta-2/selenium-ie-driver-4.0.0-beta-2.jar:/Users/yinonwishi/.m2/repository/org/seleniumhq/selenium/selenium-opera-driver/4.0.0-beta-2/selenium-opera-driver-4.0.0-beta-2.jar:/Users/yinonwishi/.m2/repository/org/seleniumhq/selenium/selenium-remote-driver/4.0.0-beta-2/selenium-remote-driver-4.0.0-beta-2.jar:/Users/yinonwishi/.m2/repository/io/netty/netty-buffer/4.1.58.Final/netty-buffer-4.1.58.Final.jar:/Users/yinonwishi/.m2/repository/io/netty/netty-codec-http/4.1.58.Final/netty-codec-http-4.1.58.Final.jar:/Users/yinonwishi/.m2/repository/io/netty/netty-codec/4.1.58.Final/netty-codec-4.1.58.Final.jar:/Users/yinonwishi/.m2/repository/io/netty/netty-handler/4.1.58.Final/netty-handler-4.1.58.Final.jar:/Users/yinonwishi/.m2/repository/io/netty/netty-common/4.1.58.Final/netty-common-4.1.58.Final.jar:/Users/yinonwishi/.m2/repository/io/netty/netty-transport-native-epoll/4.1.58.Final/netty-transport-native-epoll-4.1.58.Final.jar:/Users/yinonwishi/.m2/repository/io/netty/netty-transport-native-kqueue/4.1.58.Final/netty-transport-native-kqueue-4.1.58.Final.jar:/Users/yinonwishi/.m2/repository/io/netty/netty-transport-native-unix-common/4.1.58.Final/netty-transport-native-unix-common-4.1.58.Final.jar:/Users/yinonwishi/.m2/repository/io/netty/netty-transport/4.1.58.Final/netty-transport-4.1.58.Final.jar:/Users/yinonwishi/.m2/repository/io/netty/netty-resolver/4.1.58.Final/netty-resolver-4.1.58.Final.jar:/Users/yinonwishi/.m2/repository/io/opentelemetry/opentelemetry-api/1.0.0/opentelemetry-api-1.0.0.jar:/Users/yinonwishi/.m2/repository/io/opentelemetry/opentelemetry-context/1.0.0/opentelemetry-context-1.0.0.jar:/Users/yinonwishi/.m2/repository/io/opentelemetry/opentelemetry-exporter-logging/1.0.0/opentelemetry-exporter-logging-1.0.0.jar:/Users/yinonwishi/.m2/repository/io/opentelemetry/opentelemetry-sdk-metrics/1.0.0-alpha/opentelemetry-sdk-metrics-1.0.0-alpha.jar:/Users/yinonwishi/.m2/repository/io/opentelemetry/opentelemetry-sdk-common/1.0.0/opentelemetry-sdk-common-1.0.0.jar:/Users/yinonwishi/.m2/repository/io/opentelemetry/opentelemetry-sdk-extension-autoconfigure/1.0.0-alpha/opentelemetry-sdk-extension-autoconfigure-1.0.0-alpha.jar:/Users/yinonwishi/.m2/repository/io/opentelemetry/opentelemetry-sdk-trace/1.0.0/opentelemetry-sdk-trace-1.0.0.jar:/Users/yinonwishi/.m2/repository/io/opentelemetry/opentelemetry-api-metrics/1.0.0-alpha/opentelemetry-api-metrics-1.0.0-alpha.jar:/Users/yinonwishi/.m2/repository/io/opentelemetry/opentelemetry-sdk/1.0.0/opentelemetry-sdk-1.0.0.jar:/Users/yinonwishi/.m2/repository/io/opentelemetry/opentelemetry-semconv/1.0.0-alpha/opentelemetry-semconv-1.0.0-alpha.jar:/Users/yinonwishi/.m2/repository/net/bytebuddy/byte-buddy/1.10.19/byte-buddy-1.10.19.jar:/Users/yinonwishi/.m2/repository/org/apache/commons/commons-exec/1.3/commons-exec-1.3.jar:/Users/yinonwishi/.m2/repository/org/asynchttpclient/async-http-client/2.12.2/async-http-client-2.12.2.jar:/Users/yinonwishi/.m2/repository/org/asynchttpclient/async-http-client-netty-utils/2.12.2/async-http-client-netty-utils-2.12.2.jar:/Users/yinonwishi/.m2/repository/io/netty/netty-codec-socks/4.1.53.Final/netty-codec-socks-4.1.53.Final.jar:/Users/yinonwishi/.m2/repository/io/netty/netty-handler-proxy/4.1.53.Final/netty-handler-proxy-4.1.53.Final.jar:/Users/yinonwishi/.m2/repository/io/netty/netty-transport-native-epoll/4.1.53.Final/netty-transport-native-epoll-4.1.53.Final-linux-x86_64.jar:/Users/yinonwishi/.m2/repository/io/netty/netty-transport-native-kqueue/4.1.53.Final/netty-transport-native-kqueue-4.1.53.Final-osx-x86_64.jar:/Users/yinonwishi/.m2/repository/org/reactivestreams/reactive-streams/1.0.3/reactive-streams-1.0.3.jar:/Users/yinonwishi/.m2/repository/com/typesafe/netty/netty-reactive-streams/2.0.4/netty-reactive-streams-2.0.4.jar:/Users/yinonwishi/.m2/repository/com/sun/activation/jakarta.activation/1.2.2/jakarta.activation-1.2.2.jar:/Users/yinonwishi/.m2/repository/org/seleniumhq/selenium/selenium-safari-driver/4.0.0-beta-2/selenium-safari-driver-4.0.0-beta-2.jar:/Users/yinonwishi/.m2/repository/org/seleniumhq/selenium/selenium-support/4.0.0-beta-2/selenium-support-4.0.0-beta-2.jar:/Users/yinonwishi/.m2/repository/org/apache/poi/poi-ooxml/4.1.2/poi-ooxml-4.1.2.jar:/Users/yinonwishi/.m2/repository/org/apache/poi/poi/4.1.2/poi-4.1.2.jar:/Users/yinonwishi/.m2/repository/commons-codec/commons-codec/1.13/commons-codec-1.13.jar:/Users/yinonwishi/.m2/repository/org/apache/commons/commons-collections4/4.4/commons-collections4-4.4.jar:/Users/yinonwishi/.m2/repository/org/apache/commons/commons-math3/3.6.1/commons-math3-3.6.1.jar:/Users/yinonwishi/.m2/repository/com/zaxxer/SparseBitSet/1.2/SparseBitSet-1.2.jar:/Users/yinonwishi/.m2/repository/org/apache/poi/poi-ooxml-schemas/4.1.2/poi-ooxml-schemas-4.1.2.jar:/Users/yinonwishi/.m2/repository/org/apache/xmlbeans/xmlbeans/3.1.0/xmlbeans-3.1.0.jar:/Users/yinonwishi/.m2/repository/org/apache/commons/commons-compress/1.19/commons-compress-1.19.jar:/Users/yinonwishi/.m2/repository/com/github/virtuald/curvesapi/1.06/curvesapi-1.06.jar:/Users/yinonwishi/.m2/repository/org/testng/testng/7.3.0/testng-7.3.0.jar:/Users/yinonwishi/.m2/repository/com/beust/jcommander/1.78/jcommander-1.78.jar:/Users/yinonwishi/.m2/repository/org/apache/ant/ant/1.10.3/ant-1.10.3.jar:/Users/yinonwishi/.m2/repository/org/apache/ant/ant-launcher/1.10.3/ant-launcher-1.10.3.jar:/Users/yinonwishi/.m2/repository/junit/junit/4.12/junit-4.12.jar:/Users/yinonwishi/.m2/repository/com/google/inject/guice/4.2.2/guice-4.2.2-no_aop.jar:/Users/yinonwishi/.m2/repository/javax/inject/javax.inject/1/javax.inject-1.jar:/Users/yinonwishi/.m2/repository/aopalliance/aopalliance/1.0/aopalliance-1.0.jar:/Users/yinonwishi/.m2/repository/org/yaml/snakeyaml/1.21/snakeyaml-1.21.jar:/Users/yinonwishi/.m2/repository/io/github/bonigarcia/webdrivermanager/4.3.1/webdrivermanager-4.3.1.jar:/Users/yinonwishi/.m2/repository/org/slf4j/slf4j-api/1.7.30/slf4j-api-1.7.30.jar:/Users/yinonwishi/.m2/repository/commons-io/commons-io/2.8.0/commons-io-2.8.0.jar:/Users/yinonwishi/.m2/repository/com/google/code/gson/gson/2.8.6/gson-2.8.6.jar:/Users/yinonwishi/.m2/repository/org/apache/commons/commons-lang3/3.11/commons-lang3-3.11.jar:/Users/yinonwishi/.m2/repository/org/apache/httpcomponents/client5/httpclient5/5.0.3/httpclient5-5.0.3.jar:/Users/yinonwishi/.m2/repository/org/apache/httpcomponents/core5/httpcore5/5.0.2/httpcore5-5.0.2.jar:/Users/yinonwishi/.m2/repository/org/apache/httpcomponents/core5/httpcore5-h2/5.0.2/httpcore5-h2-5.0.2.jar:/Users/yinonwishi/.m2/repository/org/rauschig/jarchivelib/1.1.0/jarchivelib-1.1.0.jar:/Users/yinonwishi/.m2/repository/org/jsoup/jsoup/1.13.1/jsoup-1.13.1.jar:/Users/yinonwishi/.m2/repository/org/slf4j/slf4j-simple/1.7.30/slf4j-simple-1.7.30.jar:/Users/yinonwishi/.m2/repository/io/rest-assured/rest-assured/4.3.3/rest-assured-4.3.3.jar:/Users/yinonwishi/.m2/repository/org/codehaus/groovy/groovy/3.0.7/groovy-3.0.7.jar:/Users/yinonwishi/.m2/repository/org/codehaus/groovy/groovy-xml/3.0.7/groovy-xml-3.0.7.jar:/Users/yinonwishi/.m2/repository/org/apache/httpcomponents/httpclient/4.5.3/httpclient-4.5.3.jar:/Users/yinonwishi/.m2/repository/org/apache/httpcomponents/httpcore/4.4.6/httpcore-4.4.6.jar:/Users/yinonwishi/.m2/repository/commons-logging/commons-logging/1.2/commons-logging-1.2.jar:/Users/yinonwishi/.m2/repository/org/apache/httpcomponents/httpmime/4.5.3/httpmime-4.5.3.jar:/Users/yinonwishi/.m2/repository/org/hamcrest/hamcrest/2.1/hamcrest-2.1.jar:/Users/yinonwishi/.m2/repository/org/ccil/cowan/tagsoup/tagsoup/1.2.1/tagsoup-1.2.1.jar:/Users/yinonwishi/.m2/repository/io/rest-assured/json-path/4.3.3/json-path-4.3.3.jar:/Users/yinonwishi/.m2/repository/org/codehaus/groovy/groovy-json/3.0.7/groovy-json-3.0.7.jar:/Users/yinonwishi/.m2/repository/io/rest-assured/rest-assured-common/4.3.3/rest-assured-common-4.3.3.jar:/Users/yinonwishi/.m2/repository/io/rest-assured/xml-path/4.3.3/xml-path-4.3.3.jar:/Users/yinonwishi/.m2/repository/jakarta/xml/bind/jakarta.xml.bind-api/2.3.3/jakarta.xml.bind-api-2.3.3.jar:/Users/yinonwishi/.m2/repository/jakarta/activation/jakarta.activation-api/1.2.2/jakarta.activation-api-1.2.2.jar:/Users/yinonwishi/.m2/repository/com/sun/xml/bind/jaxb-impl/2.3.3/jaxb-impl-2.3.3.jar:/Users/yinonwishi/.m2/repository/org/hamcrest/hamcrest-core/2.2/hamcrest-core-2.2.jar:/Users/yinonwishi/.m2/repository/io/qameta/allure/allure-testng/2.13.8/allure-testng-2.13.8.jar:/Users/yinonwishi/.m2/repository/io/qameta/allure/allure-java-commons/2.13.8/allure-java-commons-2.13.8.jar:/Users/yinonwishi/.m2/repository/io/qameta/allure/allure-model/2.13.8/allure-model-2.13.8.jar:/Users/yinonwishi/.m2/repository/com/fasterxml/jackson/core/jackson-databind/2.11.3/jackson-databind-2.11.3.jar:/Users/yinonwishi/.m2/repository/com/fasterxml/jackson/core/jackson-annotations/2.11.3/jackson-annotations-2.11.3.jar:/Users/yinonwishi/.m2/repository/com/fasterxml/jackson/core/jackson-core/2.11.3/jackson-core-2.11.3.jar:/Users/yinonwishi/.m2/repository/org/apache/tika/tika-core/1.24.1/tika-core-1.24.1.jar:/Users/yinonwishi/.m2/repository/org/jooq/joor-java-8/0.9.13/joor-java-8-0.9.13.jar:"/>
    <property name="java.vm.vendor" value="Oracle Corporation"/>
    <property name="sun.arch.data.model" value="64"/>
    <property name="java.vendor.url" value="https://openjdk.java.net/"/>
    <property name="user.timezone" value="Asia/Jerusalem"/>
    <property name="os.name" value="Mac OS X"/>
    <property name="java.vm.specification.version" value="15"/>
    <property name="sun.java.launcher" value="SUN_STANDARD"/>
    <property name="user.country" value="IL"/>
    <property name="allure.link.issue.pattern" value="https://example.org/issue/{}"/>
    <property name="sun.boot.library.path" value="/usr/local/Cellar/openjdk/15.0.2/libexec/openjdk.jdk/Contents/Home/lib"/>
    <property name="sun.java.command" value="/Users/yinonwishi/newWishiproject/workspace/newWishiproject/target/surefire/surefirebooter2237110553994873021.jar /Users/yinonwishi/newWishiproject/workspace/newWishiproject/target/surefire 2021-05-02T23-44-30_043-jvmRun1 surefire2551709904752562321tmp surefire_06870898440294649519tmp"/>
    <property name="http.nonProxyHosts" value="local|*.local|169.254/16|*.169.254/16"/>
    <property name="jdk.debug" value="release"/>
    <property name="surefire.test.class.path" value="/Users/yinonwishi/newWishiproject/workspace/newWishiproject/target/test-classes:/Users/yinonwishi/newWishiproject/workspace/newWishiproject/target/classes:/Users/yinonwishi/.m2/repository/org/aspectj/aspectjweaver/1.9.6/aspectjweaver-1.9.6.jar:/Users/yinonwishi/.m2/repository/org/seleniumhq/selenium/selenium-java/4.0.0-beta-2/selenium-java-4.0.0-beta-2.jar:/Users/yinonwishi/.m2/repository/org/seleniumhq/selenium/selenium-api/4.0.0-beta-2/selenium-api-4.0.0-beta-2.jar:/Users/yinonwishi/.m2/repository/org/seleniumhq/selenium/selenium-chrome-driver/4.0.0-beta-2/selenium-chrome-driver-4.0.0-beta-2.jar:/Users/yinonwishi/.m2/repository/com/google/auto/service/auto-service-annotations/1.0-rc7/auto-service-annotations-1.0-rc7.jar:/Users/yinonwishi/.m2/repository/com/google/auto/service/auto-service/1.0-rc7/auto-service-1.0-rc7.jar:/Users/yinonwishi/.m2/repository/com/google/auto/auto-common/0.10/auto-common-0.10.jar:/Users/yinonwishi/.m2/repository/com/google/guava/guava/30.1-jre/guava-30.1-jre.jar:/Users/yinonwishi/.m2/repository/com/google/guava/failureaccess/1.0.1/failureaccess-1.0.1.jar:/Users/yinonwishi/.m2/repository/com/google/guava/listenablefuture/9999.0-empty-to-avoid-conflict-with-guava/listenablefuture-9999.0-empty-to-avoid-conflict-with-guava.jar:/Users/yinonwishi/.m2/repository/com/google/code/findbugs/jsr305/3.0.2/jsr305-3.0.2.jar:/Users/yinonwishi/.m2/repository/org/checkerframework/checker-qual/3.5.0/checker-qual-3.5.0.jar:/Users/yinonwishi/.m2/repository/com/google/errorprone/error_prone_annotations/2.3.4/error_prone_annotations-2.3.4.jar:/Users/yinonwishi/.m2/repository/com/google/j2objc/j2objc-annotations/1.3/j2objc-annotations-1.3.jar:/Users/yinonwishi/.m2/repository/org/seleniumhq/selenium/selenium-chromium-driver/4.0.0-beta-2/selenium-chromium-driver-4.0.0-beta-2.jar:/Users/yinonwishi/.m2/repository/org/seleniumhq/selenium/selenium-devtools/4.0.0-beta-2/selenium-devtools-4.0.0-beta-2.jar:/Users/yinonwishi/.m2/repository/org/seleniumhq/selenium/selenium-http/4.0.0-beta-2/selenium-http-4.0.0-beta-2.jar:/Users/yinonwishi/.m2/repository/org/seleniumhq/selenium/selenium-json/4.0.0-beta-2/selenium-json-4.0.0-beta-2.jar:/Users/yinonwishi/.m2/repository/org/seleniumhq/selenium/selenium-devtools-v85/4.0.0-beta-2/selenium-devtools-v85-4.0.0-beta-2.jar:/Users/yinonwishi/.m2/repository/org/seleniumhq/selenium/selenium-devtools-v86/4.0.0-beta-2/selenium-devtools-v86-4.0.0-beta-2.jar:/Users/yinonwishi/.m2/repository/org/seleniumhq/selenium/selenium-devtools-v87/4.0.0-beta-2/selenium-devtools-v87-4.0.0-beta-2.jar:/Users/yinonwishi/.m2/repository/org/seleniumhq/selenium/selenium-devtools-v88/4.0.0-beta-2/selenium-devtools-v88-4.0.0-beta-2.jar:/Users/yinonwishi/.m2/repository/org/seleniumhq/selenium/selenium-devtools-v89/4.0.0-beta-2/selenium-devtools-v89-4.0.0-beta-2.jar:/Users/yinonwishi/.m2/repository/org/seleniumhq/selenium/selenium-edge-driver/4.0.0-beta-2/selenium-edge-driver-4.0.0-beta-2.jar:/Users/yinonwishi/.m2/repository/org/seleniumhq/selenium/selenium-firefox-driver/4.0.0-beta-2/selenium-firefox-driver-4.0.0-beta-2.jar:/Users/yinonwishi/.m2/repository/org/seleniumhq/selenium/selenium-firefox-xpi-driver/4.0.0-beta-2/selenium-firefox-xpi-driver-4.0.0-beta-2.jar:/Users/yinonwishi/.m2/repository/org/seleniumhq/selenium/selenium-ie-driver/4.0.0-beta-2/selenium-ie-driver-4.0.0-beta-2.jar:/Users/yinonwishi/.m2/repository/org/seleniumhq/selenium/selenium-opera-driver/4.0.0-beta-2/selenium-opera-driver-4.0.0-beta-2.jar:/Users/yinonwishi/.m2/repository/org/seleniumhq/selenium/selenium-remote-driver/4.0.0-beta-2/selenium-remote-driver-4.0.0-beta-2.jar:/Users/yinonwishi/.m2/repository/io/netty/netty-buffer/4.1.58.Final/netty-buffer-4.1.58.Final.jar:/Users/yinonwishi/.m2/repository/io/netty/netty-codec-http/4.1.58.Final/netty-codec-http-4.1.58.Final.jar:/Users/yinonwishi/.m2/repository/io/netty/netty-codec/4.1.58.Final/netty-codec-4.1.58.Final.jar:/Users/yinonwishi/.m2/repository/io/netty/netty-handler/4.1.58.Final/netty-handler-4.1.58.Final.jar:/Users/yinonwishi/.m2/repository/io/netty/netty-common/4.1.58.Final/netty-common-4.1.58.Final.jar:/Users/yinonwishi/.m2/repository/io/netty/netty-transport-native-epoll/4.1.58.Final/netty-transport-native-epoll-4.1.58.Final.jar:/Users/yinonwishi/.m2/repository/io/netty/netty-transport-native-kqueue/4.1.58.Final/netty-transport-native-kqueue-4.1.58.Final.jar:/Users/yinonwishi/.m2/repository/io/netty/netty-transport-native-unix-common/4.1.58.Final/netty-transport-native-unix-common-4.1.58.Final.jar:/Users/yinonwishi/.m2/repository/io/netty/netty-transport/4.1.58.Final/netty-transport-4.1.58.Final.jar:/Users/yinonwishi/.m2/repository/io/netty/netty-resolver/4.1.58.Final/netty-resolver-4.1.58.Final.jar:/Users/yinonwishi/.m2/repository/io/opentelemetry/opentelemetry-api/1.0.0/opentelemetry-api-1.0.0.jar:/Users/yinonwishi/.m2/repository/io/opentelemetry/opentelemetry-context/1.0.0/opentelemetry-context-1.0.0.jar:/Users/yinonwishi/.m2/repository/io/opentelemetry/opentelemetry-exporter-logging/1.0.0/opentelemetry-exporter-logging-1.0.0.jar:/Users/yinonwishi/.m2/repository/io/opentelemetry/opentelemetry-sdk-metrics/1.0.0-alpha/opentelemetry-sdk-metrics-1.0.0-alpha.jar:/Users/yinonwishi/.m2/repository/io/opentelemetry/opentelemetry-sdk-common/1.0.0/opentelemetry-sdk-common-1.0.0.jar:/Users/yinonwishi/.m2/repository/io/opentelemetry/opentelemetry-sdk-extension-autoconfigure/1.0.0-alpha/opentelemetry-sdk-extension-autoconfigure-1.0.0-alpha.jar:/Users/yinonwishi/.m2/repository/io/opentelemetry/opentelemetry-sdk-trace/1.0.0/opentelemetry-sdk-trace-1.0.0.jar:/Users/yinonwishi/.m2/repository/io/opentelemetry/opentelemetry-api-metrics/1.0.0-alpha/opentelemetry-api-metrics-1.0.0-alpha.jar:/Users/yinonwishi/.m2/repository/io/opentelemetry/opentelemetry-sdk/1.0.0/opentelemetry-sdk-1.0.0.jar:/Users/yinonwishi/.m2/repository/io/opentelemetry/opentelemetry-semconv/1.0.0-alpha/opentelemetry-semconv-1.0.0-alpha.jar:/Users/yinonwishi/.m2/repository/net/bytebuddy/byte-buddy/1.10.19/byte-buddy-1.10.19.jar:/Users/yinonwishi/.m2/repository/org/apache/commons/commons-exec/1.3/commons-exec-1.3.jar:/Users/yinonwishi/.m2/repository/org/asynchttpclient/async-http-client/2.12.2/async-http-client-2.12.2.jar:/Users/yinonwishi/.m2/repository/org/asynchttpclient/async-http-client-netty-utils/2.12.2/async-http-client-netty-utils-2.12.2.jar:/Users/yinonwishi/.m2/repository/io/netty/netty-codec-socks/4.1.53.Final/netty-codec-socks-4.1.53.Final.jar:/Users/yinonwishi/.m2/repository/io/netty/netty-handler-proxy/4.1.53.Final/netty-handler-proxy-4.1.53.Final.jar:/Users/yinonwishi/.m2/repository/io/netty/netty-transport-native-epoll/4.1.53.Final/netty-transport-native-epoll-4.1.53.Final-linux-x86_64.jar:/Users/yinonwishi/.m2/repository/io/netty/netty-transport-native-kqueue/4.1.53.Final/netty-transport-native-kqueue-4.1.53.Final-osx-x86_64.jar:/Users/yinonwishi/.m2/repository/org/reactivestreams/reactive-streams/1.0.3/reactive-streams-1.0.3.jar:/Users/yinonwishi/.m2/repository/com/typesafe/netty/netty-reactive-streams/2.0.4/netty-reactive-streams-2.0.4.jar:/Users/yinonwishi/.m2/repository/com/sun/activation/jakarta.activation/1.2.2/jakarta.activation-1.2.2.jar:/Users/yinonwishi/.m2/repository/org/seleniumhq/selenium/selenium-safari-driver/4.0.0-beta-2/selenium-safari-driver-4.0.0-beta-2.jar:/Users/yinonwishi/.m2/repository/org/seleniumhq/selenium/selenium-support/4.0.0-beta-2/selenium-support-4.0.0-beta-2.jar:/Users/yinonwishi/.m2/repository/org/apache/poi/poi-ooxml/4.1.2/poi-ooxml-4.1.2.jar:/Users/yinonwishi/.m2/repository/org/apache/poi/poi/4.1.2/poi-4.1.2.jar:/Users/yinonwishi/.m2/repository/commons-codec/commons-codec/1.13/commons-codec-1.13.jar:/Users/yinonwishi/.m2/repository/org/apache/commons/commons-collections4/4.4/commons-collections4-4.4.jar:/Users/yinonwishi/.m2/repository/org/apache/commons/commons-math3/3.6.1/commons-math3-3.6.1.jar:/Users/yinonwishi/.m2/repository/com/zaxxer/SparseBitSet/1.2/SparseBitSet-1.2.jar:/Users/yinonwishi/.m2/repository/org/apache/poi/poi-ooxml-schemas/4.1.2/poi-ooxml-schemas-4.1.2.jar:/Users/yinonwishi/.m2/repository/org/apache/xmlbeans/xmlbeans/3.1.0/xmlbeans-3.1.0.jar:/Users/yinonwishi/.m2/repository/org/apache/commons/commons-compress/1.19/commons-compress-1.19.jar:/Users/yinonwishi/.m2/repository/com/github/virtuald/curvesapi/1.06/curvesapi-1.06.jar:/Users/yinonwishi/.m2/repository/org/testng/testng/7.3.0/testng-7.3.0.jar:/Users/yinonwishi/.m2/repository/com/beust/jcommander/1.78/jcommander-1.78.jar:/Users/yinonwishi/.m2/repository/org/apache/ant/ant/1.10.3/ant-1.10.3.jar:/Users/yinonwishi/.m2/repository/org/apache/ant/ant-launcher/1.10.3/ant-launcher-1.10.3.jar:/Users/yinonwishi/.m2/repository/junit/junit/4.12/junit-4.12.jar:/Users/yinonwishi/.m2/repository/com/google/inject/guice/4.2.2/guice-4.2.2-no_aop.jar:/Users/yinonwishi/.m2/repository/javax/inject/javax.inject/1/javax.inject-1.jar:/Users/yinonwishi/.m2/repository/aopalliance/aopalliance/1.0/aopalliance-1.0.jar:/Users/yinonwishi/.m2/repository/org/yaml/snakeyaml/1.21/snakeyaml-1.21.jar:/Users/yinonwishi/.m2/repository/io/github/bonigarcia/webdrivermanager/4.3.1/webdrivermanager-4.3.1.jar:/Users/yinonwishi/.m2/repository/org/slf4j/slf4j-api/1.7.30/slf4j-api-1.7.30.jar:/Users/yinonwishi/.m2/repository/commons-io/commons-io/2.8.0/commons-io-2.8.0.jar:/Users/yinonwishi/.m2/repository/com/google/code/gson/gson/2.8.6/gson-2.8.6.jar:/Users/yinonwishi/.m2/repository/org/apache/commons/commons-lang3/3.11/commons-lang3-3.11.jar:/Users/yinonwishi/.m2/repository/org/apache/httpcomponents/client5/httpclient5/5.0.3/httpclient5-5.0.3.jar:/Users/yinonwishi/.m2/repository/org/apache/httpcomponents/core5/httpcore5/5.0.2/httpcore5-5.0.2.jar:/Users/yinonwishi/.m2/repository/org/apache/httpcomponents/core5/httpcore5-h2/5.0.2/httpcore5-h2-5.0.2.jar:/Users/yinonwishi/.m2/repository/org/rauschig/jarchivelib/1.1.0/jarchivelib-1.1.0.jar:/Users/yinonwishi/.m2/repository/org/jsoup/jsoup/1.13.1/jsoup-1.13.1.jar:/Users/yinonwishi/.m2/repository/org/slf4j/slf4j-simple/1.7.30/slf4j-simple-1.7.30.jar:/Users/yinonwishi/.m2/repository/io/rest-assured/rest-assured/4.3.3/rest-assured-4.3.3.jar:/Users/yinonwishi/.m2/repository/org/codehaus/groovy/groovy/3.0.7/groovy-3.0.7.jar:/Users/yinonwishi/.m2/repository/org/codehaus/groovy/groovy-xml/3.0.7/groovy-xml-3.0.7.jar:/Users/yinonwishi/.m2/repository/org/apache/httpcomponents/httpclient/4.5.3/httpclient-4.5.3.jar:/Users/yinonwishi/.m2/repository/org/apache/httpcomponents/httpcore/4.4.6/httpcore-4.4.6.jar:/Users/yinonwishi/.m2/repository/commons-logging/commons-logging/1.2/commons-logging-1.2.jar:/Users/yinonwishi/.m2/repository/org/apache/httpcomponents/httpmime/4.5.3/httpmime-4.5.3.jar:/Users/yinonwishi/.m2/repository/org/hamcrest/hamcrest/2.1/hamcrest-2.1.jar:/Users/yinonwishi/.m2/repository/org/ccil/cowan/tagsoup/tagsoup/1.2.1/tagsoup-1.2.1.jar:/Users/yinonwishi/.m2/repository/io/rest-assured/json-path/4.3.3/json-path-4.3.3.jar:/Users/yinonwishi/.m2/repository/org/codehaus/groovy/groovy-json/3.0.7/groovy-json-3.0.7.jar:/Users/yinonwishi/.m2/repository/io/rest-assured/rest-assured-common/4.3.3/rest-assured-common-4.3.3.jar:/Users/yinonwishi/.m2/repository/io/rest-assured/xml-path/4.3.3/xml-path-4.3.3.jar:/Users/yinonwishi/.m2/repository/jakarta/xml/bind/jakarta.xml.bind-api/2.3.3/jakarta.xml.bind-api-2.3.3.jar:/Users/yinonwishi/.m2/repository/jakarta/activation/jakarta.activation-api/1.2.2/jakarta.activation-api-1.2.2.jar:/Users/yinonwishi/.m2/repository/com/sun/xml/bind/jaxb-impl/2.3.3/jaxb-impl-2.3.3.jar:/Users/yinonwishi/.m2/repository/org/hamcrest/hamcrest-core/2.2/hamcrest-core-2.2.jar:/Users/yinonwishi/.m2/repository/io/qameta/allure/allure-testng/2.13.8/allure-testng-2.13.8.jar:/Users/yinonwishi/.m2/repository/io/qameta/allure/allure-java-commons/2.13.8/allure-java-commons-2.13.8.jar:/Users/yinonwishi/.m2/repository/io/qameta/allure/allure-model/2.13.8/allure-model-2.13.8.jar:/Users/yinonwishi/.m2/repository/com/fasterxml/jackson/core/jackson-databind/2.11.3/jackson-databind-2.11.3.jar:/Users/yinonwishi/.m2/repository/com/fasterxml/jackson/core/jackson-annotations/2.11.3/jackson-annotations-2.11.3.jar:/Users/yinonwishi/.m2/repository/com/fasterxml/jackson/core/jackson-core/2.11.3/jackson-core-2.11.3.jar:/Users/yinonwishi/.m2/repository/org/apache/tika/tika-core/1.24.1/tika-core-1.24.1.jar:/Users/yinonwishi/.m2/repository/org/jooq/joor-java-8/0.9.13/joor-java-8-0.9.13.jar:"/>
    <property name="allure.results.directory" value="/Users/yinonwishi/newWishiproject/workspace/newWishiproject/target/allure-results"/>
    <property name="sun.cpu.endian" value="little"/>
    <property name="user.home" value="/Users/yinonwishi"/>
    <property name="user.language" value="en"/>
    <property name="java.specification.vendor" value="Oracle Corporation"/>
    <property name="java.version.date" value="2021-01-19"/>
    <property name="java.home" value="/usr/local/Cellar/openjdk/15.0.2/libexec/openjdk.jdk/Contents/Home"/>
    <property name="file.separator" value="/"/>
    <property name="allure.link.tms.pattern" value="https://example.org/tms/{}"/>
    <property name="basedir" value="/Users/yinonwishi/newWishiproject/workspace/newWishiproject"/>
    <property name="java.vm.compressedOopsMode" value="Zero based"/>
    <property name="line.separator" value="&#10;"/>
    <property name="java.vm.specification.vendor" value="Oracle Corporation"/>
    <property name="java.specification.name" value="Java Platform API Specification"/>
    <property name="surefire.real.class.path" value="/Users/yinonwishi/newWishiproject/workspace/newWishiproject/target/surefire/surefirebooter2237110553994873021.jar"/>
    <property name="sun.management.compiler" value="HotSpot 64-Bit Tiered Compilers"/>
    <property name="ftp.nonProxyHosts" value="local|*.local|169.254/16|*.169.254/16"/>
    <property name="java.runtime.version" value="15.0.2+7"/>
    <property name="user.name" value="yinonwishi"/>
    <property name="path.separator" value=":"/>
    <property name="os.version" value="11.2.3"/>
    <property name="java.runtime.name" value="OpenJDK Runtime Environment"/>
    <property name="file.encoding" value="US-ASCII"/>
    <property name="sun.nio.ch.bugLevel" value=""/>
    <property name="java.vm.name" value="OpenJDK 64-Bit Server VM"/>
    <property name="localRepository" value="/Users/yinonwishi/.m2/repository"/>
    <property name="java.vendor.url.bug" value="https://bugreport.java.com/bugreport/"/>
    <property name="java.io.tmpdir" value="/var/folders/xz/jk5hy2jd3sb1_2b_tghyzylw0000gn/T/"/>
    <property name="java.version" value="15.0.2"/>
    <property name="user.dir" value="/Users/yinonwishi/newWishiproject/workspace/newWishiproject"/>
    <property name="os.arch" value="x86_64"/>
    <property name="java.vm.specification.name" value="Java Virtual Machine Specification"/>
    <property name="java.library.path" value="/Users/yinonwishi/Library/Java/Extensions:/Library/Java/Extensions:/Network/Library/Java/Extensions:/System/Library/Java/Extensions:/usr/lib/java:."/>
    <property name="java.vm.info" value="mixed mode, sharing"/>
    <property name="java.vendor" value="N/A"/>
    <property name="java.vm.version" value="15.0.2+7"/>
    <property name="sun.io.unicode.encoding" value="UnicodeBig"/>
    <property name="socksNonProxyHosts" value="local|*.local|169.254/16|*.169.254/16"/>
    <property name="java.class.version" value="59.0"/>
  </properties>
  <testcase name="FillPasswordWithOutToFillEmail" classname="TestsObjects.LoginTest" time="0.964">
    <system-out><![CDATA[This is onStart method/Users/yinonwishi/newWishiproject/workspace/newWishiproject/target/surefire-reports/Suite
New Test Started FillPasswordWithOutToFillEmail
New Test Started FillEmailWitoutShtudel
Test Successfully Finished  FillPasswordWithOutToFillEmail
]]></system-out>
    <system-err><![CDATA[[TestNG-test=Test-2] INFO io.github.bonigarcia.wdm.WebDriverManager - Using chromedriver 90.0.4430.24 (resolved driver for Chrome 90)
[TestNG-test=Test-2] INFO io.github.bonigarcia.wdm.WebDriverManager - Exporting webdriver.chrome.driver as /Users/yinonwishi/.cache/selenium/chromedriver/mac64/90.0.4430.24/chromedriver
[TestNG-test=Test-1] INFO io.github.bonigarcia.wdm.WebDriverManager - Using chromedriver 90.0.4430.24 (resolved driver for Chrome 90)
[TestNG-test=Test-1] INFO io.github.bonigarcia.wdm.WebDriverManager - Exporting webdriver.chrome.driver as /Users/yinonwishi/.cache/selenium/chromedriver/mac64/90.0.4430.24/chromedriver
StSatratritnign gC hCrhormoemDeDrriivveerr 90.0 .9404.300..244430. 24( (44cc66dd8850f50807fd0a8476d7ad49627d69e286eded8be7dd6b57506a5e5d06a55e9d9615-5r9e9f1s-/rberfasn/cbh-rhaenadcsh/-4h4e3a0d@s{/#444239}0)@ {o#n4 2p9o}r)t  3o9n6 0p5o
rOtn l2y9 9l2o9c
aOln cloyn nleocctiaoln sc oanrnee catliloonwse da.r
Pleea saell soeweed h.
tPtplsea:s/e/c hsereo mhtedtprisv:/e/r.cchhrroomemdiurmi.voerrg.c/sherocumriiutmy.-orcogn/ssiedceurraittyi-oncson sfoidre sruagtgieosns fort sioungsg eostn ikoenes pionng  kCeehproimneg DCrihvroerm esDarfiev.e
r safe.
CChhrroommeeDDrrivievre rw awsa ss sttaarrtteedd  ssuucccceesssfsuflullyl.y
.
May 02, 2021 11:44:36 PM org.openqa.selenium.remote.ProtocolHandshake createSession
INFO: Detected dialect: W3C
May 02, 2021 11:44:36 PM org.openqa.selenium.remote.ProtocolHandshake createSession
INFO: Detected dialect: W3C
May 02, 2021 11:44:36 PM org.openqa.selenium.devtools.CdpVersionFinder findNearestMatch
WARNING: Unable to find an exact match for CDP version 90, so returning the closest version found: 89
May 02, 2021 11:44:36 PM org.openqa.selenium.devtools.CdpVersionFinder findNearestMatch
INFO: Found CDP implementation for version 90 of 89
May 02, 2021 11:44:36 PM org.openqa.selenium.devtools.CdpVersionFinder findNearestMatch
WARNING: Unable to find an exact match for CDP version 90, so returning the closest version found: 89
May 02, 2021 11:44:36 PM org.openqa.selenium.devtools.CdpVersionFinder findNearestMatch
INFO: Found CDP implementation for version 90 of 89
[TestNG-test=Test-1] ERROR io.qameta.allure.util.NamingUtils - Could not find parameter password
[TestNG-test=Test-2] ERROR io.qameta.allure.util.NamingUtils - Could not find parameter fullname
[TestNG-test=Test-2] ERROR io.qameta.allure.util.NamingUtils - Could not find parameter Email
]]></system-err>
  </testcase>
  <testcase name="FillEmailWithOutToFillPassword" classname="TestsObjects.LoginTest" time="0.676">
    <system-out><![CDATA[New Test Started FillEmailWithOutToFillPassword
Test Successfully Finished  FillEmailWithOutToFillPassword
]]></system-out>
    <system-err><![CDATA[[TestNG-test=Test-2] ERROR io.qameta.allure.util.NamingUtils - Could not find parameter password
[TestNG-test=Test-1] ERROR io.qameta.allure.util.NamingUtils - Could not find parameter name
]]></system-err>
  </testcase>
  <testcase name="ClickLoginwWithOutToFillAnyFields" classname="TestsObjects.LoginTest" time="0.54">
    <system-out><![CDATA[New Test Started ClickLoginwWithOutToFillAnyFields
Test Successfully Finished  ClickLoginwWithOutToFillAnyFields
]]></system-out>
  </testcase>
  <testcase name="FillCorrectEmailWithWrongPassword" classname="TestsObjects.LoginTest" time="1.765">
    <system-out><![CDATA[New Test Started FillCorrectEmailWithWrongPassword
Test Successfully Finished  FillCorrectEmailWithWrongPassword
]]></system-out>
    <system-err><![CDATA[[TestNG-test=Test-1] ERROR io.qameta.allure.util.NamingUtils - Could not find parameter name
[TestNG-test=Test-1] ERROR io.qameta.allure.util.NamingUtils - Could not find parameter password
]]></system-err>
  </testcase>
  <testcase name="FillCorrectPasswordWithWrongEmail" classname="TestsObjects.LoginTest" time="1.255">
    <system-out><![CDATA[New Test Started FillCorrectPasswordWithWrongEmail
Test Successfully Finished  FillCorrectPasswordWithWrongEmail
]]></system-out>
    <system-err><![CDATA[[TestNG-test=Test-1] ERROR io.qameta.allure.util.NamingUtils - Could not find parameter name
[TestNG-test=Test-1] ERROR io.qameta.allure.util.NamingUtils - Could not find parameter password
]]></system-err>
  </testcase>
  <testcase name="FillHebLettersEmail" classname="TestsObjects.LoginTest" time="1.269">
    <system-out><![CDATA[New Test Started FillHebLettersEmail
Test Successfully Finished  FillHebLettersEmail
]]></system-out>
    <system-err><![CDATA[[TestNG-test=Test-1] ERROR io.qameta.allure.util.NamingUtils - Could not find parameter name
[TestNG-test=Test-1] ERROR io.qameta.allure.util.NamingUtils - Could not find parameter password
]]></system-err>
  </testcase>
  <testcase name="DoLogin" classname="TestsObjects.LoginTest" time="1.629">
    <system-out><![CDATA[New Test Started DoLogin
Test Successfully Finished  DoLogin
]]></system-out>
    <system-err><![CDATA[[TestNG-test=Test-1] ERROR io.qameta.allure.util.NamingUtils - Could not find parameter name
[TestNG-test=Test-1] ERROR io.qameta.allure.util.NamingUtils - Could not find parameter password
]]></system-err>
  </testcase>
</testsuite>