<?xml version="1.0" encoding="UTF-8"?>
<testsuite xmlns:xsi="http://www.w3.org/2001/XMLSchema-instance" xsi:noNamespaceSchemaLocation="https://maven.apache.org/surefire/maven-surefire-plugin/xsd/surefire-test-report-3.0.xsd" version="3.0" name="TestSuite" time="199.084" tests="45" errors="0" skipped="0" failures="3">
  <properties>
    <property name="java.specification.version" value="15"/>
    <property name="webdriver.chrome.driver" value="/Users/yinonwishi/.cache/selenium/chromedriver/mac64/91.0.4472.101/chromedriver"/>
    <property name="sun.jnu.encoding" value="UTF-8"/>
    <property name="java.class.path" value="/Users/yinonwishi/newWishiproject/target/test-classes:/Users/yinonwishi/newWishiproject/target/classes:/Users/yinonwishi/.m2/repository/org/aspectj/aspectjweaver/1.9.6/aspectjweaver-1.9.6.jar:/Users/yinonwishi/.m2/repository/org/seleniumhq/selenium/selenium-java/4.0.0-beta-2/selenium-java-4.0.0-beta-2.jar:/Users/yinonwishi/.m2/repository/org/seleniumhq/selenium/selenium-api/4.0.0-beta-2/selenium-api-4.0.0-beta-2.jar:/Users/yinonwishi/.m2/repository/org/seleniumhq/selenium/selenium-chrome-driver/4.0.0-beta-2/selenium-chrome-driver-4.0.0-beta-2.jar:/Users/yinonwishi/.m2/repository/com/google/auto/service/auto-service-annotations/1.0-rc7/auto-service-annotations-1.0-rc7.jar:/Users/yinonwishi/.m2/repository/com/google/auto/service/auto-service/1.0-rc7/auto-service-1.0-rc7.jar:/Users/yinonwishi/.m2/repository/com/google/auto/auto-common/0.10/auto-common-0.10.jar:/Users/yinonwishi/.m2/repository/com/google/guava/guava/30.1-jre/guava-30.1-jre.jar:/Users/yinonwishi/.m2/repository/com/google/guava/failureaccess/1.0.1/failureaccess-1.0.1.jar:/Users/yinonwishi/.m2/repository/com/google/guava/listenablefuture/9999.0-empty-to-avoid-conflict-with-guava/listenablefuture-9999.0-empty-to-avoid-conflict-with-guava.jar:/Users/yinonwishi/.m2/repository/com/google/code/findbugs/jsr305/3.0.2/jsr305-3.0.2.jar:/Users/yinonwishi/.m2/repository/org/checkerframework/checker-qual/3.5.0/checker-qual-3.5.0.jar:/Users/yinonwishi/.m2/repository/com/google/errorprone/error_prone_annotations/2.3.4/error_prone_annotations-2.3.4.jar:/Users/yinonwishi/.m2/repository/com/google/j2objc/j2objc-annotations/1.3/j2objc-annotations-1.3.jar:/Users/yinonwishi/.m2/repository/org/seleniumhq/selenium/selenium-chromium-driver/4.0.0-beta-2/selenium-chromium-driver-4.0.0-beta-2.jar:/Users/yinonwishi/.m2/repository/org/seleniumhq/selenium/selenium-devtools/4.0.0-beta-2/selenium-devtools-4.0.0-beta-2.jar:/Users/yinonwishi/.m2/repository/org/seleniumhq/selenium/selenium-http/4.0.0-beta-2/selenium-http-4.0.0-beta-2.jar:/Users/yinonwishi/.m2/repository/org/seleniumhq/selenium/selenium-json/4.0.0-beta-2/selenium-json-4.0.0-beta-2.jar:/Users/yinonwishi/.m2/repository/org/seleniumhq/selenium/selenium-devtools-v85/4.0.0-beta-2/selenium-devtools-v85-4.0.0-beta-2.jar:/Users/yinonwishi/.m2/repository/org/seleniumhq/selenium/selenium-devtools-v86/4.0.0-beta-2/selenium-devtools-v86-4.0.0-beta-2.jar:/Users/yinonwishi/.m2/repository/org/seleniumhq/selenium/selenium-devtools-v87/4.0.0-beta-2/selenium-devtools-v87-4.0.0-beta-2.jar:/Users/yinonwishi/.m2/repository/org/seleniumhq/selenium/selenium-devtools-v88/4.0.0-beta-2/selenium-devtools-v88-4.0.0-beta-2.jar:/Users/yinonwishi/.m2/repository/org/seleniumhq/selenium/selenium-devtools-v89/4.0.0-beta-2/selenium-devtools-v89-4.0.0-beta-2.jar:/Users/yinonwishi/.m2/repository/org/seleniumhq/selenium/selenium-edge-driver/4.0.0-beta-2/selenium-edge-driver-4.0.0-beta-2.jar:/Users/yinonwishi/.m2/repository/org/seleniumhq/selenium/selenium-firefox-driver/4.0.0-beta-2/selenium-firefox-driver-4.0.0-beta-2.jar:/Users/yinonwishi/.m2/repository/org/seleniumhq/selenium/selenium-firefox-xpi-driver/4.0.0-beta-2/selenium-firefox-xpi-driver-4.0.0-beta-2.jar:/Users/yinonwishi/.m2/repository/org/seleniumhq/selenium/selenium-ie-driver/4.0.0-beta-2/selenium-ie-driver-4.0.0-beta-2.jar:/Users/yinonwishi/.m2/repository/org/seleniumhq/selenium/selenium-opera-driver/4.0.0-beta-2/selenium-opera-driver-4.0.0-beta-2.jar:/Users/yinonwishi/.m2/repository/org/seleniumhq/selenium/selenium-remote-driver/4.0.0-beta-2/selenium-remote-driver-4.0.0-beta-2.jar:/Users/yinonwishi/.m2/repository/io/netty/netty-buffer/4.1.58.Final/netty-buffer-4.1.58.Final.jar:/Users/yinonwishi/.m2/repository/io/netty/netty-codec-http/4.1.58.Final/netty-codec-http-4.1.58.Final.jar:/Users/yinonwishi/.m2/repository/io/netty/netty-codec/4.1.58.Final/netty-codec-4.1.58.Final.jar:/Users/yinonwishi/.m2/repository/io/netty/netty-handler/4.1.58.Final/netty-handler-4.1.58.Final.jar:/Users/yinonwishi/.m2/repository/io/netty/netty-common/4.1.58.Final/netty-common-4.1.58.Final.jar:/Users/yinonwishi/.m2/repository/io/netty/netty-transport-native-epoll/4.1.58.Final/netty-transport-native-epoll-4.1.58.Final.jar:/Users/yinonwishi/.m2/repository/io/netty/netty-transport-native-kqueue/4.1.58.Final/netty-transport-native-kqueue-4.1.58.Final.jar:/Users/yinonwishi/.m2/repository/io/netty/netty-transport-native-unix-common/4.1.58.Final/netty-transport-native-unix-common-4.1.58.Final.jar:/Users/yinonwishi/.m2/repository/io/netty/netty-transport/4.1.58.Final/netty-transport-4.1.58.Final.jar:/Users/yinonwishi/.m2/repository/io/netty/netty-resolver/4.1.58.Final/netty-resolver-4.1.58.Final.jar:/Users/yinonwishi/.m2/repository/io/opentelemetry/opentelemetry-api/1.0.0/opentelemetry-api-1.0.0.jar:/Users/yinonwishi/.m2/repository/io/opentelemetry/opentelemetry-context/1.0.0/opentelemetry-context-1.0.0.jar:/Users/yinonwishi/.m2/repository/io/opentelemetry/opentelemetry-exporter-logging/1.0.0/opentelemetry-exporter-logging-1.0.0.jar:/Users/yinonwishi/.m2/repository/io/opentelemetry/opentelemetry-sdk-metrics/1.0.0-alpha/opentelemetry-sdk-metrics-1.0.0-alpha.jar:/Users/yinonwishi/.m2/repository/io/opentelemetry/opentelemetry-sdk-common/1.0.0/opentelemetry-sdk-common-1.0.0.jar:/Users/yinonwishi/.m2/repository/io/opentelemetry/opentelemetry-sdk-extension-autoconfigure/1.0.0-alpha/opentelemetry-sdk-extension-autoconfigure-1.0.0-alpha.jar:/Users/yinonwishi/.m2/repository/io/opentelemetry/opentelemetry-sdk-trace/1.0.0/opentelemetry-sdk-trace-1.0.0.jar:/Users/yinonwishi/.m2/repository/io/opentelemetry/opentelemetry-api-metrics/1.0.0-alpha/opentelemetry-api-metrics-1.0.0-alpha.jar:/Users/yinonwishi/.m2/repository/io/opentelemetry/opentelemetry-sdk/1.0.0/opentelemetry-sdk-1.0.0.jar:/Users/yinonwishi/.m2/repository/io/opentelemetry/opentelemetry-semconv/1.0.0-alpha/opentelemetry-semconv-1.0.0-alpha.jar:/Users/yinonwishi/.m2/repository/net/bytebuddy/byte-buddy/1.10.19/byte-buddy-1.10.19.jar:/Users/yinonwishi/.m2/repository/org/apache/commons/commons-exec/1.3/commons-exec-1.3.jar:/Users/yinonwishi/.m2/repository/org/asynchttpclient/async-http-client/2.12.2/async-http-client-2.12.2.jar:/Users/yinonwishi/.m2/repository/org/asynchttpclient/async-http-client-netty-utils/2.12.2/async-http-client-netty-utils-2.12.2.jar:/Users/yinonwishi/.m2/repository/io/netty/netty-codec-socks/4.1.53.Final/netty-codec-socks-4.1.53.Final.jar:/Users/yinonwishi/.m2/repository/io/netty/netty-handler-proxy/4.1.53.Final/netty-handler-proxy-4.1.53.Final.jar:/Users/yinonwishi/.m2/repository/io/netty/netty-transport-native-epoll/4.1.53.Final/netty-transport-native-epoll-4.1.53.Final-linux-x86_64.jar:/Users/yinonwishi/.m2/repository/io/netty/netty-transport-native-kqueue/4.1.53.Final/netty-transport-native-kqueue-4.1.53.Final-osx-x86_64.jar:/Users/yinonwishi/.m2/repository/org/reactivestreams/reactive-streams/1.0.3/reactive-streams-1.0.3.jar:/Users/yinonwishi/.m2/repository/com/typesafe/netty/netty-reactive-streams/2.0.4/netty-reactive-streams-2.0.4.jar:/Users/yinonwishi/.m2/repository/com/sun/activation/jakarta.activation/1.2.2/jakarta.activation-1.2.2.jar:/Users/yinonwishi/.m2/repository/org/seleniumhq/selenium/selenium-safari-driver/4.0.0-beta-2/selenium-safari-driver-4.0.0-beta-2.jar:/Users/yinonwishi/.m2/repository/org/seleniumhq/selenium/selenium-support/4.0.0-beta-2/selenium-support-4.0.0-beta-2.jar:/Users/yinonwishi/.m2/repository/org/apache/poi/poi-ooxml/4.1.2/poi-ooxml-4.1.2.jar:/Users/yinonwishi/.m2/repository/org/apache/poi/poi/4.1.2/poi-4.1.2.jar:/Users/yinonwishi/.m2/repository/commons-codec/commons-codec/1.13/commons-codec-1.13.jar:/Users/yinonwishi/.m2/repository/org/apache/commons/commons-collections4/4.4/commons-collections4-4.4.jar:/Users/yinonwishi/.m2/repository/org/apache/commons/commons-math3/3.6.1/commons-math3-3.6.1.jar:/Users/yinonwishi/.m2/repository/com/zaxxer/SparseBitSet/1.2/SparseBitSet-1.2.jar:/Users/yinonwishi/.m2/repository/org/apache/poi/poi-ooxml-schemas/4.1.2/poi-ooxml-schemas-4.1.2.jar:/Users/yinonwishi/.m2/repository/org/apache/xmlbeans/xmlbeans/3.1.0/xmlbeans-3.1.0.jar:/Users/yinonwishi/.m2/repository/org/apache/commons/commons-compress/1.19/commons-compress-1.19.jar:/Users/yinonwishi/.m2/repository/com/github/virtuald/curvesapi/1.06/curvesapi-1.06.jar:/Users/yinonwishi/.m2/repository/org/testng/testng/7.3.0/testng-7.3.0.jar:/Users/yinonwishi/.m2/repository/com/beust/jcommander/1.78/jcommander-1.78.jar:/Users/yinonwishi/.m2/repository/org/apache/ant/ant/1.10.3/ant-1.10.3.jar:/Users/yinonwishi/.m2/repository/org/apache/ant/ant-launcher/1.10.3/ant-launcher-1.10.3.jar:/Users/yinonwishi/.m2/repository/junit/junit/4.12/junit-4.12.jar:/Users/yinonwishi/.m2/repository/com/google/inject/guice/4.2.2/guice-4.2.2-no_aop.jar:/Users/yinonwishi/.m2/repository/javax/inject/javax.inject/1/javax.inject-1.jar:/Users/yinonwishi/.m2/repository/aopalliance/aopalliance/1.0/aopalliance-1.0.jar:/Users/yinonwishi/.m2/repository/org/yaml/snakeyaml/1.21/snakeyaml-1.21.jar:/Users/yinonwishi/.m2/repository/io/github/bonigarcia/webdrivermanager/4.3.1/webdrivermanager-4.3.1.jar:/Users/yinonwishi/.m2/repository/org/slf4j/slf4j-api/1.7.30/slf4j-api-1.7.30.jar:/Users/yinonwishi/.m2/repository/commons-io/commons-io/2.8.0/commons-io-2.8.0.jar:/Users/yinonwishi/.m2/repository/com/google/code/gson/gson/2.8.6/gson-2.8.6.jar:/Users/yinonwishi/.m2/repository/org/apache/commons/commons-lang3/3.11/commons-lang3-3.11.jar:/Users/yinonwishi/.m2/repository/org/apache/httpcomponents/client5/httpclient5/5.0.3/httpclient5-5.0.3.jar:/Users/yinonwishi/.m2/repository/org/apache/httpcomponents/core5/httpcore5/5.0.2/httpcore5-5.0.2.jar:/Users/yinonwishi/.m2/repository/org/apache/httpcomponents/core5/httpcore5-h2/5.0.2/httpcore5-h2-5.0.2.jar:/Users/yinonwishi/.m2/repository/org/rauschig/jarchivelib/1.1.0/jarchivelib-1.1.0.jar:/Users/yinonwishi/.m2/repository/org/jsoup/jsoup/1.13.1/jsoup-1.13.1.jar:/Users/yinonwishi/.m2/repository/org/slf4j/slf4j-simple/1.7.30/slf4j-simple-1.7.30.jar:/Users/yinonwishi/.m2/repository/io/rest-assured/rest-assured/4.3.3/rest-assured-4.3.3.jar:/Users/yinonwishi/.m2/repository/org/codehaus/groovy/groovy/3.0.7/groovy-3.0.7.jar:/Users/yinonwishi/.m2/repository/org/codehaus/groovy/groovy-xml/3.0.7/groovy-xml-3.0.7.jar:/Users/yinonwishi/.m2/repository/org/apache/httpcomponents/httpclient/4.5.3/httpclient-4.5.3.jar:/Users/yinonwishi/.m2/repository/org/apache/httpcomponents/httpcore/4.4.6/httpcore-4.4.6.jar:/Users/yinonwishi/.m2/repository/commons-logging/commons-logging/1.2/commons-logging-1.2.jar:/Users/yinonwishi/.m2/repository/org/apache/httpcomponents/httpmime/4.5.3/httpmime-4.5.3.jar:/Users/yinonwishi/.m2/repository/org/hamcrest/hamcrest/2.1/hamcrest-2.1.jar:/Users/yinonwishi/.m2/repository/org/ccil/cowan/tagsoup/tagsoup/1.2.1/tagsoup-1.2.1.jar:/Users/yinonwishi/.m2/repository/io/rest-assured/json-path/4.3.3/json-path-4.3.3.jar:/Users/yinonwishi/.m2/repository/org/codehaus/groovy/groovy-json/3.0.7/groovy-json-3.0.7.jar:/Users/yinonwishi/.m2/repository/io/rest-assured/rest-assured-common/4.3.3/rest-assured-common-4.3.3.jar:/Users/yinonwishi/.m2/repository/io/rest-assured/xml-path/4.3.3/xml-path-4.3.3.jar:/Users/yinonwishi/.m2/repository/jakarta/xml/bind/jakarta.xml.bind-api/2.3.3/jakarta.xml.bind-api-2.3.3.jar:/Users/yinonwishi/.m2/repository/jakarta/activation/jakarta.activation-api/1.2.2/jakarta.activation-api-1.2.2.jar:/Users/yinonwishi/.m2/repository/com/sun/xml/bind/jaxb-impl/2.3.3/jaxb-impl-2.3.3.jar:/Users/yinonwishi/.m2/repository/org/hamcrest/hamcrest-core/2.2/hamcrest-core-2.2.jar:/Users/yinonwishi/.m2/repository/io/qameta/allure/allure-testng/2.13.8/allure-testng-2.13.8.jar:/Users/yinonwishi/.m2/repository/io/qameta/allure/allure-java-commons/2.13.8/allure-java-commons-2.13.8.jar:/Users/yinonwishi/.m2/repository/io/qameta/allure/allure-model/2.13.8/allure-model-2.13.8.jar:/Users/yinonwishi/.m2/repository/com/fasterxml/jackson/core/jackson-databind/2.11.3/jackson-databind-2.11.3.jar:/Users/yinonwishi/.m2/repository/com/fasterxml/jackson/core/jackson-annotations/2.11.3/jackson-annotations-2.11.3.jar:/Users/yinonwishi/.m2/repository/com/fasterxml/jackson/core/jackson-core/2.11.3/jackson-core-2.11.3.jar:/Users/yinonwishi/.m2/repository/org/apache/tika/tika-core/1.24.1/tika-core-1.24.1.jar:/Users/yinonwishi/.m2/repository/org/jooq/joor-java-8/0.9.13/joor-java-8-0.9.13.jar:"/>
    <property name="java.vm.vendor" value="Oracle Corporation"/>
    <property name="sun.arch.data.model" value="64"/>
    <property name="java.vendor.url" value="https://openjdk.java.net/"/>
    <property name="user.timezone" value="Asia/Jerusalem"/>
    <property name="os.name" value="Mac OS X"/>
    <property name="java.vm.specification.version" value="15"/>
    <property name="sun.java.launcher" value="SUN_STANDARD"/>
    <property name="user.country" value="IL"/>
    <property name="allure.link.issue.pattern" value="https://example.org/issue/{}"/>
    <property name="sun.boot.library.path" value="/usr/local/Cellar/openjdk/15.0.2/libexec/openjdk.jdk/Contents/Home/lib"/>
    <property name="sun.java.command" value="/Users/yinonwishi/newWishiproject/target/surefire/surefirebooter6516229386958386087.jar /Users/yinonwishi/newWishiproject/target/surefire 2021-06-23T07-57-52_528-jvmRun1 surefire3658999401361201616tmp surefire_015259943000973042541tmp"/>
    <property name="http.nonProxyHosts" value="local|*.local|169.254/16|*.169.254/16"/>
    <property name="jdk.debug" value="release"/>
    <property name="surefire.test.class.path" value="/Users/yinonwishi/newWishiproject/target/test-classes:/Users/yinonwishi/newWishiproject/target/classes:/Users/yinonwishi/.m2/repository/org/aspectj/aspectjweaver/1.9.6/aspectjweaver-1.9.6.jar:/Users/yinonwishi/.m2/repository/org/seleniumhq/selenium/selenium-java/4.0.0-beta-2/selenium-java-4.0.0-beta-2.jar:/Users/yinonwishi/.m2/repository/org/seleniumhq/selenium/selenium-api/4.0.0-beta-2/selenium-api-4.0.0-beta-2.jar:/Users/yinonwishi/.m2/repository/org/seleniumhq/selenium/selenium-chrome-driver/4.0.0-beta-2/selenium-chrome-driver-4.0.0-beta-2.jar:/Users/yinonwishi/.m2/repository/com/google/auto/service/auto-service-annotations/1.0-rc7/auto-service-annotations-1.0-rc7.jar:/Users/yinonwishi/.m2/repository/com/google/auto/service/auto-service/1.0-rc7/auto-service-1.0-rc7.jar:/Users/yinonwishi/.m2/repository/com/google/auto/auto-common/0.10/auto-common-0.10.jar:/Users/yinonwishi/.m2/repository/com/google/guava/guava/30.1-jre/guava-30.1-jre.jar:/Users/yinonwishi/.m2/repository/com/google/guava/failureaccess/1.0.1/failureaccess-1.0.1.jar:/Users/yinonwishi/.m2/repository/com/google/guava/listenablefuture/9999.0-empty-to-avoid-conflict-with-guava/listenablefuture-9999.0-empty-to-avoid-conflict-with-guava.jar:/Users/yinonwishi/.m2/repository/com/google/code/findbugs/jsr305/3.0.2/jsr305-3.0.2.jar:/Users/yinonwishi/.m2/repository/org/checkerframework/checker-qual/3.5.0/checker-qual-3.5.0.jar:/Users/yinonwishi/.m2/repository/com/google/errorprone/error_prone_annotations/2.3.4/error_prone_annotations-2.3.4.jar:/Users/yinonwishi/.m2/repository/com/google/j2objc/j2objc-annotations/1.3/j2objc-annotations-1.3.jar:/Users/yinonwishi/.m2/repository/org/seleniumhq/selenium/selenium-chromium-driver/4.0.0-beta-2/selenium-chromium-driver-4.0.0-beta-2.jar:/Users/yinonwishi/.m2/repository/org/seleniumhq/selenium/selenium-devtools/4.0.0-beta-2/selenium-devtools-4.0.0-beta-2.jar:/Users/yinonwishi/.m2/repository/org/seleniumhq/selenium/selenium-http/4.0.0-beta-2/selenium-http-4.0.0-beta-2.jar:/Users/yinonwishi/.m2/repository/org/seleniumhq/selenium/selenium-json/4.0.0-beta-2/selenium-json-4.0.0-beta-2.jar:/Users/yinonwishi/.m2/repository/org/seleniumhq/selenium/selenium-devtools-v85/4.0.0-beta-2/selenium-devtools-v85-4.0.0-beta-2.jar:/Users/yinonwishi/.m2/repository/org/seleniumhq/selenium/selenium-devtools-v86/4.0.0-beta-2/selenium-devtools-v86-4.0.0-beta-2.jar:/Users/yinonwishi/.m2/repository/org/seleniumhq/selenium/selenium-devtools-v87/4.0.0-beta-2/selenium-devtools-v87-4.0.0-beta-2.jar:/Users/yinonwishi/.m2/repository/org/seleniumhq/selenium/selenium-devtools-v88/4.0.0-beta-2/selenium-devtools-v88-4.0.0-beta-2.jar:/Users/yinonwishi/.m2/repository/org/seleniumhq/selenium/selenium-devtools-v89/4.0.0-beta-2/selenium-devtools-v89-4.0.0-beta-2.jar:/Users/yinonwishi/.m2/repository/org/seleniumhq/selenium/selenium-edge-driver/4.0.0-beta-2/selenium-edge-driver-4.0.0-beta-2.jar:/Users/yinonwishi/.m2/repository/org/seleniumhq/selenium/selenium-firefox-driver/4.0.0-beta-2/selenium-firefox-driver-4.0.0-beta-2.jar:/Users/yinonwishi/.m2/repository/org/seleniumhq/selenium/selenium-firefox-xpi-driver/4.0.0-beta-2/selenium-firefox-xpi-driver-4.0.0-beta-2.jar:/Users/yinonwishi/.m2/repository/org/seleniumhq/selenium/selenium-ie-driver/4.0.0-beta-2/selenium-ie-driver-4.0.0-beta-2.jar:/Users/yinonwishi/.m2/repository/org/seleniumhq/selenium/selenium-opera-driver/4.0.0-beta-2/selenium-opera-driver-4.0.0-beta-2.jar:/Users/yinonwishi/.m2/repository/org/seleniumhq/selenium/selenium-remote-driver/4.0.0-beta-2/selenium-remote-driver-4.0.0-beta-2.jar:/Users/yinonwishi/.m2/repository/io/netty/netty-buffer/4.1.58.Final/netty-buffer-4.1.58.Final.jar:/Users/yinonwishi/.m2/repository/io/netty/netty-codec-http/4.1.58.Final/netty-codec-http-4.1.58.Final.jar:/Users/yinonwishi/.m2/repository/io/netty/netty-codec/4.1.58.Final/netty-codec-4.1.58.Final.jar:/Users/yinonwishi/.m2/repository/io/netty/netty-handler/4.1.58.Final/netty-handler-4.1.58.Final.jar:/Users/yinonwishi/.m2/repository/io/netty/netty-common/4.1.58.Final/netty-common-4.1.58.Final.jar:/Users/yinonwishi/.m2/repository/io/netty/netty-transport-native-epoll/4.1.58.Final/netty-transport-native-epoll-4.1.58.Final.jar:/Users/yinonwishi/.m2/repository/io/netty/netty-transport-native-kqueue/4.1.58.Final/netty-transport-native-kqueue-4.1.58.Final.jar:/Users/yinonwishi/.m2/repository/io/netty/netty-transport-native-unix-common/4.1.58.Final/netty-transport-native-unix-common-4.1.58.Final.jar:/Users/yinonwishi/.m2/repository/io/netty/netty-transport/4.1.58.Final/netty-transport-4.1.58.Final.jar:/Users/yinonwishi/.m2/repository/io/netty/netty-resolver/4.1.58.Final/netty-resolver-4.1.58.Final.jar:/Users/yinonwishi/.m2/repository/io/opentelemetry/opentelemetry-api/1.0.0/opentelemetry-api-1.0.0.jar:/Users/yinonwishi/.m2/repository/io/opentelemetry/opentelemetry-context/1.0.0/opentelemetry-context-1.0.0.jar:/Users/yinonwishi/.m2/repository/io/opentelemetry/opentelemetry-exporter-logging/1.0.0/opentelemetry-exporter-logging-1.0.0.jar:/Users/yinonwishi/.m2/repository/io/opentelemetry/opentelemetry-sdk-metrics/1.0.0-alpha/opentelemetry-sdk-metrics-1.0.0-alpha.jar:/Users/yinonwishi/.m2/repository/io/opentelemetry/opentelemetry-sdk-common/1.0.0/opentelemetry-sdk-common-1.0.0.jar:/Users/yinonwishi/.m2/repository/io/opentelemetry/opentelemetry-sdk-extension-autoconfigure/1.0.0-alpha/opentelemetry-sdk-extension-autoconfigure-1.0.0-alpha.jar:/Users/yinonwishi/.m2/repository/io/opentelemetry/opentelemetry-sdk-trace/1.0.0/opentelemetry-sdk-trace-1.0.0.jar:/Users/yinonwishi/.m2/repository/io/opentelemetry/opentelemetry-api-metrics/1.0.0-alpha/opentelemetry-api-metrics-1.0.0-alpha.jar:/Users/yinonwishi/.m2/repository/io/opentelemetry/opentelemetry-sdk/1.0.0/opentelemetry-sdk-1.0.0.jar:/Users/yinonwishi/.m2/repository/io/opentelemetry/opentelemetry-semconv/1.0.0-alpha/opentelemetry-semconv-1.0.0-alpha.jar:/Users/yinonwishi/.m2/repository/net/bytebuddy/byte-buddy/1.10.19/byte-buddy-1.10.19.jar:/Users/yinonwishi/.m2/repository/org/apache/commons/commons-exec/1.3/commons-exec-1.3.jar:/Users/yinonwishi/.m2/repository/org/asynchttpclient/async-http-client/2.12.2/async-http-client-2.12.2.jar:/Users/yinonwishi/.m2/repository/org/asynchttpclient/async-http-client-netty-utils/2.12.2/async-http-client-netty-utils-2.12.2.jar:/Users/yinonwishi/.m2/repository/io/netty/netty-codec-socks/4.1.53.Final/netty-codec-socks-4.1.53.Final.jar:/Users/yinonwishi/.m2/repository/io/netty/netty-handler-proxy/4.1.53.Final/netty-handler-proxy-4.1.53.Final.jar:/Users/yinonwishi/.m2/repository/io/netty/netty-transport-native-epoll/4.1.53.Final/netty-transport-native-epoll-4.1.53.Final-linux-x86_64.jar:/Users/yinonwishi/.m2/repository/io/netty/netty-transport-native-kqueue/4.1.53.Final/netty-transport-native-kqueue-4.1.53.Final-osx-x86_64.jar:/Users/yinonwishi/.m2/repository/org/reactivestreams/reactive-streams/1.0.3/reactive-streams-1.0.3.jar:/Users/yinonwishi/.m2/repository/com/typesafe/netty/netty-reactive-streams/2.0.4/netty-reactive-streams-2.0.4.jar:/Users/yinonwishi/.m2/repository/com/sun/activation/jakarta.activation/1.2.2/jakarta.activation-1.2.2.jar:/Users/yinonwishi/.m2/repository/org/seleniumhq/selenium/selenium-safari-driver/4.0.0-beta-2/selenium-safari-driver-4.0.0-beta-2.jar:/Users/yinonwishi/.m2/repository/org/seleniumhq/selenium/selenium-support/4.0.0-beta-2/selenium-support-4.0.0-beta-2.jar:/Users/yinonwishi/.m2/repository/org/apache/poi/poi-ooxml/4.1.2/poi-ooxml-4.1.2.jar:/Users/yinonwishi/.m2/repository/org/apache/poi/poi/4.1.2/poi-4.1.2.jar:/Users/yinonwishi/.m2/repository/commons-codec/commons-codec/1.13/commons-codec-1.13.jar:/Users/yinonwishi/.m2/repository/org/apache/commons/commons-collections4/4.4/commons-collections4-4.4.jar:/Users/yinonwishi/.m2/repository/org/apache/commons/commons-math3/3.6.1/commons-math3-3.6.1.jar:/Users/yinonwishi/.m2/repository/com/zaxxer/SparseBitSet/1.2/SparseBitSet-1.2.jar:/Users/yinonwishi/.m2/repository/org/apache/poi/poi-ooxml-schemas/4.1.2/poi-ooxml-schemas-4.1.2.jar:/Users/yinonwishi/.m2/repository/org/apache/xmlbeans/xmlbeans/3.1.0/xmlbeans-3.1.0.jar:/Users/yinonwishi/.m2/repository/org/apache/commons/commons-compress/1.19/commons-compress-1.19.jar:/Users/yinonwishi/.m2/repository/com/github/virtuald/curvesapi/1.06/curvesapi-1.06.jar:/Users/yinonwishi/.m2/repository/org/testng/testng/7.3.0/testng-7.3.0.jar:/Users/yinonwishi/.m2/repository/com/beust/jcommander/1.78/jcommander-1.78.jar:/Users/yinonwishi/.m2/repository/org/apache/ant/ant/1.10.3/ant-1.10.3.jar:/Users/yinonwishi/.m2/repository/org/apache/ant/ant-launcher/1.10.3/ant-launcher-1.10.3.jar:/Users/yinonwishi/.m2/repository/junit/junit/4.12/junit-4.12.jar:/Users/yinonwishi/.m2/repository/com/google/inject/guice/4.2.2/guice-4.2.2-no_aop.jar:/Users/yinonwishi/.m2/repository/javax/inject/javax.inject/1/javax.inject-1.jar:/Users/yinonwishi/.m2/repository/aopalliance/aopalliance/1.0/aopalliance-1.0.jar:/Users/yinonwishi/.m2/repository/org/yaml/snakeyaml/1.21/snakeyaml-1.21.jar:/Users/yinonwishi/.m2/repository/io/github/bonigarcia/webdrivermanager/4.3.1/webdrivermanager-4.3.1.jar:/Users/yinonwishi/.m2/repository/org/slf4j/slf4j-api/1.7.30/slf4j-api-1.7.30.jar:/Users/yinonwishi/.m2/repository/commons-io/commons-io/2.8.0/commons-io-2.8.0.jar:/Users/yinonwishi/.m2/repository/com/google/code/gson/gson/2.8.6/gson-2.8.6.jar:/Users/yinonwishi/.m2/repository/org/apache/commons/commons-lang3/3.11/commons-lang3-3.11.jar:/Users/yinonwishi/.m2/repository/org/apache/httpcomponents/client5/httpclient5/5.0.3/httpclient5-5.0.3.jar:/Users/yinonwishi/.m2/repository/org/apache/httpcomponents/core5/httpcore5/5.0.2/httpcore5-5.0.2.jar:/Users/yinonwishi/.m2/repository/org/apache/httpcomponents/core5/httpcore5-h2/5.0.2/httpcore5-h2-5.0.2.jar:/Users/yinonwishi/.m2/repository/org/rauschig/jarchivelib/1.1.0/jarchivelib-1.1.0.jar:/Users/yinonwishi/.m2/repository/org/jsoup/jsoup/1.13.1/jsoup-1.13.1.jar:/Users/yinonwishi/.m2/repository/org/slf4j/slf4j-simple/1.7.30/slf4j-simple-1.7.30.jar:/Users/yinonwishi/.m2/repository/io/rest-assured/rest-assured/4.3.3/rest-assured-4.3.3.jar:/Users/yinonwishi/.m2/repository/org/codehaus/groovy/groovy/3.0.7/groovy-3.0.7.jar:/Users/yinonwishi/.m2/repository/org/codehaus/groovy/groovy-xml/3.0.7/groovy-xml-3.0.7.jar:/Users/yinonwishi/.m2/repository/org/apache/httpcomponents/httpclient/4.5.3/httpclient-4.5.3.jar:/Users/yinonwishi/.m2/repository/org/apache/httpcomponents/httpcore/4.4.6/httpcore-4.4.6.jar:/Users/yinonwishi/.m2/repository/commons-logging/commons-logging/1.2/commons-logging-1.2.jar:/Users/yinonwishi/.m2/repository/org/apache/httpcomponents/httpmime/4.5.3/httpmime-4.5.3.jar:/Users/yinonwishi/.m2/repository/org/hamcrest/hamcrest/2.1/hamcrest-2.1.jar:/Users/yinonwishi/.m2/repository/org/ccil/cowan/tagsoup/tagsoup/1.2.1/tagsoup-1.2.1.jar:/Users/yinonwishi/.m2/repository/io/rest-assured/json-path/4.3.3/json-path-4.3.3.jar:/Users/yinonwishi/.m2/repository/org/codehaus/groovy/groovy-json/3.0.7/groovy-json-3.0.7.jar:/Users/yinonwishi/.m2/repository/io/rest-assured/rest-assured-common/4.3.3/rest-assured-common-4.3.3.jar:/Users/yinonwishi/.m2/repository/io/rest-assured/xml-path/4.3.3/xml-path-4.3.3.jar:/Users/yinonwishi/.m2/repository/jakarta/xml/bind/jakarta.xml.bind-api/2.3.3/jakarta.xml.bind-api-2.3.3.jar:/Users/yinonwishi/.m2/repository/jakarta/activation/jakarta.activation-api/1.2.2/jakarta.activation-api-1.2.2.jar:/Users/yinonwishi/.m2/repository/com/sun/xml/bind/jaxb-impl/2.3.3/jaxb-impl-2.3.3.jar:/Users/yinonwishi/.m2/repository/org/hamcrest/hamcrest-core/2.2/hamcrest-core-2.2.jar:/Users/yinonwishi/.m2/repository/io/qameta/allure/allure-testng/2.13.8/allure-testng-2.13.8.jar:/Users/yinonwishi/.m2/repository/io/qameta/allure/allure-java-commons/2.13.8/allure-java-commons-2.13.8.jar:/Users/yinonwishi/.m2/repository/io/qameta/allure/allure-model/2.13.8/allure-model-2.13.8.jar:/Users/yinonwishi/.m2/repository/com/fasterxml/jackson/core/jackson-databind/2.11.3/jackson-databind-2.11.3.jar:/Users/yinonwishi/.m2/repository/com/fasterxml/jackson/core/jackson-annotations/2.11.3/jackson-annotations-2.11.3.jar:/Users/yinonwishi/.m2/repository/com/fasterxml/jackson/core/jackson-core/2.11.3/jackson-core-2.11.3.jar:/Users/yinonwishi/.m2/repository/org/apache/tika/tika-core/1.24.1/tika-core-1.24.1.jar:/Users/yinonwishi/.m2/repository/org/jooq/joor-java-8/0.9.13/joor-java-8-0.9.13.jar:"/>
    <property name="allure.results.directory" value="/Users/yinonwishi/newWishiproject/target/allure-results"/>
    <property name="sun.cpu.endian" value="little"/>
    <property name="user.home" value="/Users/yinonwishi"/>
    <property name="user.language" value="en"/>
    <property name="java.specification.vendor" value="Oracle Corporation"/>
    <property name="java.version.date" value="2021-01-19"/>
    <property name="java.home" value="/usr/local/Cellar/openjdk/15.0.2/libexec/openjdk.jdk/Contents/Home"/>
    <property name="file.separator" value="/"/>
    <property name="allure.link.tms.pattern" value="https://example.org/tms/{}"/>
    <property name="basedir" value="/Users/yinonwishi/newWishiproject"/>
    <property name="java.vm.compressedOopsMode" value="Zero based"/>
    <property name="line.separator" value="&#10;"/>
    <property name="java.vm.specification.vendor" value="Oracle Corporation"/>
    <property name="java.specification.name" value="Java Platform API Specification"/>
    <property name="surefire.real.class.path" value="/Users/yinonwishi/newWishiproject/target/surefire/surefirebooter6516229386958386087.jar"/>
    <property name="sun.management.compiler" value="HotSpot 64-Bit Tiered Compilers"/>
    <property name="ftp.nonProxyHosts" value="local|*.local|169.254/16|*.169.254/16"/>
    <property name="java.runtime.version" value="15.0.2+7"/>
    <property name="user.name" value="yinonwishi"/>
    <property name="path.separator" value=":"/>
    <property name="os.version" value="11.4"/>
    <property name="java.runtime.name" value="OpenJDK Runtime Environment"/>
    <property name="file.encoding" value="US-ASCII"/>
    <property name="sun.nio.ch.bugLevel" value=""/>
    <property name="java.vm.name" value="OpenJDK 64-Bit Server VM"/>
    <property name="localRepository" value="/Users/yinonwishi/.m2/repository"/>
    <property name="java.vendor.url.bug" value="https://bugreport.java.com/bugreport/"/>
    <property name="java.io.tmpdir" value="/var/folders/xz/jk5hy2jd3sb1_2b_tghyzylw0000gn/T/"/>
    <property name="java.version" value="15.0.2"/>
    <property name="user.dir" value="/Users/yinonwishi/newWishiproject"/>
    <property name="os.arch" value="x86_64"/>
    <property name="java.vm.specification.name" value="Java Virtual Machine Specification"/>
    <property name="java.library.path" value="/Users/yinonwishi/Library/Java/Extensions:/Library/Java/Extensions:/Network/Library/Java/Extensions:/System/Library/Java/Extensions:/usr/lib/java:."/>
    <property name="java.vm.info" value="mixed mode, sharing"/>
    <property name="java.vendor" value="N/A"/>
    <property name="java.vm.version" value="15.0.2+7"/>
    <property name="sun.io.unicode.encoding" value="UnicodeBig"/>
    <property name="socksNonProxyHosts" value="local|*.local|169.254/16|*.169.254/16"/>
    <property name="java.class.version" value="59.0"/>
  </properties>
  <testcase name="DoSignUp" classname="TestsObjects.OnBoardingFemaleTest" time="3.866">
    <system-out><![CDATA[This is onStart method/Users/yinonwishi/newWishiproject/target/surefire-reports/Suite
New Test Started DoSignUp
LET'S GET STYLING
Test Successfully Finished  DoSignUp
]]></system-out>
    <system-err><![CDATA[[TestNG-test=Test-1] INFO io.github.bonigarcia.wdm.WebDriverManager - Using chromedriver 91.0.4472.101 (resolved driver for Chrome 91)
[TestNG-test=Test-1] INFO io.github.bonigarcia.wdm.WebDriverManager - Exporting webdriver.chrome.driver as /Users/yinonwishi/.cache/selenium/chromedriver/mac64/91.0.4472.101/chromedriver
Starting ChromeDriver 91.0.4472.101 (af52a90bf87030dd1523486a1cd3ae25c5d76c9b-refs/branch-heads/4472@{#1462}) on port 2951
Only local connections are allowed.
Please see https://chromedriver.chromium.org/security-considerations for suggestions on keeping ChromeDriver safe.
ChromeDriver was started successfully.
Jun 23, 2021 7:57:58 AM org.openqa.selenium.remote.ProtocolHandshake createSession
INFO: Detected dialect: W3C
Jun 23, 2021 7:57:58 AM org.openqa.selenium.devtools.CdpVersionFinder findNearestMatch
WARNING: Unable to find an exact match for CDP version 91, so returning the closest version found: 89
Jun 23, 2021 7:57:58 AM org.openqa.selenium.devtools.CdpVersionFinder findNearestMatch
INFO: Found CDP implementation for version 91 of 89
[TestNG-test=Test-1] ERROR io.qameta.allure.util.NamingUtils - Could not find parameter fullname
[TestNG-test=Test-1] ERROR io.qameta.allure.util.NamingUtils - Could not find parameter Email
[TestNG-test=Test-1] ERROR io.qameta.allure.util.NamingUtils - Could not find parameter password
]]></system-err>
  </testcase>
  <testcase name="SelectFamale" classname="TestsObjects.OnBoardingFemaleTest" time="0.935">
    <system-out><![CDATA[New Test Started SelectFamale
Test Successfully Finished  SelectFamale
]]></system-out>
  </testcase>
  <testcase name="SelectBodytype" classname="TestsObjects.OnBoardingFemaleTest" time="0.884">
    <system-out><![CDATA[New Test Started SelectBodytype
petite
6
[[[ChromeDriver: chrome on MAC (23f1be3663b8f3bba2a24ecb39df442d)] -> xpath: //*[label]], [[ChromeDriver: chrome on MAC (23f1be3663b8f3bba2a24ecb39df442d)] -> xpath: //*[label]], [[ChromeDriver: chrome on MAC (23f1be3663b8f3bba2a24ecb39df442d)] -> xpath: //*[label]], [[ChromeDriver: chrome on MAC (23f1be3663b8f3bba2a24ecb39df442d)] -> xpath: //*[label]], [[ChromeDriver: chrome on MAC (23f1be3663b8f3bba2a24ecb39df442d)] -> xpath: //*[label]], [[ChromeDriver: chrome on MAC (23f1be3663b8f3bba2a24ecb39df442d)] -> xpath: //*[label]]]
fit
6
[[[ChromeDriver: chrome on MAC (23f1be3663b8f3bba2a24ecb39df442d)] -> xpath: //*[label]], [[ChromeDriver: chrome on MAC (23f1be3663b8f3bba2a24ecb39df442d)] -> xpath: //*[label]], [[ChromeDriver: chrome on MAC (23f1be3663b8f3bba2a24ecb39df442d)] -> xpath: //*[label]], [[ChromeDriver: chrome on MAC (23f1be3663b8f3bba2a24ecb39df442d)] -> xpath: //*[label]], [[ChromeDriver: chrome on MAC (23f1be3663b8f3bba2a24ecb39df442d)] -> xpath: //*[label]], [[ChromeDriver: chrome on MAC (23f1be3663b8f3bba2a24ecb39df442d)] -> xpath: //*[label]]]
tall
6
[[[ChromeDriver: chrome on MAC (23f1be3663b8f3bba2a24ecb39df442d)] -> xpath: //*[label]], [[ChromeDriver: chrome on MAC (23f1be3663b8f3bba2a24ecb39df442d)] -> xpath: //*[label]], [[ChromeDriver: chrome on MAC (23f1be3663b8f3bba2a24ecb39df442d)] -> xpath: //*[label]], [[ChromeDriver: chrome on MAC (23f1be3663b8f3bba2a24ecb39df442d)] -> xpath: //*[label]], [[ChromeDriver: chrome on MAC (23f1be3663b8f3bba2a24ecb39df442d)] -> xpath: //*[label]], [[ChromeDriver: chrome on MAC (23f1be3663b8f3bba2a24ecb39df442d)] -> xpath: //*[label]]]
petite
6
[[[ChromeDriver: chrome on MAC (23f1be3663b8f3bba2a24ecb39df442d)] -> xpath: //*[label]], [[ChromeDriver: chrome on MAC (23f1be3663b8f3bba2a24ecb39df442d)] -> xpath: //*[label]], [[ChromeDriver: chrome on MAC (23f1be3663b8f3bba2a24ecb39df442d)] -> xpath: //*[label]], [[ChromeDriver: chrome on MAC (23f1be3663b8f3bba2a24ecb39df442d)] -> xpath: //*[label]], [[ChromeDriver: chrome on MAC (23f1be3663b8f3bba2a24ecb39df442d)] -> xpath: //*[label]], [[ChromeDriver: chrome on MAC (23f1be3663b8f3bba2a24ecb39df442d)] -> xpath: //*[label]]]
Test Successfully Finished  SelectBodytype
]]></system-out>
  </testcase>
  <testcase name="SelctStyle" classname="TestsObjects.OnBoardingFemaleTest" time="2.254">
    <system-out><![CDATA[New Test Started SelctStyle
Test Successfully Finished  SelctStyle
]]></system-out>
  </testcase>
  <testcase name="SelectBrands" classname="TestsObjects.OnBoardingFemaleTest" time="2.137">
    <system-out><![CDATA[New Test Started SelectBrands
Your Stylists Match!
Test Successfully Finished  SelectBrands
]]></system-out>
  </testcase>
  <testcase name="DoSignUp" classname="TestsObjects.OnBoardingMaleTest" time="4.551">
    <system-out><![CDATA[New Test Started DoSignUp
LET'S GET STYLING
Test Successfully Finished  DoSignUp
]]></system-out>
    <system-err><![CDATA[[TestNG-test=Test-1] INFO io.github.bonigarcia.wdm.WebDriverManager - Using chromedriver 91.0.4472.101 (resolved driver for Chrome 91)
[TestNG-test=Test-1] INFO io.github.bonigarcia.wdm.WebDriverManager - Exporting webdriver.chrome.driver as /Users/yinonwishi/.cache/selenium/chromedriver/mac64/91.0.4472.101/chromedriver
Starting ChromeDriver 91.0.4472.101 (af52a90bf87030dd1523486a1cd3ae25c5d76c9b-refs/branch-heads/4472@{#1462}) on port 8174
Only local connections are allowed.
Please see https://chromedriver.chromium.org/security-considerations for suggestions on keeping ChromeDriver safe.
ChromeDriver was started successfully.
Jun 23, 2021 7:58:24 AM org.openqa.selenium.remote.ProtocolHandshake createSession
INFO: Detected dialect: W3C
Jun 23, 2021 7:58:24 AM org.openqa.selenium.devtools.CdpVersionFinder findNearestMatch
WARNING: Unable to find an exact match for CDP version 91, so returning the closest version found: 89
Jun 23, 2021 7:58:24 AM org.openqa.selenium.devtools.CdpVersionFinder findNearestMatch
INFO: Found CDP implementation for version 91 of 89
[TestNG-test=Test-1] ERROR io.qameta.allure.util.NamingUtils - Could not find parameter fullname
[TestNG-test=Test-1] ERROR io.qameta.allure.util.NamingUtils - Could not find parameter Email
[TestNG-test=Test-1] ERROR io.qameta.allure.util.NamingUtils - Could not find parameter password
]]></system-err>
  </testcase>
  <testcase name="SelectFamale" classname="TestsObjects.OnBoardingMaleTest" time="1.048">
    <system-out><![CDATA[New Test Started SelectFamale
Test Successfully Finished  SelectFamale
]]></system-out>
  </testcase>
  <testcase name="SelctStyle" classname="TestsObjects.OnBoardingMaleTest" time="1.528">
    <system-out><![CDATA[New Test Started SelctStyle
Test Successfully Finished  SelctStyle
]]></system-out>
  </testcase>
  <testcase name="SelectBrands" classname="TestsObjects.OnBoardingMaleTest" time="1.816">
    <system-out><![CDATA[New Test Started SelectBrands
Your Stylists Match!
Test Successfully Finished  SelectBrands
]]></system-out>
  </testcase>
  <testcase name="DoSignUp" classname="TestsObjects.OnBoardingNaturalTest" time="3.265">
    <system-out><![CDATA[New Test Started DoSignUp
LET'S GET STYLING
Test Successfully Finished  DoSignUp
]]></system-out>
    <system-err><![CDATA[[TestNG-test=Test-1] INFO io.github.bonigarcia.wdm.WebDriverManager - Using chromedriver 91.0.4472.101 (resolved driver for Chrome 91)
[TestNG-test=Test-1] INFO io.github.bonigarcia.wdm.WebDriverManager - Exporting webdriver.chrome.driver as /Users/yinonwishi/.cache/selenium/chromedriver/mac64/91.0.4472.101/chromedriver
Starting ChromeDriver 91.0.4472.101 (af52a90bf87030dd1523486a1cd3ae25c5d76c9b-refs/branch-heads/4472@{#1462}) on port 16928
Only local connections are allowed.
Please see https://chromedriver.chromium.org/security-considerations for suggestions on keeping ChromeDriver safe.
ChromeDriver was started successfully.
Jun 23, 2021 7:58:51 AM org.openqa.selenium.remote.ProtocolHandshake createSession
INFO: Detected dialect: W3C
Jun 23, 2021 7:58:51 AM org.openqa.selenium.devtools.CdpVersionFinder findNearestMatch
WARNING: Unable to find an exact match for CDP version 91, so returning the closest version found: 89
Jun 23, 2021 7:58:51 AM org.openqa.selenium.devtools.CdpVersionFinder findNearestMatch
INFO: Found CDP implementation for version 91 of 89
[TestNG-test=Test-1] ERROR io.qameta.allure.util.NamingUtils - Could not find parameter fullname
[TestNG-test=Test-1] ERROR io.qameta.allure.util.NamingUtils - Could not find parameter Email
[TestNG-test=Test-1] ERROR io.qameta.allure.util.NamingUtils - Could not find parameter password
]]></system-err>
  </testcase>
  <testcase name="SelectNatural" classname="TestsObjects.OnBoardingNaturalTest" time="1.495">
    <system-out><![CDATA[New Test Started SelectNatural
Test Successfully Finished  SelectNatural
]]></system-out>
  </testcase>
  <testcase name="SelectBodytype" classname="TestsObjects.OnBoardingNaturalTest" time="0.83">
    <system-out><![CDATA[New Test Started SelectBodytype
petite
6
[[[ChromeDriver: chrome on MAC (d1e137f4cad6e0d63888b09138f62e5c)] -> xpath: //*[label]], [[ChromeDriver: chrome on MAC (d1e137f4cad6e0d63888b09138f62e5c)] -> xpath: //*[label]], [[ChromeDriver: chrome on MAC (d1e137f4cad6e0d63888b09138f62e5c)] -> xpath: //*[label]], [[ChromeDriver: chrome on MAC (d1e137f4cad6e0d63888b09138f62e5c)] -> xpath: //*[label]], [[ChromeDriver: chrome on MAC (d1e137f4cad6e0d63888b09138f62e5c)] -> xpath: //*[label]], [[ChromeDriver: chrome on MAC (d1e137f4cad6e0d63888b09138f62e5c)] -> xpath: //*[label]]]
fit
6
[[[ChromeDriver: chrome on MAC (d1e137f4cad6e0d63888b09138f62e5c)] -> xpath: //*[label]], [[ChromeDriver: chrome on MAC (d1e137f4cad6e0d63888b09138f62e5c)] -> xpath: //*[label]], [[ChromeDriver: chrome on MAC (d1e137f4cad6e0d63888b09138f62e5c)] -> xpath: //*[label]], [[ChromeDriver: chrome on MAC (d1e137f4cad6e0d63888b09138f62e5c)] -> xpath: //*[label]], [[ChromeDriver: chrome on MAC (d1e137f4cad6e0d63888b09138f62e5c)] -> xpath: //*[label]], [[ChromeDriver: chrome on MAC (d1e137f4cad6e0d63888b09138f62e5c)] -> xpath: //*[label]]]
tall
6
[[[ChromeDriver: chrome on MAC (d1e137f4cad6e0d63888b09138f62e5c)] -> xpath: //*[label]], [[ChromeDriver: chrome on MAC (d1e137f4cad6e0d63888b09138f62e5c)] -> xpath: //*[label]], [[ChromeDriver: chrome on MAC (d1e137f4cad6e0d63888b09138f62e5c)] -> xpath: //*[label]], [[ChromeDriver: chrome on MAC (d1e137f4cad6e0d63888b09138f62e5c)] -> xpath: //*[label]], [[ChromeDriver: chrome on MAC (d1e137f4cad6e0d63888b09138f62e5c)] -> xpath: //*[label]], [[ChromeDriver: chrome on MAC (d1e137f4cad6e0d63888b09138f62e5c)] -> xpath: //*[label]]]
petite
6
[[[ChromeDriver: chrome on MAC (d1e137f4cad6e0d63888b09138f62e5c)] -> xpath: //*[label]], [[ChromeDriver: chrome on MAC (d1e137f4cad6e0d63888b09138f62e5c)] -> xpath: //*[label]], [[ChromeDriver: chrome on MAC (d1e137f4cad6e0d63888b09138f62e5c)] -> xpath: //*[label]], [[ChromeDriver: chrome on MAC (d1e137f4cad6e0d63888b09138f62e5c)] -> xpath: //*[label]], [[ChromeDriver: chrome on MAC (d1e137f4cad6e0d63888b09138f62e5c)] -> xpath: //*[label]], [[ChromeDriver: chrome on MAC (d1e137f4cad6e0d63888b09138f62e5c)] -> xpath: //*[label]]]
Test Successfully Finished  SelectBodytype
]]></system-out>
  </testcase>
  <testcase name="SelctStyle" classname="TestsObjects.OnBoardingNaturalTest" time="2.502">
    <failure message="element click intercepted: Element &lt;label title=&quot;&quot; for=&quot;Rock0&quot; class=&quot;form-check-label&quot;&gt;...&lt;/label&gt; is not clickable at point (622, 315). Other element would receive the click: &lt;img src=&quot;https://s3.amazonaws.com/media-dev.wishi.me/uploads/moodboards/classic_female.jpg&quot; class=&quot;&quot;&gt;&#10;  (Session info: chrome=91.0.4472.114)&#10;Build info: version: &apos;4.0.0-beta-2&apos;, revision: &apos;4ec0cfc112&apos;&#10;System info: host: &apos;yinons-MacBook-Pro-2.local&apos;, ip: &apos;fe80:0:0:0:143c:809:59a5:7856%en0&apos;, os.name: &apos;Mac OS X&apos;, os.arch: &apos;x86_64&apos;, os.version: &apos;11.4&apos;, java.version: &apos;15.0.2&apos;&#10;Driver info: org.openqa.selenium.chrome.ChromeDriver&#10;Command: [d1e137f4cad6e0d63888b09138f62e5c, clickElement {id=c362c7ba-53ed-4f47-8bbe-69f3f7ae9f98}]&#10;Capabilities {acceptInsecureCerts: false, browserName: chrome, browserVersion: 91.0.4472.114, chrome: {chromedriverVersion: 91.0.4472.101 (af52a90bf870..., userDataDir: /var/folders/xz/jk5hy2jd3sb...}, goog:chromeOptions: {debuggerAddress: localhost:53273}, javascriptEnabled: true, networkConnectionEnabled: false, pageLoadStrategy: normal, platform: MAC, platformName: MAC, proxy: Proxy(), setWindowRect: true, strictFileInteractability: false, timeouts: {implicit: 0, pageLoad: 300000, script: 30000}, unhandledPromptBehavior: dismiss and notify, webauthn:extension:largeBlob: true, webauthn:virtualAuthenticators: true}&#10;Element: [[ChromeDriver: chrome on MAC (d1e137f4cad6e0d63888b09138f62e5c)] -&gt; xpath: //label[@for=&apos;Rock0&apos;]]&#10;Session ID: d1e137f4cad6e0d63888b09138f62e5c" type="org.openqa.selenium.ElementClickInterceptedException"><![CDATA[org.openqa.selenium.ElementClickInterceptedException: 
element click intercepted: Element <label title="" for="Rock0" class="form-check-label">...</label> is not clickable at point (622, 315). Other element would receive the click: <img src="https://s3.amazonaws.com/media-dev.wishi.me/uploads/moodboards/classic_female.jpg" class="">
  (Session info: chrome=91.0.4472.114)
Build info: version: '4.0.0-beta-2', revision: '4ec0cfc112'
System info: host: 'yinons-MacBook-Pro-2.local', ip: 'fe80:0:0:0:143c:809:59a5:7856%en0', os.name: 'Mac OS X', os.arch: 'x86_64', os.version: '11.4', java.version: '15.0.2'
Driver info: org.openqa.selenium.chrome.ChromeDriver
Command: [d1e137f4cad6e0d63888b09138f62e5c, clickElement {id=c362c7ba-53ed-4f47-8bbe-69f3f7ae9f98}]
Capabilities {acceptInsecureCerts: false, browserName: chrome, browserVersion: 91.0.4472.114, chrome: {chromedriverVersion: 91.0.4472.101 (af52a90bf870..., userDataDir: /var/folders/xz/jk5hy2jd3sb...}, goog:chromeOptions: {debuggerAddress: localhost:53273}, javascriptEnabled: true, networkConnectionEnabled: false, pageLoadStrategy: normal, platform: MAC, platformName: MAC, proxy: Proxy(), setWindowRect: true, strictFileInteractability: false, timeouts: {implicit: 0, pageLoad: 300000, script: 30000}, unhandledPromptBehavior: dismiss and notify, webauthn:extension:largeBlob: true, webauthn:virtualAuthenticators: true}
Element: [[ChromeDriver: chrome on MAC (d1e137f4cad6e0d63888b09138f62e5c)] -> xpath: //label[@for='Rock0']]
Session ID: d1e137f4cad6e0d63888b09138f62e5c
	at TestsObjects.OnBoardingNaturalTest.SelctStyle(OnBoardingNaturalTest.java:90)
]]></failure>
    <system-out><![CDATA[New Test Started SelctStyle
Test Failed  SelctStyle
]]></system-out>
  </testcase>
  <testcase name="SelectBrands" classname="TestsObjects.OnBoardingNaturalTest" time="10.825">
    <failure message="Expected condition failed: waiting for visibility of Proxy element for: DefaultElementLocator &apos;By.xpath: //div[@class=&apos;brands-list container&apos;]&apos; (tried for 10 second(s) with 500 milliseconds interval)" type="org.openqa.selenium.TimeoutException"><![CDATA[org.openqa.selenium.TimeoutException: Expected condition failed: waiting for visibility of Proxy element for: DefaultElementLocator 'By.xpath: //div[@class='brands-list container']' (tried for 10 second(s) with 500 milliseconds interval)
	at TestsObjects.OnBoardingNaturalTest.SelectBrands(OnBoardingNaturalTest.java:122)
Caused by: org.openqa.selenium.NoSuchElementException: 
no such element: Unable to locate element: {"method":"xpath","selector":"//div[@class='brands-list container']"}
  (Session info: chrome=91.0.4472.114)
For documentation on this error, please visit: https://selenium.dev/exceptions/#no_such_element
Build info: version: '4.0.0-beta-2', revision: '4ec0cfc112'
System info: host: 'yinons-MacBook-Pro-2.local', ip: 'fe80:0:0:0:143c:809:59a5:7856%en0', os.name: 'Mac OS X', os.arch: 'x86_64', os.version: '11.4', java.version: '15.0.2'
Driver info: org.openqa.selenium.chrome.ChromeDriver
Command: [d1e137f4cad6e0d63888b09138f62e5c, findElement {using=xpath, value=//div[@class='brands-list container']}]
Capabilities {acceptInsecureCerts: false, browserName: chrome, browserVersion: 91.0.4472.114, chrome: {chromedriverVersion: 91.0.4472.101 (af52a90bf870..., userDataDir: /var/folders/xz/jk5hy2jd3sb...}, goog:chromeOptions: {debuggerAddress: localhost:53273}, javascriptEnabled: true, networkConnectionEnabled: false, pageLoadStrategy: normal, platform: MAC, platformName: MAC, proxy: Proxy(), setWindowRect: true, strictFileInteractability: false, timeouts: {implicit: 0, pageLoad: 300000, script: 30000}, unhandledPromptBehavior: dismiss and notify, webauthn:extension:largeBlob: true, webauthn:virtualAuthenticators: true}
Session ID: d1e137f4cad6e0d63888b09138f62e5c
	at TestsObjects.OnBoardingNaturalTest.SelectBrands(OnBoardingNaturalTest.java:122)
]]></failure>
    <system-out><![CDATA[New Test Started SelectBrands
Test Failed  SelectBrands
]]></system-out>
  </testcase>
  <testcase name="FillPasswordWithOutToFillEmail" classname="TestsObjects.LoginTest" time="0.622">
    <system-out><![CDATA[New Test Started FillPasswordWithOutToFillEmail
Test Successfully Finished  FillPasswordWithOutToFillEmail
]]></system-out>
    <system-err><![CDATA[[TestNG-test=Test-1] INFO io.github.bonigarcia.wdm.WebDriverManager - Using chromedriver 91.0.4472.101 (resolved driver for Chrome 91)
[TestNG-test=Test-1] INFO io.github.bonigarcia.wdm.WebDriverManager - Exporting webdriver.chrome.driver as /Users/yinonwishi/.cache/selenium/chromedriver/mac64/91.0.4472.101/chromedriver
Starting ChromeDriver 91.0.4472.101 (af52a90bf87030dd1523486a1cd3ae25c5d76c9b-refs/branch-heads/4472@{#1462}) on port 41717
Only local connections are allowed.
Please see https://chromedriver.chromium.org/security-considerations for suggestions on keeping ChromeDriver safe.
ChromeDriver was started successfully.
Jun 23, 2021 7:59:19 AM org.openqa.selenium.remote.ProtocolHandshake createSession
INFO: Detected dialect: W3C
Jun 23, 2021 7:59:19 AM org.openqa.selenium.devtools.CdpVersionFinder findNearestMatch
WARNING: Unable to find an exact match for CDP version 91, so returning the closest version found: 89
Jun 23, 2021 7:59:19 AM org.openqa.selenium.devtools.CdpVersionFinder findNearestMatch
INFO: Found CDP implementation for version 91 of 89
[TestNG-test=Test-1] ERROR io.qameta.allure.util.NamingUtils - Could not find parameter password
]]></system-err>
  </testcase>
  <testcase name="FillEmailWithOutToFillPassword" classname="TestsObjects.LoginTest" time="0.418">
    <system-out><![CDATA[New Test Started FillEmailWithOutToFillPassword
Test Successfully Finished  FillEmailWithOutToFillPassword
]]></system-out>
    <system-err><![CDATA[[TestNG-test=Test-1] ERROR io.qameta.allure.util.NamingUtils - Could not find parameter name
]]></system-err>
  </testcase>
  <testcase name="ClickLoginwWithOutToFillAnyFields" classname="TestsObjects.LoginTest" time="0.463">
    <system-out><![CDATA[New Test Started ClickLoginwWithOutToFillAnyFields
Test Successfully Finished  ClickLoginwWithOutToFillAnyFields
]]></system-out>
  </testcase>
  <testcase name="FillCorrectEmailWithWrongPassword" classname="TestsObjects.LoginTest" time="1.763">
    <system-out><![CDATA[New Test Started FillCorrectEmailWithWrongPassword
Test Successfully Finished  FillCorrectEmailWithWrongPassword
]]></system-out>
    <system-err><![CDATA[[TestNG-test=Test-1] ERROR io.qameta.allure.util.NamingUtils - Could not find parameter name
[TestNG-test=Test-1] ERROR io.qameta.allure.util.NamingUtils - Could not find parameter password
]]></system-err>
  </testcase>
  <testcase name="FillCorrectPasswordWithWrongEmail" classname="TestsObjects.LoginTest" time="1.672">
    <system-out><![CDATA[New Test Started FillCorrectPasswordWithWrongEmail
Test Successfully Finished  FillCorrectPasswordWithWrongEmail
]]></system-out>
    <system-err><![CDATA[[TestNG-test=Test-1] ERROR io.qameta.allure.util.NamingUtils - Could not find parameter name
[TestNG-test=Test-1] ERROR io.qameta.allure.util.NamingUtils - Could not find parameter password
]]></system-err>
  </testcase>
  <testcase name="FillHebLettersEmail" classname="TestsObjects.LoginTest" time="1.676">
    <system-out><![CDATA[New Test Started FillHebLettersEmail
Test Successfully Finished  FillHebLettersEmail
]]></system-out>
    <system-err><![CDATA[[TestNG-test=Test-1] ERROR io.qameta.allure.util.NamingUtils - Could not find parameter name
[TestNG-test=Test-1] ERROR io.qameta.allure.util.NamingUtils - Could not find parameter password
]]></system-err>
  </testcase>
  <testcase name="DoLogin" classname="TestsObjects.LoginTest" time="1.576">
    <system-out><![CDATA[New Test Started DoLogin
Test Successfully Finished  DoLogin
]]></system-out>
    <system-err><![CDATA[[TestNG-test=Test-1] ERROR io.qameta.allure.util.NamingUtils - Could not find parameter name
[TestNG-test=Test-1] ERROR io.qameta.allure.util.NamingUtils - Could not find parameter password
]]></system-err>
  </testcase>
  <testcase name="SelectFamale" classname="TestsObjects.ReversOnBoardingFemaleTest" time="1.505">
    <system-out><![CDATA[New Test Started SelectFamale
Test Successfully Finished  SelectFamale
]]></system-out>
    <system-err><![CDATA[[TestNG-test=Test-1] INFO io.github.bonigarcia.wdm.WebDriverManager - Using chromedriver 91.0.4472.101 (resolved driver for Chrome 91)
[TestNG-test=Test-1] INFO io.github.bonigarcia.wdm.WebDriverManager - Exporting webdriver.chrome.driver as /Users/yinonwishi/.cache/selenium/chromedriver/mac64/91.0.4472.101/chromedriver
Starting ChromeDriver 91.0.4472.101 (af52a90bf87030dd1523486a1cd3ae25c5d76c9b-refs/branch-heads/4472@{#1462}) on port 4454
Only local connections are allowed.
Please see https://chromedriver.chromium.org/security-considerations for suggestions on keeping ChromeDriver safe.
ChromeDriver was started successfully.
Jun 23, 2021 7:59:38 AM org.openqa.selenium.remote.ProtocolHandshake createSession
INFO: Detected dialect: W3C
Jun 23, 2021 7:59:38 AM org.openqa.selenium.devtools.CdpVersionFinder findNearestMatch
WARNING: Unable to find an exact match for CDP version 91, so returning the closest version found: 89
Jun 23, 2021 7:59:38 AM org.openqa.selenium.devtools.CdpVersionFinder findNearestMatch
INFO: Found CDP implementation for version 91 of 89
]]></system-err>
  </testcase>
  <testcase name="SelectBodytype" classname="TestsObjects.ReversOnBoardingFemaleTest" time="0.804">
    <system-out><![CDATA[New Test Started SelectBodytype
petite
6
[[[ChromeDriver: chrome on MAC (7dce88993962d71a41c5749d038b2e72)] -> xpath: //*[label]], [[ChromeDriver: chrome on MAC (7dce88993962d71a41c5749d038b2e72)] -> xpath: //*[label]], [[ChromeDriver: chrome on MAC (7dce88993962d71a41c5749d038b2e72)] -> xpath: //*[label]], [[ChromeDriver: chrome on MAC (7dce88993962d71a41c5749d038b2e72)] -> xpath: //*[label]], [[ChromeDriver: chrome on MAC (7dce88993962d71a41c5749d038b2e72)] -> xpath: //*[label]], [[ChromeDriver: chrome on MAC (7dce88993962d71a41c5749d038b2e72)] -> xpath: //*[label]]]
fit
6
[[[ChromeDriver: chrome on MAC (7dce88993962d71a41c5749d038b2e72)] -> xpath: //*[label]], [[ChromeDriver: chrome on MAC (7dce88993962d71a41c5749d038b2e72)] -> xpath: //*[label]], [[ChromeDriver: chrome on MAC (7dce88993962d71a41c5749d038b2e72)] -> xpath: //*[label]], [[ChromeDriver: chrome on MAC (7dce88993962d71a41c5749d038b2e72)] -> xpath: //*[label]], [[ChromeDriver: chrome on MAC (7dce88993962d71a41c5749d038b2e72)] -> xpath: //*[label]], [[ChromeDriver: chrome on MAC (7dce88993962d71a41c5749d038b2e72)] -> xpath: //*[label]]]
tall
6
[[[ChromeDriver: chrome on MAC (7dce88993962d71a41c5749d038b2e72)] -> xpath: //*[label]], [[ChromeDriver: chrome on MAC (7dce88993962d71a41c5749d038b2e72)] -> xpath: //*[label]], [[ChromeDriver: chrome on MAC (7dce88993962d71a41c5749d038b2e72)] -> xpath: //*[label]], [[ChromeDriver: chrome on MAC (7dce88993962d71a41c5749d038b2e72)] -> xpath: //*[label]], [[ChromeDriver: chrome on MAC (7dce88993962d71a41c5749d038b2e72)] -> xpath: //*[label]], [[ChromeDriver: chrome on MAC (7dce88993962d71a41c5749d038b2e72)] -> xpath: //*[label]]]
petite
6
[[[ChromeDriver: chrome on MAC (7dce88993962d71a41c5749d038b2e72)] -> xpath: //*[label]], [[ChromeDriver: chrome on MAC (7dce88993962d71a41c5749d038b2e72)] -> xpath: //*[label]], [[ChromeDriver: chrome on MAC (7dce88993962d71a41c5749d038b2e72)] -> xpath: //*[label]], [[ChromeDriver: chrome on MAC (7dce88993962d71a41c5749d038b2e72)] -> xpath: //*[label]], [[ChromeDriver: chrome on MAC (7dce88993962d71a41c5749d038b2e72)] -> xpath: //*[label]], [[ChromeDriver: chrome on MAC (7dce88993962d71a41c5749d038b2e72)] -> xpath: //*[label]]]
Test Successfully Finished  SelectBodytype
]]></system-out>
  </testcase>
  <testcase name="SelctStyle" classname="TestsObjects.ReversOnBoardingFemaleTest" time="2.14">
    <system-out><![CDATA[New Test Started SelctStyle
Test Successfully Finished  SelctStyle
]]></system-out>
  </testcase>
  <testcase name="SelectBrands" classname="TestsObjects.ReversOnBoardingFemaleTest" time="0.991">
    <system-out><![CDATA[New Test Started SelectBrands
Test Successfully Finished  SelectBrands
]]></system-out>
  </testcase>
  <testcase name="DoSignUp" classname="TestsObjects.ReversOnBoardingFemaleTest" time="3.119">
    <system-out><![CDATA[New Test Started DoSignUp
Your Stylists Match!
Test Successfully Finished  DoSignUp
]]></system-out>
    <system-err><![CDATA[[TestNG-test=Test-1] ERROR io.qameta.allure.util.NamingUtils - Could not find parameter fullname
[TestNG-test=Test-1] ERROR io.qameta.allure.util.NamingUtils - Could not find parameter Email
[TestNG-test=Test-1] ERROR io.qameta.allure.util.NamingUtils - Could not find parameter password
]]></system-err>
  </testcase>
  <testcase name="SelectMale" classname="TestsObjects.ReversOnBoardingMaleTest" time="1.494">
    <system-out><![CDATA[New Test Started SelectMale
Test Successfully Finished  SelectMale
]]></system-out>
    <system-err><![CDATA[[TestNG-test=Test-1] INFO io.github.bonigarcia.wdm.WebDriverManager - Using chromedriver 91.0.4472.101 (resolved driver for Chrome 91)
[TestNG-test=Test-1] INFO io.github.bonigarcia.wdm.WebDriverManager - Exporting webdriver.chrome.driver as /Users/yinonwishi/.cache/selenium/chromedriver/mac64/91.0.4472.101/chromedriver
Starting ChromeDriver 91.0.4472.101 (af52a90bf87030dd1523486a1cd3ae25c5d76c9b-refs/branch-heads/4472@{#1462}) on port 13911
Only local connections are allowed.
Please see https://chromedriver.chromium.org/security-considerations for suggestions on keeping ChromeDriver safe.
ChromeDriver was started successfully.
Jun 23, 2021 7:59:55 AM org.openqa.selenium.remote.ProtocolHandshake createSession
INFO: Detected dialect: W3C
Jun 23, 2021 7:59:55 AM org.openqa.selenium.devtools.CdpVersionFinder findNearestMatch
WARNING: Unable to find an exact match for CDP version 91, so returning the closest version found: 89
Jun 23, 2021 7:59:55 AM org.openqa.selenium.devtools.CdpVersionFinder findNearestMatch
INFO: Found CDP implementation for version 91 of 89
]]></system-err>
  </testcase>
  <testcase name="SelctStyle" classname="TestsObjects.ReversOnBoardingMaleTest" time="1.534">
    <system-out><![CDATA[New Test Started SelctStyle
Test Successfully Finished  SelctStyle
]]></system-out>
  </testcase>
  <testcase name="SelectBrands" classname="TestsObjects.ReversOnBoardingMaleTest" time="1.22">
    <system-out><![CDATA[New Test Started SelectBrands
Test Successfully Finished  SelectBrands
]]></system-out>
  </testcase>
  <testcase name="DoSignUp" classname="TestsObjects.ReversOnBoardingMaleTest" time="2.85">
    <system-out><![CDATA[New Test Started DoSignUp
Your Stylists Match!
Test Successfully Finished  DoSignUp
]]></system-out>
    <system-err><![CDATA[[TestNG-test=Test-1] ERROR io.qameta.allure.util.NamingUtils - Could not find parameter fullname
[TestNG-test=Test-1] ERROR io.qameta.allure.util.NamingUtils - Could not find parameter Email
[TestNG-test=Test-1] ERROR io.qameta.allure.util.NamingUtils - Could not find parameter password
]]></system-err>
  </testcase>
  <testcase name="SelectNatural" classname="TestsObjects.ReversOnBoardingNaturalTest" time="1.55">
    <system-out><![CDATA[New Test Started SelectNatural
Test Successfully Finished  SelectNatural
]]></system-out>
    <system-err><![CDATA[[TestNG-test=Test-1] INFO io.github.bonigarcia.wdm.WebDriverManager - Using chromedriver 91.0.4472.101 (resolved driver for Chrome 91)
[TestNG-test=Test-1] INFO io.github.bonigarcia.wdm.WebDriverManager - Exporting webdriver.chrome.driver as /Users/yinonwishi/.cache/selenium/chromedriver/mac64/91.0.4472.101/chromedriver
Starting ChromeDriver 91.0.4472.101 (af52a90bf87030dd1523486a1cd3ae25c5d76c9b-refs/branch-heads/4472@{#1462}) on port 37625
Only local connections are allowed.
Please see https://chromedriver.chromium.org/security-considerations for suggestions on keeping ChromeDriver safe.
ChromeDriver was started successfully.
Jun 23, 2021 8:00:12 AM org.openqa.selenium.remote.ProtocolHandshake createSession
INFO: Detected dialect: W3C
Jun 23, 2021 8:00:12 AM org.openqa.selenium.devtools.CdpVersionFinder findNearestMatch
WARNING: Unable to find an exact match for CDP version 91, so returning the closest version found: 89
Jun 23, 2021 8:00:12 AM org.openqa.selenium.devtools.CdpVersionFinder findNearestMatch
INFO: Found CDP implementation for version 91 of 89
]]></system-err>
  </testcase>
  <testcase name="SelectBodytype" classname="TestsObjects.ReversOnBoardingNaturalTest" time="0.814">
    <system-out><![CDATA[New Test Started SelectBodytype
petite
6
[[[ChromeDriver: chrome on MAC (f139a92c9249f37f4165b3eadaf2d4ae)] -> xpath: //*[label]], [[ChromeDriver: chrome on MAC (f139a92c9249f37f4165b3eadaf2d4ae)] -> xpath: //*[label]], [[ChromeDriver: chrome on MAC (f139a92c9249f37f4165b3eadaf2d4ae)] -> xpath: //*[label]], [[ChromeDriver: chrome on MAC (f139a92c9249f37f4165b3eadaf2d4ae)] -> xpath: //*[label]], [[ChromeDriver: chrome on MAC (f139a92c9249f37f4165b3eadaf2d4ae)] -> xpath: //*[label]], [[ChromeDriver: chrome on MAC (f139a92c9249f37f4165b3eadaf2d4ae)] -> xpath: //*[label]]]
fit
6
[[[ChromeDriver: chrome on MAC (f139a92c9249f37f4165b3eadaf2d4ae)] -> xpath: //*[label]], [[ChromeDriver: chrome on MAC (f139a92c9249f37f4165b3eadaf2d4ae)] -> xpath: //*[label]], [[ChromeDriver: chrome on MAC (f139a92c9249f37f4165b3eadaf2d4ae)] -> xpath: //*[label]], [[ChromeDriver: chrome on MAC (f139a92c9249f37f4165b3eadaf2d4ae)] -> xpath: //*[label]], [[ChromeDriver: chrome on MAC (f139a92c9249f37f4165b3eadaf2d4ae)] -> xpath: //*[label]], [[ChromeDriver: chrome on MAC (f139a92c9249f37f4165b3eadaf2d4ae)] -> xpath: //*[label]]]
tall
6
[[[ChromeDriver: chrome on MAC (f139a92c9249f37f4165b3eadaf2d4ae)] -> xpath: //*[label]], [[ChromeDriver: chrome on MAC (f139a92c9249f37f4165b3eadaf2d4ae)] -> xpath: //*[label]], [[ChromeDriver: chrome on MAC (f139a92c9249f37f4165b3eadaf2d4ae)] -> xpath: //*[label]], [[ChromeDriver: chrome on MAC (f139a92c9249f37f4165b3eadaf2d4ae)] -> xpath: //*[label]], [[ChromeDriver: chrome on MAC (f139a92c9249f37f4165b3eadaf2d4ae)] -> xpath: //*[label]], [[ChromeDriver: chrome on MAC (f139a92c9249f37f4165b3eadaf2d4ae)] -> xpath: //*[label]]]
petite
6
[[[ChromeDriver: chrome on MAC (f139a92c9249f37f4165b3eadaf2d4ae)] -> xpath: //*[label]], [[ChromeDriver: chrome on MAC (f139a92c9249f37f4165b3eadaf2d4ae)] -> xpath: //*[label]], [[ChromeDriver: chrome on MAC (f139a92c9249f37f4165b3eadaf2d4ae)] -> xpath: //*[label]], [[ChromeDriver: chrome on MAC (f139a92c9249f37f4165b3eadaf2d4ae)] -> xpath: //*[label]], [[ChromeDriver: chrome on MAC (f139a92c9249f37f4165b3eadaf2d4ae)] -> xpath: //*[label]], [[ChromeDriver: chrome on MAC (f139a92c9249f37f4165b3eadaf2d4ae)] -> xpath: //*[label]]]
Test Successfully Finished  SelectBodytype
]]></system-out>
  </testcase>
  <testcase name="SelctStyle" classname="TestsObjects.ReversOnBoardingNaturalTest" time="2.2">
    <system-out><![CDATA[New Test Started SelctStyle
Test Successfully Finished  SelctStyle
]]></system-out>
  </testcase>
  <testcase name="SelectBrands" classname="TestsObjects.ReversOnBoardingNaturalTest" time="1.019">
    <system-out><![CDATA[New Test Started SelectBrands
Test Successfully Finished  SelectBrands
]]></system-out>
  </testcase>
  <testcase name="DoSignUp" classname="TestsObjects.ReversOnBoardingNaturalTest" time="16.554">
    <failure message="Expected condition failed: waiting for visibility of Proxy element for: DefaultElementLocator &apos;By.xpath: (//div[contains(text(), &apos;leo stylist&apos;)])[1]&apos; (tried for 10 second(s) with 500 milliseconds interval)" type="org.openqa.selenium.TimeoutException"><![CDATA[org.openqa.selenium.TimeoutException: Expected condition failed: waiting for visibility of Proxy element for: DefaultElementLocator 'By.xpath: (//div[contains(text(), 'leo stylist')])[1]' (tried for 10 second(s) with 500 milliseconds interval)
	at TestsObjects.ReversOnBoardingNaturalTest.DoSignUp(ReversOnBoardingNaturalTest.java:140)
Caused by: org.openqa.selenium.NoSuchElementException: 
no such element: Unable to locate element: {"method":"xpath","selector":"(//div[contains(text(), 'leo stylist')])[1]"}
  (Session info: chrome=91.0.4472.114)
For documentation on this error, please visit: https://selenium.dev/exceptions/#no_such_element
Build info: version: '4.0.0-beta-2', revision: '4ec0cfc112'
System info: host: 'yinons-MacBook-Pro-2.local', ip: 'fe80:0:0:0:143c:809:59a5:7856%en0', os.name: 'Mac OS X', os.arch: 'x86_64', os.version: '11.4', java.version: '15.0.2'
Driver info: org.openqa.selenium.chrome.ChromeDriver
Command: [f139a92c9249f37f4165b3eadaf2d4ae, findElement {using=xpath, value=(//div[contains(text(), 'leo stylist')])[1]}]
Capabilities {acceptInsecureCerts: false, browserName: chrome, browserVersion: 91.0.4472.114, chrome: {chromedriverVersion: 91.0.4472.101 (af52a90bf870..., userDataDir: /var/folders/xz/jk5hy2jd3sb...}, goog:chromeOptions: {debuggerAddress: localhost:53978}, javascriptEnabled: true, networkConnectionEnabled: false, pageLoadStrategy: normal, platform: MAC, platformName: MAC, proxy: Proxy(), setWindowRect: true, strictFileInteractability: false, timeouts: {implicit: 0, pageLoad: 300000, script: 30000}, unhandledPromptBehavior: dismiss and notify, webauthn:extension:largeBlob: true, webauthn:virtualAuthenticators: true}
Session ID: f139a92c9249f37f4165b3eadaf2d4ae
	at TestsObjects.ReversOnBoardingNaturalTest.DoSignUp(ReversOnBoardingNaturalTest.java:140)
]]></failure>
    <system-out><![CDATA[New Test Started DoSignUp
Your Stylists Match!
Test Failed  DoSignUp
]]></system-out>
    <system-err><![CDATA[[TestNG-test=Test-1] ERROR io.qameta.allure.util.NamingUtils - Could not find parameter fullname
[TestNG-test=Test-1] ERROR io.qameta.allure.util.NamingUtils - Could not find parameter Email
[TestNG-test=Test-1] ERROR io.qameta.allure.util.NamingUtils - Could not find parameter password
]]></system-err>
  </testcase>
  <testcase name="FillEmailWitoutShtudel" classname="TestsObjects.SignUpTest" time="1.022">
    <system-out><![CDATA[New Test Started FillEmailWitoutShtudel
Test Successfully Finished  FillEmailWitoutShtudel
]]></system-out>
    <system-err><![CDATA[[TestNG-test=Test-1] INFO io.github.bonigarcia.wdm.WebDriverManager - Using chromedriver 91.0.4472.101 (resolved driver for Chrome 91)
[TestNG-test=Test-1] INFO io.github.bonigarcia.wdm.WebDriverManager - Exporting webdriver.chrome.driver as /Users/yinonwishi/.cache/selenium/chromedriver/mac64/91.0.4472.101/chromedriver
Starting ChromeDriver 91.0.4472.101 (af52a90bf87030dd1523486a1cd3ae25c5d76c9b-refs/branch-heads/4472@{#1462}) on port 43228
Only local connections are allowed.
Please see https://chromedriver.chromium.org/security-considerations for suggestions on keeping ChromeDriver safe.
ChromeDriver was started successfully.
Jun 23, 2021 8:00:43 AM org.openqa.selenium.remote.ProtocolHandshake createSession
INFO: Detected dialect: W3C
Jun 23, 2021 8:00:43 AM org.openqa.selenium.devtools.CdpVersionFinder findNearestMatch
WARNING: Unable to find an exact match for CDP version 91, so returning the closest version found: 89
Jun 23, 2021 8:00:43 AM org.openqa.selenium.devtools.CdpVersionFinder findNearestMatch
INFO: Found CDP implementation for version 91 of 89
[TestNG-test=Test-1] ERROR io.qameta.allure.util.NamingUtils - Could not find parameter fullname
[TestNG-test=Test-1] ERROR io.qameta.allure.util.NamingUtils - Could not find parameter Email
[TestNG-test=Test-1] ERROR io.qameta.allure.util.NamingUtils - Could not find parameter password
]]></system-err>
  </testcase>
  <testcase name="FillEmailWithoutDotCom" classname="TestsObjects.SignUpTest" time="2.06">
    <system-out><![CDATA[New Test Started FillEmailWithoutDotCom
Test Successfully Finished  FillEmailWithoutDotCom
]]></system-out>
    <system-err><![CDATA[[TestNG-test=Test-1] ERROR io.qameta.allure.util.NamingUtils - Could not find parameter fullname
[TestNG-test=Test-1] ERROR io.qameta.allure.util.NamingUtils - Could not find parameter Email
[TestNG-test=Test-1] ERROR io.qameta.allure.util.NamingUtils - Could not find parameter password
]]></system-err>
  </testcase>
  <testcase name="FillPsswordWithLessthan6Characters" classname="TestsObjects.SignUpTest" time="1.159">
    <system-out><![CDATA[New Test Started FillPsswordWithLessthan6Characters
Test Successfully Finished  FillPsswordWithLessthan6Characters
]]></system-out>
    <system-err><![CDATA[[TestNG-test=Test-1] ERROR io.qameta.allure.util.NamingUtils - Could not find parameter fullname
[TestNG-test=Test-1] ERROR io.qameta.allure.util.NamingUtils - Could not find parameter Email
[TestNG-test=Test-1] ERROR io.qameta.allure.util.NamingUtils - Could not find parameter password
]]></system-err>
  </testcase>
  <testcase name="FillMailWithSpecialCarecters" classname="TestsObjects.SignUpTest" time="1.171">
    <system-out><![CDATA[New Test Started FillMailWithSpecialCarecters
Test Successfully Finished  FillMailWithSpecialCarecters
]]></system-out>
    <system-err><![CDATA[[TestNG-test=Test-1] ERROR io.qameta.allure.util.NamingUtils - Could not find parameter fullname
[TestNG-test=Test-1] ERROR io.qameta.allure.util.NamingUtils - Could not find parameter Email
[TestNG-test=Test-1] ERROR io.qameta.allure.util.NamingUtils - Could not find parameter password
]]></system-err>
  </testcase>
  <testcase name="FillMailWithHebrewCarecters" classname="TestsObjects.SignUpTest" time="1.458">
    <system-out><![CDATA[New Test Started FillMailWithHebrewCarecters
Test Successfully Finished  FillMailWithHebrewCarecters
]]></system-out>
    <system-err><![CDATA[[TestNG-test=Test-1] ERROR io.qameta.allure.util.NamingUtils - Could not find parameter fullname
[TestNG-test=Test-1] ERROR io.qameta.allure.util.NamingUtils - Could not find parameter Email
[TestNG-test=Test-1] ERROR io.qameta.allure.util.NamingUtils - Could not find parameter password
]]></system-err>
  </testcase>
  <testcase name="FillNameWithSpecialCarecters" classname="TestsObjects.SignUpTest" time="1.179">
    <system-out><![CDATA[New Test Started FillNameWithSpecialCarecters
Test Successfully Finished  FillNameWithSpecialCarecters
]]></system-out>
    <system-err><![CDATA[[TestNG-test=Test-1] ERROR io.qameta.allure.util.NamingUtils - Could not find parameter fullname
[TestNG-test=Test-1] ERROR io.qameta.allure.util.NamingUtils - Could not find parameter Email
[TestNG-test=Test-1] ERROR io.qameta.allure.util.NamingUtils - Could not find parameter password
]]></system-err>
  </testcase>
  <testcase name="FillNameWithHebrewCarecters" classname="TestsObjects.SignUpTest" time="2.139">
    <system-out><![CDATA[New Test Started FillNameWithHebrewCarecters
name may only contain letters, whitespace, and the ' or - special characters
Test Successfully Finished  FillNameWithHebrewCarecters
]]></system-out>
    <system-err><![CDATA[[TestNG-test=Test-1] ERROR io.qameta.allure.util.NamingUtils - Could not find parameter fullname
[TestNG-test=Test-1] ERROR io.qameta.allure.util.NamingUtils - Could not find parameter Email
[TestNG-test=Test-1] ERROR io.qameta.allure.util.NamingUtils - Could not find parameter password
]]></system-err>
  </testcase>
  <testcase name="FillNameWithOutLastName" classname="TestsObjects.SignUpTest" time="1.036">
    <system-out><![CDATA[New Test Started FillNameWithOutLastName
Test Successfully Finished  FillNameWithOutLastName
]]></system-out>
    <system-err><![CDATA[[TestNG-test=Test-1] ERROR io.qameta.allure.util.NamingUtils - Could not find parameter fullname
[TestNG-test=Test-1] ERROR io.qameta.allure.util.NamingUtils - Could not find parameter Email
[TestNG-test=Test-1] ERROR io.qameta.allure.util.NamingUtils - Could not find parameter password
]]></system-err>
  </testcase>
  <testcase name="DoSignUp" classname="TestsObjects.SignUpTest" time="3.129">
    <system-out><![CDATA[New Test Started DoSignUp
LET'S GET STYLING
Test Successfully Finished  DoSignUp
]]></system-out>
    <system-err><![CDATA[[TestNG-test=Test-1] ERROR io.qameta.allure.util.NamingUtils - Could not find parameter fullname
[TestNG-test=Test-1] ERROR io.qameta.allure.util.NamingUtils - Could not find parameter Email
[TestNG-test=Test-1] ERROR io.qameta.allure.util.NamingUtils - Could not find parameter password
]]></system-err>
  </testcase>
  <testcase name="CreateUser" classname="TestsObjects.SignUpTest" time="4.601">
    <system-out><![CDATA[New Test Started CreateUser
Request method:	POST
Request URI:	https://api-stage.wishi.me/api/slim/user/signup/email
Proxy:			<none>
Request params:	<none>
Query params:	<none>
Form params:	<none>
Path params:	<none>
Headers:		Accept=*/*
				Content-Type=application/json; charset=UTF-8
Cookies:		<none>
Multiparts:		<none>
Body:
{
    "email": "freez+700@wishitest.me150464",
    "full_name": "nadav Carmel",
    "first_name": "Erased",
    "last_name": "Caramel",
    "password": "q1w2easd3r4!"
}
HTTP/1.1 200 OK
Date: Wed, 23 Jun 2021 05:01:09 GMT
Server: Apache/2.2.22 (Debian)
X-Powered-By: PHP/5.6.30-1~dotdeb+7.1
Content-Length: 207
Keep-Alive: timeout=5, max=100
Connection: Keep-Alive
Content-Type: application/json

{
    "message": "success",
    "user_uuid": "0669f8a3-d3e0-11eb-a",
    "token": "b37891d298a226ece2e13cb1b21b57fc",
    "user_name": "erasedcaramel89",
    "first_name": "Erased",
    "last_name": "Caramel",
    "first_booking": true,
    "brand": null
}
uuid is 0669f8a3-d3e0-11eb-a
api getUser is  https://api-stage.wishi.me/api/slim/user/0669f8a3-d3e0-11eb-a
Request method:	GET
Request URI:	https://api-stage.wishi.me/api/slim/user/0669f8a3-d3e0-11eb-a
Proxy:			<none>
Request params:	<none>
Query params:	<none>
Form params:	<none>
Path params:	<none>
Headers:		Accept=*/*
				Content-Type=application/json; charset=UTF-8
Cookies:		<none>
Multiparts:		<none>
Body:			<none>
HTTP/1.1 200 OK
Date: Wed, 23 Jun 2021 05:01:12 GMT
Server: Apache/2.2.22 (Debian)
X-Powered-By: PHP/5.6.30-1~dotdeb+7.1
Content-Length: 1756
Keep-Alive: timeout=5, max=100
Connection: Keep-Alive
Content-Type: application/json

{
    "level": null,
    "height": null,
    "phone_number": null,
    "device_id": null,
    "user_uuid": "0669f8a3-d3e0-11eb-a",
    "first_name": "Erased",
    "last_name": "Caramel",
    "followers_cnt": "0",
    "following_cnt": "0",
    "type": "user",
    "country": null,
    "city": null,
    "location": "",
    "age": 0,
    "user_name": "erasedcaramel89",
    "email": "freez+700@wishitest.me150464",
    "campaign": null,
    "birthday_permission": [
        ""
    ],
    "birthday": null,
    "push_notification_types": "like_outfit,like_outfit_you_styled,following_you,styled_you,sent_you_feedback,kept_your_outfit,commented_outfit,commented_outfit_you_styled,commented_item,commented_comment,like_item,passed_on_your_outfit,requested_styling",
    "gender": null,
    "is_admin": false,
    "first_booking": true,
    "bookings_count": "0",
    "isAppInstalled": false,
    "has_payment_method": false,
    "picture_large": "",
    "picture_normal": "",
    "picture_small": "",
    "picture_medium": "",
    "user_photos_count": "0",
    "has_password": true,
    "is_stylist": 0,
    "keeps_cnt": 0,
    "tags": [
        
    ],
    "style_tags": [
        
    ],
    "notifications": {
        "like_outfit": 1,
        "like_outfit_you_styled": 1,
        "following_you": 1,
        "styled_you": 1,
        "sent_you_feedback": 1,
        "kept_your_outfit": 1,
        "commented_outfit": 1,
        "commented_outfit_you_styled": 1,
        "commented_item": 1,
        "commented_comment": 1,
        "like_item": 1,
        "passed_on_your_outfit": 1,
        "requested_styling": 1
    },
    "push_notifications": {
        "like_outfit": 1,
        "like_outfit_you_styled": 1,
        "following_you": 1,
        "styled_you": 1,
        "sent_you_feedback": 1,
        "kept_your_outfit": 1,
        "commented_outfit": 1,
        "commented_outfit_you_styled": 1,
        "commented_item": 1,
        "commented_comment": 1,
        "like_item": 1,
        "passed_on_your_outfit": 1,
        "requested_styling": 1
    },
    "brand": null,
    "stylist_level": null,
    "brands_level": null,
    "has_active_sessions": false,
    "session_with_incomplete_quiz": null,
    "channel_with_incomplete_quiz": null,
    "has_vip_sessions": false,
    "counters": {
        "closet": 10,
        "looks": 3,
        "collections": 5,
        "cart": 7
    }
}
Test Successfully Finished  CreateUser
]]></system-out>
  </testcase>
</testsuite>