<?xml version="1.0" encoding="UTF-8"?>
<!-- Generated by org.testng.reporters.JUnitReportReporter -->
<testsuite hostname="yinons-MacBook-Pro-2.local" failures="0" tests="7" name="TestsObjects.LoginTest" time="8.653" errors="0" timestamp="2021-05-02T23:44:59 IDT" skipped="0">
  <testcase classname="TestsObjects.LoginTest" name="FillPasswordWithOutToFillEmail" time="1.522"/>
  <system-out/>
  <testcase classname="TestsObjects.LoginTest" name="FillEmailWithOutToFillPassword" time="0.676"/>
  <system-out/>
  <testcase classname="TestsObjects.LoginTest" name="ClickLoginwWithOutToFillAnyFields" time="0.540"/>
  <system-out/>
  <testcase classname="TestsObjects.LoginTest" name="FillCorrectEmailWithWrongPassword" time="1.765"/>
  <system-out/>
  <testcase classname="TestsObjects.LoginTest" name="FillCorrectPasswordWithWrongEmail" time="1.254"/>
  <system-out/>
  <testcase classname="TestsObjects.LoginTest" name="FillHebLettersEmail" time="1.268"/>
  <system-out/>
  <testcase classname="TestsObjects.LoginTest" name="DoLogin" time="1.628"/>
  <system-out/>
</testsuite> <!-- TestsObjects.LoginTest -->
