<?xml version="1.0" encoding="UTF-8"?>
<!-- Generated by org.testng.reporters.JUnitReportReporter -->
<testsuite hostname="yinons-MacBook-Pro-2.local" failures="0" tests="10" name="TestsObjects.SignUpTest" time="28.320" errors="0" timestamp="2021-05-02T15:10:19 IDT" skipped="0">
  <testcase classname="TestsObjects.SignUpTest" name="FillEmailWitoutShtudel" time="2.312"/>
  <system-out/>
  <testcase classname="TestsObjects.SignUpTest" name="FillEmailWithoutDotCom" time="3.523"/>
  <system-out/>
  <testcase classname="TestsObjects.SignUpTest" name="FillPsswordWithLessthan6Characters" time="1.646"/>
  <system-out/>
  <testcase classname="TestsObjects.SignUpTest" name="FillMailWithSpecialCarecters" time="1.817"/>
  <system-out/>
  <testcase classname="TestsObjects.SignUpTest" name="FillMailWithHebrewCarecters" time="2.394"/>
  <system-out/>
  <testcase classname="TestsObjects.SignUpTest" name="FillNameWithSpecialCarecters" time="1.674"/>
  <system-out/>
  <testcase classname="TestsObjects.SignUpTest" name="FillNameWithHebrewCarecters" time="3.322"/>
  <system-out/>
  <testcase classname="TestsObjects.SignUpTest" name="FillNameWithOutLastName" time="1.781"/>
  <system-out/>
  <testcase classname="TestsObjects.SignUpTest" name="DoSignUp" time="3.842"/>
  <system-out/>
  <testcase classname="TestsObjects.SignUpTest" name="CreateUser" time="6.009"/>
  <system-out/>
</testsuite> <!-- TestsObjects.SignUpTest -->
