<?xml version="1.0" encoding="UTF-8"?>
<!-- Generated by org.testng.reporters.JUnitReportReporter -->
<testsuite hostname="yinons-MacBook-Pro-2.local" failures="0" tests="6" name="TestsObjects.LoginTest" time="7.626" errors="0" timestamp="2021-04-30T16:04:40 IDT" skipped="0">
  <testcase classname="TestsObjects.LoginTest" name="FillPasswordWithOutToFillEmail" time="0.993"/>
  <system-out/>
  <testcase classname="TestsObjects.LoginTest" name="FillEmailWithOutToFillPassword" time="0.831"/>
  <system-out/>
  <testcase classname="TestsObjects.LoginTest" name="ClickLoginwWithOutToFillAnyFields" time="0.698"/>
  <system-out/>
  <testcase classname="TestsObjects.LoginTest" name="FillCorrectEmailWithWrongPassword" time="1.814"/>
  <system-out/>
  <testcase classname="TestsObjects.LoginTest" name="FillCorrectPasswordWithWrongEmail" time="1.400"/>
  <system-out/>
  <testcase classname="TestsObjects.LoginTest" name="DoLogin" time="1.890"/>
  <system-out/>
</testsuite> <!-- TestsObjects.LoginTest -->
