<?xml version="1.0" encoding="UTF-8"?>
<!-- Generated by org.testng.reporters.JUnitReportReporter -->
<testsuite hostname="yinons-MacBook-Pro-2.local" failures="0" tests="9" name="TestsObjects.BuyItemByExistUserFromCart" time="27.468" errors="0" timestamp="2021-08-15T22:59:06 IDT" skipped="0">
  <testcase classname="TestsObjects.BuyItemByExistUserFromCart" name="DoLogin" time="2.159"/>
  <system-out/>
  <testcase classname="TestsObjects.BuyItemByExistUserFromCart" name="SelectLook" time="1.655"/>
  <system-out/>
  <testcase classname="TestsObjects.BuyItemByExistUserFromCart" name="SelectItem" time="5.522"/>
  <system-out/>
  <testcase classname="TestsObjects.BuyItemByExistUserFromCart" name="SelectSize" time="4.087"/>
  <system-out/>
  <testcase classname="TestsObjects.BuyItemByExistUserFromCart" name="ValidateDetails" time="0.115"/>
  <system-out/>
  <testcase classname="TestsObjects.BuyItemByExistUserFromCart" name="PlaceOreder" time="7.729"/>
  <system-out/>
  <testcase classname="TestsObjects.BuyItemByExistUserFromCart" name="SelectSizenextitem" time="3.779"/>
  <system-out/>
  <testcase classname="TestsObjects.BuyItemByExistUserFromCart" name="ValidateDetailsnextItem" time="0.108"/>
  <system-out/>
  <testcase classname="TestsObjects.BuyItemByExistUserFromCart" name="PlaceOrederNextItem" time="2.314"/>
  <system-out/>
</testsuite> <!-- TestsObjects.BuyItemByExistUserFromCart -->
