<?xml version="1.0" encoding="UTF-8"?>
<!-- Generated by org.testng.reporters.JUnitReportReporter -->
<testsuite hostname="yinons-MacBook-Pro-2.local" failures="0" tests="8" name="TestsObjects.BookGiftCardTest" time="15.552" errors="0" timestamp="2021-08-15T22:59:06 IDT" skipped="0">
  <testcase classname="TestsObjects.BookGiftCardTest" name="DoSignUp" time="3.396"/>
  <system-out/>
  <testcase classname="TestsObjects.BookGiftCardTest" name="SelectFamale" time="0.721"/>
  <system-out/>
  <testcase classname="TestsObjects.BookGiftCardTest" name="SelectBodytype" time="0.509"/>
  <system-out/>
  <testcase classname="TestsObjects.BookGiftCardTest" name="SelctStyle" time="1.401"/>
  <system-out/>
  <testcase classname="TestsObjects.BookGiftCardTest" name="SelectBrands" time="2.163"/>
  <system-out/>
  <testcase classname="TestsObjects.BookGiftCardTest" name="SerchStylist" time="2.861"/>
  <system-out/>
  <testcase classname="TestsObjects.BookGiftCardTest" name="SelectGift" time="1.265"/>
  <system-out/>
  <testcase classname="TestsObjects.BookGiftCardTest" name="CheckOut" time="3.236"/>
  <system-out/>
</testsuite> <!-- TestsObjects.BookGiftCardTest -->
