<?xml version="1.0" encoding="UTF-8"?>
<!-- Generated by org.testng.reporters.JUnitReportReporter -->
<testsuite hostname="yinons-MacBook-Pro-2.local" failures="0" tests="4" name="TestsObjects.BookingsMajorSubscriptionTests" time="8.517" errors="0" timestamp="2021-08-15T22:59:06 IDT" skipped="0">
  <testcase classname="TestsObjects.BookingsMajorSubscriptionTests" name="DoLogin" time="1.858"/>
  <system-out/>
  <testcase classname="TestsObjects.BookingsMajorSubscriptionTests" name="SerchStylist" time="3.051"/>
  <system-out/>
  <testcase classname="TestsObjects.BookingsMajorSubscriptionTests" name="BookStylist" time="2.919"/>
  <system-out/>
  <testcase classname="TestsObjects.BookingsMajorSubscriptionTests" name="CheckOut" time="0.689"/>
  <system-out/>
</testsuite> <!-- TestsObjects.BookingsMajorSubscriptionTests -->
