<?xml version="1.0" encoding="UTF-8"?>
<!-- Generated by org.testng.reporters.JUnitReportReporter -->
<testsuite hostname="yinons-MacBook-Pro-2.local" failures="0" tests="4" name="TestsObjects.BookingsMiniSabscriptionTests" time="8.788" errors="0" timestamp="2021-08-15T22:59:06 IDT" skipped="0">
  <testcase classname="TestsObjects.BookingsMiniSabscriptionTests" name="DoLogin" time="2.100"/>
  <system-out/>
  <testcase classname="TestsObjects.BookingsMiniSabscriptionTests" name="SerchStylist" time="2.941"/>
  <system-out/>
  <testcase classname="TestsObjects.BookingsMiniSabscriptionTests" name="BookStylist" time="3.058"/>
  <system-out/>
  <testcase classname="TestsObjects.BookingsMiniSabscriptionTests" name="CheckOut" time="0.689"/>
  <system-out/>
</testsuite> <!-- TestsObjects.BookingsMiniSabscriptionTests -->
