<?xml version="1.0" encoding="UTF-8"?>
<!-- Generated by org.testng.reporters.JUnitReportReporter -->
<testsuite hostname="yinons-MacBook-Pro-2.local" failures="0" tests="2" name="TestsObjects.LoginTest" time="1.702" errors="0" timestamp="2021-04-06T19:40:01 IDT" skipped="0">
  <testcase classname="TestsObjects.LoginTest" name="FillPasswordWithOutToFillEmail" time="1.118"/>
  <system-out/>
  <testcase classname="TestsObjects.LoginTest" name="FillEmailWithOutToFillPassword" time="0.584"/>
  <system-out/>
</testsuite> <!-- TestsObjects.LoginTest -->
