<?xml version="1.0" encoding="UTF-8"?>
<!-- Generated by org.testng.reporters.JUnitReportReporter -->
<testsuite hostname="yinons-MacBook-Pro-2.local" failures="0" tests="7" name="TestsObjects.LoginTest" time="8.984" errors="0" timestamp="2021-06-21T17:49:01 IDT" skipped="0">
  <testcase classname="TestsObjects.LoginTest" name="FillPasswordWithOutToFillEmail" time="0.617"/>
  <system-out/>
  <testcase classname="TestsObjects.LoginTest" name="FillEmailWithOutToFillPassword" time="0.502"/>
  <system-out/>
  <testcase classname="TestsObjects.LoginTest" name="ClickLoginwWithOutToFillAnyFields" time="0.376"/>
  <system-out/>
  <testcase classname="TestsObjects.LoginTest" name="FillCorrectEmailWithWrongPassword" time="2.430"/>
  <system-out/>
  <testcase classname="TestsObjects.LoginTest" name="FillCorrectPasswordWithWrongEmail" time="1.709"/>
  <system-out/>
  <testcase classname="TestsObjects.LoginTest" name="FillHebLettersEmail" time="1.716"/>
  <system-out/>
  <testcase classname="TestsObjects.LoginTest" name="DoLogin" time="1.634"/>
  <system-out/>
</testsuite> <!-- TestsObjects.LoginTest -->
