<?xml version="1.0" encoding="UTF-8"?>
<!-- Generated by org.testng.reporters.JUnitReportReporter -->
<testsuite hostname="yinons-MacBook-Pro-2.local" failures="0" tests="8" name="TestsObjects.BookingsMajorNewUserTests" time="18.254" errors="0" timestamp="2021-08-15T22:59:06 IDT" skipped="0">
  <testcase classname="TestsObjects.BookingsMajorNewUserTests" name="DoSignUp" time="3.648"/>
  <system-out/>
  <testcase classname="TestsObjects.BookingsMajorNewUserTests" name="SelectFamale" time="0.707"/>
  <system-out/>
  <testcase classname="TestsObjects.BookingsMajorNewUserTests" name="SelectBodytype" time="0.459"/>
  <system-out/>
  <testcase classname="TestsObjects.BookingsMajorNewUserTests" name="SelctStyle" time="1.850"/>
  <system-out/>
  <testcase classname="TestsObjects.BookingsMajorNewUserTests" name="SelectBrands" time="2.050"/>
  <system-out/>
  <testcase classname="TestsObjects.BookingsMajorNewUserTests" name="SerchStylist" time="2.979"/>
  <system-out/>
  <testcase classname="TestsObjects.BookingsMajorNewUserTests" name="BookStylist" time="3.031"/>
  <system-out/>
  <testcase classname="TestsObjects.BookingsMajorNewUserTests" name="CheckOut" time="3.530"/>
  <system-out/>
</testsuite> <!-- TestsObjects.BookingsMajorNewUserTests -->
