<?xml version="1.0" encoding="UTF-8"?>
<!-- Generated by org.testng.reporters.JUnitReportReporter -->
<testsuite hostname="yinons-MacBook-Pro-2.local" failures="0" tests="7" name="TestsObjects.LoginTest" time="9.748" errors="0" timestamp="2021-05-18T23:52:49 IDT" skipped="0">
  <testcase classname="TestsObjects.LoginTest" name="FillPasswordWithOutToFillEmail" time="0.933"/>
  <system-out/>
  <testcase classname="TestsObjects.LoginTest" name="FillEmailWithOutToFillPassword" time="0.618"/>
  <system-out/>
  <testcase classname="TestsObjects.LoginTest" name="ClickLoginwWithOutToFillAnyFields" time="0.716"/>
  <system-out/>
  <testcase classname="TestsObjects.LoginTest" name="FillCorrectEmailWithWrongPassword" time="1.851"/>
  <system-out/>
  <testcase classname="TestsObjects.LoginTest" name="FillCorrectPasswordWithWrongEmail" time="2.133"/>
  <system-out/>
  <testcase classname="TestsObjects.LoginTest" name="FillHebLettersEmail" time="1.831"/>
  <system-out/>
  <testcase classname="TestsObjects.LoginTest" name="DoLogin" time="1.666"/>
  <system-out/>
</testsuite> <!-- TestsObjects.LoginTest -->
