<?xml version="1.0" encoding="UTF-8"?>
<!-- Generated by org.testng.reporters.JUnitReportReporter -->
<testsuite hostname="yinons-MacBook-Pro-2.local" failures="0" tests="5" name="TestsObjects.OnBoardingFemaleTest" time="9.290" errors="0" timestamp="2021-08-15T22:59:06 IDT" skipped="0">
  <testcase classname="TestsObjects.OnBoardingFemaleTest" name="DoSignUp" time="3.639"/>
  <system-out/>
  <testcase classname="TestsObjects.OnBoardingFemaleTest" name="SelectFamale" time="0.929"/>
  <system-out/>
  <testcase classname="TestsObjects.OnBoardingFemaleTest" name="SelectBodytype" time="0.942"/>
  <system-out/>
  <testcase classname="TestsObjects.OnBoardingFemaleTest" name="SelctStyle" time="2.199"/>
  <system-out/>
  <testcase classname="TestsObjects.OnBoardingFemaleTest" name="SelectBrands" time="1.581"/>
  <system-out/>
</testsuite> <!-- TestsObjects.OnBoardingFemaleTest -->
