<?xml version="1.0" encoding="UTF-8"?>
<!-- Generated by org.testng.reporters.JUnitReportReporter -->
<testsuite hostname="yinons-MacBook-Pro-2.local" failures="0" tests="6" name="TestsObjects.BuyItemByExistUserEditCC" time="12.759" errors="0" timestamp="2021-08-15T22:59:06 IDT" skipped="0">
  <testcase classname="TestsObjects.BuyItemByExistUserEditCC" name="DoLogin" time="2.082"/>
  <system-out/>
  <testcase classname="TestsObjects.BuyItemByExistUserEditCC" name="SelectLook" time="1.652"/>
  <system-out/>
  <testcase classname="TestsObjects.BuyItemByExistUserEditCC" name="SelectItem" time="2.269"/>
  <system-out/>
  <testcase classname="TestsObjects.BuyItemByExistUserEditCC" name="SelectSize" time="2.261"/>
  <system-out/>
  <testcase classname="TestsObjects.BuyItemByExistUserEditCC" name="ValidateDetails" time="0.150"/>
  <system-out/>
  <testcase classname="TestsObjects.BuyItemByExistUserEditCC" name="PlaceOreder" time="4.345"/>
  <system-out/>
</testsuite> <!-- TestsObjects.BuyItemByExistUserEditCC -->
