<?xml version="1.0" encoding="UTF-8"?>
<!-- Generated by org.testng.reporters.JUnitReportReporter -->
<testsuite hostname="yinons-MacBook-Pro-2.local" failures="0" tests="8" name="TestsObjects.BookingsMiniNewUserTests" time="18.104" errors="0" timestamp="2021-08-15T22:59:06 IDT" skipped="0">
  <testcase classname="TestsObjects.BookingsMiniNewUserTests" name="DoSignUp" time="3.652"/>
  <system-out/>
  <testcase classname="TestsObjects.BookingsMiniNewUserTests" name="SelectFamale" time="0.749"/>
  <system-out/>
  <testcase classname="TestsObjects.BookingsMiniNewUserTests" name="SelectBodytype" time="0.525"/>
  <system-out/>
  <testcase classname="TestsObjects.BookingsMiniNewUserTests" name="SelctStyle" time="1.914"/>
  <system-out/>
  <testcase classname="TestsObjects.BookingsMiniNewUserTests" name="SelectBrands" time="2.012"/>
  <system-out/>
  <testcase classname="TestsObjects.BookingsMiniNewUserTests" name="SerchStylist" time="2.850"/>
  <system-out/>
  <testcase classname="TestsObjects.BookingsMiniNewUserTests" name="BookStylist" time="3.053"/>
  <system-out/>
  <testcase classname="TestsObjects.BookingsMiniNewUserTests" name="CheckOut" time="3.349"/>
  <system-out/>
</testsuite> <!-- TestsObjects.BookingsMiniNewUserTests -->
