<?xml version="1.0" encoding="UTF-8"?>
<!-- Generated by org.testng.reporters.JUnitReportReporter -->
<testsuite hostname="yinons-MacBook-Pro-2.local" failures="0" tests="5" name="TestsObjects.ReversOnBoardingFemaleTest" time="8.991" errors="0" timestamp="2021-08-15T22:59:06 IDT" skipped="0">
  <testcase classname="TestsObjects.ReversOnBoardingFemaleTest" name="SelectFamale" time="1.541"/>
  <system-out/>
  <testcase classname="TestsObjects.ReversOnBoardingFemaleTest" name="SelectBodytype" time="0.747"/>
  <system-out/>
  <testcase classname="TestsObjects.ReversOnBoardingFemaleTest" name="SelctStyle" time="2.628"/>
  <system-out/>
  <testcase classname="TestsObjects.ReversOnBoardingFemaleTest" name="SelectBrands" time="1.052"/>
  <system-out/>
  <testcase classname="TestsObjects.ReversOnBoardingFemaleTest" name="DoSignUp" time="3.023"/>
  <system-out/>
</testsuite> <!-- TestsObjects.ReversOnBoardingFemaleTest -->
