<?xml version="1.0" encoding="UTF-8"?>
<!-- Generated by org.testng.reporters.JUnitReportReporter -->
<testsuite hostname="yinons-MacBook-Pro-2.local" failures="0" tests="14" name="TestsObjects.BuyItemByNewUserFromCart" time="51.512" errors="0" timestamp="2021-08-15T22:59:06 IDT" skipped="0">
  <testcase classname="TestsObjects.BuyItemByNewUserFromCart" name="openFeed" time="0.192"/>
  <system-out/>
  <testcase classname="TestsObjects.BuyItemByNewUserFromCart" name="SelectLook" time="1.746"/>
  <system-out/>
  <testcase classname="TestsObjects.BuyItemByNewUserFromCart" name="DoSignUp" time="3.265"/>
  <system-out/>
  <testcase classname="TestsObjects.BuyItemByNewUserFromCart" name="SelectFamale" time="0.694"/>
  <system-out/>
  <testcase classname="TestsObjects.BuyItemByNewUserFromCart" name="SelectBodytype" time="0.493"/>
  <system-out/>
  <testcase classname="TestsObjects.BuyItemByNewUserFromCart" name="SelctStyle" time="1.381"/>
  <system-out/>
  <testcase classname="TestsObjects.BuyItemByNewUserFromCart" name="SelectBrands" time="2.127"/>
  <system-out/>
  <testcase classname="TestsObjects.BuyItemByNewUserFromCart" name="SelectItem" time="7.036"/>
  <system-out/>
  <testcase classname="TestsObjects.BuyItemByNewUserFromCart" name="SelectSize" time="3.875"/>
  <system-out/>
  <testcase classname="TestsObjects.BuyItemByNewUserFromCart" name="FillDetails" time="13.743"/>
  <system-out/>
  <testcase classname="TestsObjects.BuyItemByNewUserFromCart" name="PlaceOreder" time="10.658"/>
  <system-out/>
  <testcase classname="TestsObjects.BuyItemByNewUserFromCart" name="SelectSizenextitem" time="3.887"/>
  <system-out/>
  <testcase classname="TestsObjects.BuyItemByNewUserFromCart" name="ValidateDetailsnextItem" time="0.099"/>
  <system-out/>
  <testcase classname="TestsObjects.BuyItemByNewUserFromCart" name="PlaceOrederNextItem" time="2.316"/>
  <system-out/>
</testsuite> <!-- TestsObjects.BuyItemByNewUserFromCart -->
