<?xml version="1.0" encoding="UTF-8"?>
<!-- Generated by org.testng.reporters.JUnitReportReporter -->
<testsuite hostname="yinons-MacBook-Pro-2.local" failures="0" tests="7" name="TestsObjects.BuyItemByNewUser" time="28.961" errors="0" timestamp="2021-08-15T22:59:06 IDT" skipped="0">
  <testcase classname="TestsObjects.BuyItemByNewUser" name="OpenFeed" time="0.204"/>
  <system-out/>
  <testcase classname="TestsObjects.BuyItemByNewUser" name="SelectLook" time="1.724"/>
  <system-out/>
  <testcase classname="TestsObjects.BuyItemByNewUser" name="SelectItem" time="2.257"/>
  <system-out/>
  <testcase classname="TestsObjects.BuyItemByNewUser" name="SelectSize" time="1.814"/>
  <system-out/>
  <testcase classname="TestsObjects.BuyItemByNewUser" name="Signup" time="4.277"/>
  <system-out/>
  <testcase classname="TestsObjects.BuyItemByNewUser" name="FillDetails" time="13.519"/>
  <system-out/>
  <testcase classname="TestsObjects.BuyItemByNewUser" name="PlaceOreder" time="5.166"/>
  <system-out/>
</testsuite> <!-- TestsObjects.BuyItemByNewUser -->
