<?xml version="1.0" encoding="UTF-8"?>
<!-- Generated by org.testng.reporters.JUnitReportReporter -->
<testsuite hostname="yinons-MacBook-Pro-2.local" failures="0" tests="4" name="TestsObjects.ReversOnBoardingMaleTest" time="7.444" errors="0" timestamp="2021-08-15T22:59:06 IDT" skipped="0">
  <testcase classname="TestsObjects.ReversOnBoardingMaleTest" name="SelectMale" time="1.538"/>
  <system-out/>
  <testcase classname="TestsObjects.ReversOnBoardingMaleTest" name="SelctStyle" time="1.663"/>
  <system-out/>
  <testcase classname="TestsObjects.ReversOnBoardingMaleTest" name="SelectBrands" time="1.281"/>
  <system-out/>
  <testcase classname="TestsObjects.ReversOnBoardingMaleTest" name="DoSignUp" time="2.962"/>
  <system-out/>
</testsuite> <!-- TestsObjects.ReversOnBoardingMaleTest -->
