<?xml version="1.0" encoding="UTF-8"?>
<!-- Generated by org.testng.reporters.JUnitReportReporter -->
<testsuite hostname="yinons-MacBook-Pro-2.local" failures="0" tests="8" name="TestsObjects.BookingsMajorNewUserSubscriptionTests" time="16.044" errors="0" timestamp="2021-08-15T22:59:06 IDT" skipped="0">
  <testcase classname="TestsObjects.BookingsMajorNewUserSubscriptionTests" name="DoSignUp" time="3.119"/>
  <system-out/>
  <testcase classname="TestsObjects.BookingsMajorNewUserSubscriptionTests" name="SelectFamale" time="0.834"/>
  <system-out/>
  <testcase classname="TestsObjects.BookingsMajorNewUserSubscriptionTests" name="SelectBodytype" time="0.520"/>
  <system-out/>
  <testcase classname="TestsObjects.BookingsMajorNewUserSubscriptionTests" name="SelctStyle" time="1.943"/>
  <system-out/>
  <testcase classname="TestsObjects.BookingsMajorNewUserSubscriptionTests" name="SelectBrands" time="2.147"/>
  <system-out/>
  <testcase classname="TestsObjects.BookingsMajorNewUserSubscriptionTests" name="SerchStylist" time="2.863"/>
  <system-out/>
  <testcase classname="TestsObjects.BookingsMajorNewUserSubscriptionTests" name="BookStylist" time="3.112"/>
  <system-out/>
  <testcase classname="TestsObjects.BookingsMajorNewUserSubscriptionTests" name="CheckOut" time="1.506"/>
  <system-out/>
</testsuite> <!-- TestsObjects.BookingsMajorNewUserSubscriptionTests -->
