<?xml version="1.0" encoding="UTF-8"?>
<!-- Generated by org.testng.reporters.JUnitReportReporter -->
<testsuite hostname="yinons-MacBook-Pro-2.local" failures="0" tests="5" name="TestsObjects.ReversOnBoardingNaturalTest" time="10.685" errors="0" timestamp="2021-08-15T22:59:06 IDT" skipped="0">
  <testcase classname="TestsObjects.ReversOnBoardingNaturalTest" name="SelectNatural" time="1.672"/>
  <system-out/>
  <testcase classname="TestsObjects.ReversOnBoardingNaturalTest" name="SelectBodytype" time="0.771"/>
  <system-out/>
  <testcase classname="TestsObjects.ReversOnBoardingNaturalTest" name="SelctStyle" time="3.699"/>
  <system-out/>
  <testcase classname="TestsObjects.ReversOnBoardingNaturalTest" name="SelectBrands" time="1.679"/>
  <system-out/>
  <testcase classname="TestsObjects.ReversOnBoardingNaturalTest" name="DoSignUp" time="2.864"/>
  <system-out/>
</testsuite> <!-- TestsObjects.ReversOnBoardingNaturalTest -->
