<?xml version="1.0" encoding="UTF-8"?>
<!-- Generated by org.testng.reporters.JUnitReportReporter -->
<testsuite hostname="yinons-MacBook-Pro-2.local" failures="0" tests="7" name="TestsObjects.LoginTest" time="8.198" errors="0" timestamp="2021-06-23T08:01:12 IDT" skipped="0">
  <testcase classname="TestsObjects.LoginTest" name="FillPasswordWithOutToFillEmail" time="0.628"/>
  <system-out/>
  <testcase classname="TestsObjects.LoginTest" name="FillEmailWithOutToFillPassword" time="0.417"/>
  <system-out/>
  <testcase classname="TestsObjects.LoginTest" name="ClickLoginwWithOutToFillAnyFields" time="0.463"/>
  <system-out/>
  <testcase classname="TestsObjects.LoginTest" name="FillCorrectEmailWithWrongPassword" time="1.764"/>
  <system-out/>
  <testcase classname="TestsObjects.LoginTest" name="FillCorrectPasswordWithWrongEmail" time="1.672"/>
  <system-out/>
  <testcase classname="TestsObjects.LoginTest" name="FillHebLettersEmail" time="1.677"/>
  <system-out/>
  <testcase classname="TestsObjects.LoginTest" name="DoLogin" time="1.577"/>
  <system-out/>
</testsuite> <!-- TestsObjects.LoginTest -->
