<?xml version="1.0" encoding="UTF-8"?>
<!-- Generated by org.testng.reporters.JUnitReportReporter -->
<testsuite hostname="yinons-MacBook-Pro-2.local" failures="0" tests="5" name="TestsObjects.OnBoardingNaturalTest" time="10.289" errors="0" timestamp="2021-08-15T22:59:06 IDT" skipped="0">
  <testcase classname="TestsObjects.OnBoardingNaturalTest" name="DoSignUp" time="3.613"/>
  <system-out/>
  <testcase classname="TestsObjects.OnBoardingNaturalTest" name="SelectNatural" time="1.421"/>
  <system-out/>
  <testcase classname="TestsObjects.OnBoardingNaturalTest" name="SelectBodytype" time="0.746"/>
  <system-out/>
  <testcase classname="TestsObjects.OnBoardingNaturalTest" name="SelctStyle" time="2.932"/>
  <system-out/>
  <testcase classname="TestsObjects.OnBoardingNaturalTest" name="SelectBrands" time="1.577"/>
  <system-out/>
</testsuite> <!-- TestsObjects.OnBoardingNaturalTest -->
