<?xml version="1.0" encoding="UTF-8"?>
<!-- Generated by org.testng.reporters.JUnitReportReporter -->
<testsuite hostname="yinons-MacBook-Pro-2.local" failures="0" tests="8" name="TestsObjects.BookingsCONewUserTests" time="16.823" errors="0" timestamp="2021-08-15T22:59:06 IDT" skipped="0">
  <testcase classname="TestsObjects.BookingsCONewUserTests" name="DoSignUp" time="3.622"/>
  <system-out/>
  <testcase classname="TestsObjects.BookingsCONewUserTests" name="SelectFamale" time="0.735"/>
  <system-out/>
  <testcase classname="TestsObjects.BookingsCONewUserTests" name="SelectBodytype" time="0.504"/>
  <system-out/>
  <testcase classname="TestsObjects.BookingsCONewUserTests" name="SelctStyle" time="1.976"/>
  <system-out/>
  <testcase classname="TestsObjects.BookingsCONewUserTests" name="SelectBrands" time="2.021"/>
  <system-out/>
  <testcase classname="TestsObjects.BookingsCONewUserTests" name="SerchStylist" time="2.924"/>
  <system-out/>
  <testcase classname="TestsObjects.BookingsCONewUserTests" name="BookStylist" time="2.901"/>
  <system-out/>
  <testcase classname="TestsObjects.BookingsCONewUserTests" name="CheckOut" time="2.140"/>
  <system-out/>
</testsuite> <!-- TestsObjects.BookingsCONewUserTests -->
