<?xml version="1.0" encoding="UTF-8"?>
<!-- Generated by org.testng.reporters.JUnitReportReporter -->
<testsuite hostname="yinons-MacBook-Pro-2.local" failures="0" tests="6" name="TestsObjects.BuyItemByExistUserSavedDetailedAndCC" time="10.942" errors="0" timestamp="2021-08-15T22:59:06 IDT" skipped="0">
  <testcase classname="TestsObjects.BuyItemByExistUserSavedDetailedAndCC" name="DoLogin" time="1.898"/>
  <system-out/>
  <testcase classname="TestsObjects.BuyItemByExistUserSavedDetailedAndCC" name="SelectLook" time="1.653"/>
  <system-out/>
  <testcase classname="TestsObjects.BuyItemByExistUserSavedDetailedAndCC" name="SelectItem" time="2.764"/>
  <system-out/>
  <testcase classname="TestsObjects.BuyItemByExistUserSavedDetailedAndCC" name="SelectSize" time="2.197"/>
  <system-out/>
  <testcase classname="TestsObjects.BuyItemByExistUserSavedDetailedAndCC" name="ValidateDetails" time="0.118"/>
  <system-out/>
  <testcase classname="TestsObjects.BuyItemByExistUserSavedDetailedAndCC" name="PlaceOreder" time="2.312"/>
  <system-out/>
</testsuite> <!-- TestsObjects.BuyItemByExistUserSavedDetailedAndCC -->
