<?xml version="1.0" encoding="UTF-8"?>
<!-- Generated by org.testng.reporters.JUnitReportReporter -->
<testsuite hostname="yinons-MacBook-Pro-2.local" failures="0" tests="8" name="TestsObjects.BookingsCONewUserCCTests" time="15.757" errors="0" timestamp="2021-08-15T22:59:06 IDT" skipped="0">
  <testcase classname="TestsObjects.BookingsCONewUserCCTests" name="DoSignUp" time="3.133"/>
  <system-out/>
  <testcase classname="TestsObjects.BookingsCONewUserCCTests" name="SelectFamale" time="0.818"/>
  <system-out/>
  <testcase classname="TestsObjects.BookingsCONewUserCCTests" name="SelectBodytype" time="0.510"/>
  <system-out/>
  <testcase classname="TestsObjects.BookingsCONewUserCCTests" name="SelctStyle" time="1.885"/>
  <system-out/>
  <testcase classname="TestsObjects.BookingsCONewUserCCTests" name="SelectBrands" time="2.031"/>
  <system-out/>
  <testcase classname="TestsObjects.BookingsCONewUserCCTests" name="SerchStylist" time="2.857"/>
  <system-out/>
  <testcase classname="TestsObjects.BookingsCONewUserCCTests" name="BookStylist" time="3.139"/>
  <system-out/>
  <testcase classname="TestsObjects.BookingsCONewUserCCTests" name="CheckOut" time="1.384"/>
  <system-out/>
</testsuite> <!-- TestsObjects.BookingsCONewUserCCTests -->
