<?xml version="1.0" encoding="UTF-8"?>
<!-- Generated by org.testng.reporters.JUnitReportReporter -->
<testsuite hostname="yinons-MacBook-Pro-2.local" failures="0" tests="3" name="TestsObjects.LoginTest" time="2.005" errors="0" timestamp="2021-04-20T18:21:47 IDT" skipped="0">
  <testcase classname="TestsObjects.LoginTest" name="FillPasswordWithOutToFillEmail" time="0.921"/>
  <system-out/>
  <testcase classname="TestsObjects.LoginTest" name="FillEmailWithOutToFillPassword" time="0.627"/>
  <system-out/>
  <testcase classname="TestsObjects.LoginTest" name="ClickLoginwWithOutToFillAnyFields" time="0.457"/>
  <system-out/>
</testsuite> <!-- TestsObjects.LoginTest -->
