<?xml version="1.0" encoding="UTF-8"?>
<!-- Generated by org.testng.reporters.JUnitReportReporter -->
<testsuite hostname="yinons-MacBook-Pro-2.local" failures="0" tests="4" name="TestsObjects.BookingsMajorTests" time="12.006" errors="0" timestamp="2021-08-15T22:59:06 IDT" skipped="0">
  <testcase classname="TestsObjects.BookingsMajorTests" name="DoLogin" time="2.967"/>
  <system-out/>
  <testcase classname="TestsObjects.BookingsMajorTests" name="SerchStylist" time="3.246"/>
  <system-out/>
  <testcase classname="TestsObjects.BookingsMajorTests" name="BookStylist" time="3.098"/>
  <system-out/>
  <testcase classname="TestsObjects.BookingsMajorTests" name="CheckOut" time="2.695"/>
  <system-out/>
</testsuite> <!-- TestsObjects.BookingsMajorTests -->
