<?xml version="1.0" encoding="UTF-8"?>
<!-- Generated by org.testng.reporters.JUnitReportReporter -->
<testsuite hostname="yinons-MacBook-Pro-2.local" failures="0" tests="8" name="TestsObjects.BookingsMiniNewUserSubscriptionTests" time="15.508" errors="0" timestamp="2021-08-15T22:59:06 IDT" skipped="0">
  <testcase classname="TestsObjects.BookingsMiniNewUserSubscriptionTests" name="DoSignUp" time="3.089"/>
  <system-out/>
  <testcase classname="TestsObjects.BookingsMiniNewUserSubscriptionTests" name="SelectFamale" time="0.813"/>
  <system-out/>
  <testcase classname="TestsObjects.BookingsMiniNewUserSubscriptionTests" name="SelectBodytype" time="0.508"/>
  <system-out/>
  <testcase classname="TestsObjects.BookingsMiniNewUserSubscriptionTests" name="SelctStyle" time="1.897"/>
  <system-out/>
  <testcase classname="TestsObjects.BookingsMiniNewUserSubscriptionTests" name="SelectBrands" time="2.021"/>
  <system-out/>
  <testcase classname="TestsObjects.BookingsMiniNewUserSubscriptionTests" name="SerchStylist" time="2.866"/>
  <system-out/>
  <testcase classname="TestsObjects.BookingsMiniNewUserSubscriptionTests" name="BookStylist" time="2.833"/>
  <system-out/>
  <testcase classname="TestsObjects.BookingsMiniNewUserSubscriptionTests" name="CheckOut" time="1.481"/>
  <system-out/>
</testsuite> <!-- TestsObjects.BookingsMiniNewUserSubscriptionTests -->
