<?xml version="1.0" encoding="UTF-8"?>
<!-- Generated by org.testng.reporters.JUnitReportReporter -->
<testsuite hostname="yinons-MacBook-Pro-2.local" failures="0" tests="4" name="TestsObjects.BookingsCOTests" time="9.460" errors="0" timestamp="2021-08-15T22:59:06 IDT" skipped="0">
  <testcase classname="TestsObjects.BookingsCOTests" name="DoLogin" time="2.077"/>
  <system-out/>
  <testcase classname="TestsObjects.BookingsCOTests" name="SerchStylist" time="3.110"/>
  <system-out/>
  <testcase classname="TestsObjects.BookingsCOTests" name="BookStylist" time="3.134"/>
  <system-out/>
  <testcase classname="TestsObjects.BookingsCOTests" name="CheckOut" time="1.139"/>
  <system-out/>
</testsuite> <!-- TestsObjects.BookingsCOTests -->
