<?xml version="1.0" encoding="UTF-8"?>
<!-- Generated by org.testng.reporters.JUnitReportReporter -->
<testsuite hostname="yinons-MacBook-Pro-2.local" failures="0" tests="8" name="TestsObjects.BookGiftCardCustomTest" time="16.530" errors="0" timestamp="2021-08-15T22:59:06 IDT" skipped="0">
  <testcase classname="TestsObjects.BookGiftCardCustomTest" name="DoSignUp" time="3.558"/>
  <system-out/>
  <testcase classname="TestsObjects.BookGiftCardCustomTest" name="SelectFamale" time="0.888"/>
  <system-out/>
  <testcase classname="TestsObjects.BookGiftCardCustomTest" name="SelectBodytype" time="0.525"/>
  <system-out/>
  <testcase classname="TestsObjects.BookGiftCardCustomTest" name="SelctStyle" time="1.998"/>
  <system-out/>
  <testcase classname="TestsObjects.BookGiftCardCustomTest" name="SelectBrands" time="2.014"/>
  <system-out/>
  <testcase classname="TestsObjects.BookGiftCardCustomTest" name="SerchStylist" time="2.879"/>
  <system-out/>
  <testcase classname="TestsObjects.BookGiftCardCustomTest" name="SelectGift" time="1.428"/>
  <system-out/>
  <testcase classname="TestsObjects.BookGiftCardCustomTest" name="CheckOut" time="3.240"/>
  <system-out/>
</testsuite> <!-- TestsObjects.BookGiftCardCustomTest -->
