<?xml version="1.0" encoding="UTF-8"?>
<!-- Generated by org.testng.reporters.JUnitReportReporter -->
<testsuite hostname="yinons-MacBook-Pro-2.local" failures="0" tests="2" name="TestsObjects.LoginTest" time="2.258" errors="0" timestamp="2021-04-13T11:08:01 IDT" skipped="0">
  <testcase classname="TestsObjects.LoginTest" name="FillPasswordWithOutToFillEmail" time="1.405"/>
  <system-out/>
  <testcase classname="TestsObjects.LoginTest" name="FillEmailWithOutToFillPassword" time="0.853"/>
  <system-out/>
</testsuite> <!-- TestsObjects.LoginTest -->
