<?xml version="1.0" encoding="UTF-8"?>
<!-- Generated by org.testng.reporters.JUnitReportReporter -->
<testsuite hostname="yinons-MacBook-Pro-2.local" failures="0" tests="10" name="TestsObjects.SignUpTest" time="18.974" errors="0" timestamp="2021-08-15T22:59:06 IDT" skipped="0">
  <testcase classname="TestsObjects.SignUpTest" name="FillEmailWitoutShtudel" time="1.056"/>
  <system-out/>
  <testcase classname="TestsObjects.SignUpTest" name="FillEmailWithoutDotCom" time="2.277"/>
  <system-out/>
  <testcase classname="TestsObjects.SignUpTest" name="FillPsswordWithLessthan6Characters" time="1.160"/>
  <system-out/>
  <testcase classname="TestsObjects.SignUpTest" name="FillMailWithSpecialCarecters" time="1.117"/>
  <system-out/>
  <testcase classname="TestsObjects.SignUpTest" name="FillMailWithHebrewCarecters" time="1.590"/>
  <system-out/>
  <testcase classname="TestsObjects.SignUpTest" name="FillNameWithSpecialCarecters" time="1.016"/>
  <system-out/>
  <testcase classname="TestsObjects.SignUpTest" name="FillNameWithHebrewCarecters" time="2.010"/>
  <system-out/>
  <testcase classname="TestsObjects.SignUpTest" name="FillNameWithOutLastName" time="1.101"/>
  <system-out/>
  <testcase classname="TestsObjects.SignUpTest" name="DoSignUp" time="3.062"/>
  <system-out/>
  <testcase classname="TestsObjects.SignUpTest" name="CreateUser" time="4.585"/>
  <system-out/>
</testsuite> <!-- TestsObjects.SignUpTest -->
