<?xml version="1.0" encoding="UTF-8"?>
<!-- Generated by org.testng.reporters.JUnitReportReporter -->
<testsuite hostname="yinons-MacBook-Pro-2.local" failures="0" tests="4" name="TestsObjects.OnBoardingMaleTest" time="7.449" errors="0" timestamp="2021-08-15T22:59:06 IDT" skipped="0">
  <testcase classname="TestsObjects.OnBoardingMaleTest" name="DoSignUp" time="3.123"/>
  <system-out/>
  <testcase classname="TestsObjects.OnBoardingMaleTest" name="SelectFamale" time="0.979"/>
  <system-out/>
  <testcase classname="TestsObjects.OnBoardingMaleTest" name="SelctStyle" time="1.544"/>
  <system-out/>
  <testcase classname="TestsObjects.OnBoardingMaleTest" name="SelectBrands" time="1.803"/>
  <system-out/>
</testsuite> <!-- TestsObjects.OnBoardingMaleTest -->
