<?xml version="1.0" encoding="UTF-8"?>
<!-- Generated by org.testng.reporters.JUnitReportReporter -->
<testsuite hostname="yinons-MacBook-Pro-2.local" failures="0" tests="4" name="TestsObjects.BookingsMiniTests" time="10.839" errors="0" timestamp="2021-08-15T22:59:06 IDT" skipped="0">
  <testcase classname="TestsObjects.BookingsMiniTests" name="DoLogin" time="2.153"/>
  <system-out/>
  <testcase classname="TestsObjects.BookingsMiniTests" name="SerchStylist" time="3.095"/>
  <system-out/>
  <testcase classname="TestsObjects.BookingsMiniTests" name="BookStylist" time="3.138"/>
  <system-out/>
  <testcase classname="TestsObjects.BookingsMiniTests" name="CheckOut" time="2.453"/>
  <system-out/>
</testsuite> <!-- TestsObjects.BookingsMiniTests -->
