<?xml version="1.0" encoding="UTF-8"?>
<!-- Generated by org.testng.reporters.JUnitReportReporter -->
<testsuite hostname="yinons-MacBook-Pro-2.local" failures="0" tests="7" name="TestsObjects.LoginTest" time="16.895" errors="0" timestamp="2021-06-21T13:56:15 IDT" skipped="0">
  <testcase classname="TestsObjects.LoginTest" name="FillPasswordWithOutToFillEmail" time="3.721"/>
  <system-out/>
  <testcase classname="TestsObjects.LoginTest" name="FillEmailWithOutToFillPassword" time="1.988"/>
  <system-out/>
  <testcase classname="TestsObjects.LoginTest" name="ClickLoginwWithOutToFillAnyFields" time="0.974"/>
  <system-out/>
  <testcase classname="TestsObjects.LoginTest" name="FillCorrectEmailWithWrongPassword" time="2.298"/>
  <system-out/>
  <testcase classname="TestsObjects.LoginTest" name="FillCorrectPasswordWithWrongEmail" time="2.621"/>
  <system-out/>
  <testcase classname="TestsObjects.LoginTest" name="FillHebLettersEmail" time="2.468"/>
  <system-out/>
  <testcase classname="TestsObjects.LoginTest" name="DoLogin" time="2.825"/>
  <system-out/>
</testsuite> <!-- TestsObjects.LoginTest -->
