<?xml version="1.0" encoding="UTF-8"?>
<!-- Generated by org.testng.reporters.JUnitReportReporter -->
<testsuite hostname="yinons-MacBook-Pro-2.local" failures="0" tests="6" name="TestsObjects.BuyItemByExistUserEditDetailed" time="24.002" errors="0" timestamp="2021-08-15T22:59:06 IDT" skipped="0">
  <testcase classname="TestsObjects.BuyItemByExistUserEditDetailed" name="DoLogin" time="1.849"/>
  <system-out/>
  <testcase classname="TestsObjects.BuyItemByExistUserEditDetailed" name="SelectLook" time="1.657"/>
  <system-out/>
  <testcase classname="TestsObjects.BuyItemByExistUserEditDetailed" name="SelectItem" time="2.237"/>
  <system-out/>
  <testcase classname="TestsObjects.BuyItemByExistUserEditDetailed" name="SelectSize" time="2.243"/>
  <system-out/>
  <testcase classname="TestsObjects.BuyItemByExistUserEditDetailed" name="FillDetails" time="13.686"/>
  <system-out/>
  <testcase classname="TestsObjects.BuyItemByExistUserEditDetailed" name="PlaceOreder" time="2.330"/>
  <system-out/>
</testsuite> <!-- TestsObjects.BuyItemByExistUserEditDetailed -->
